#
# There is insufficient memory for the Java Runtime Environment to continue.
# Native memory allocation (malloc) failed to allocate 1595104 bytes. Error detail: Chunk::new
# Possible reasons:
#   The system is out of physical RAM or swap space
#   This process is running with CompressedOops enabled, and the Java Heap may be blocking the growth of the native heap
# Possible solutions:
#   Reduce memory load on the system
#   Increase physical memory or swap space
#   Check if swap backing store is full
#   Decrease Java heap size (-Xmx/-Xms)
#   Decrease number of Java threads
#   Decrease Java thread stack sizes (-Xss)
#   Set larger code cache with -XX:ReservedCodeCacheSize=
#   JVM is running with Unscaled Compressed Oops mode in which the Java heap is
#     placed in the first 4GB address space. The Java Heap base address is the
#     maximum limit for the native heap growth. Please use -XX:HeapBaseMinAddress
#     to set the Java Heap base and to place the Java Heap above 4GB virtual address.
# This output file may be truncated or incomplete.
#
#  Out of Memory Error (arena.cpp:168), pid=4744, tid=6620
#
# JRE version: OpenJDK Runtime Environment Temurin-21.0.8+9 (21.0.8+9) (build 21.0.8+9-LTS)
# Java VM: OpenJDK 64-Bit Server VM Temurin-21.0.8+9 (21.0.8+9-LTS, mixed mode, sharing, tiered, compressed oops, compressed class ptrs, parallel gc, windows-amd64)
# No core dump will be written. Minidumps are not enabled by default on client versions of Windows
#

---------------  S U M M A R Y ------------

Command Line: --add-modules=ALL-SYSTEM --add-opens=java.base/java.util=ALL-UNNAMED --add-opens=java.base/java.lang=ALL-UNNAMED --add-opens=java.base/sun.nio.fs=ALL-UNNAMED -Declipse.application=org.eclipse.jdt.ls.core.id1 -Dosgi.bundles.defaultStartLevel=4 -Declipse.product=org.eclipse.jdt.ls.core.product -Djava.import.generatesMetadataFilesAtProjectRoot=false -DDetectVMInstallationsJob.disabled=true -Dfile.encoding=utf8 -XX:+UseParallelGC -XX:GCTimeRatio=4 -XX:AdaptiveSizePolicyWeight=90 -Dsun.zip.disableMemoryMapping=true -Xmx2G -Xms100m -Xlog:disable -javaagent:c:\Users\IDEAPAD\.vscode\extensions\redhat.java-1.47.0-win32-x64\lombok\lombok-1.18.39-4050.jar -XX:+HeapDumpOnOutOfMemoryError -XX:HeapDumpPath=c:\Users\IDEAPAD\AppData\Roaming\Code\User\workspaceStorage\ef8eac353ddc2548c941ff37fcb9f241\redhat.java -Daether.dependencyCollector.impl=bf c:\Users\IDEAPAD\.vscode\extensions\redhat.java-1.47.0-win32-x64\server\plugins\org.eclipse.equinox.launcher_1.7.100.v20251014-1222.jar -configuration c:\Users\IDEAPAD\AppData\Roaming\Code\User\globalStorage\redhat.java\1.47.0\config_win -data c:\Users\IDEAPAD\AppData\Roaming\Code\User\workspaceStorage\ef8eac353ddc2548c941ff37fcb9f241\redhat.java\jdt_ws --pipe=\\.\pipe\lsp-64a56a1f7058c40fab0e1c38748e6866-sock

Host: 11th Gen Intel(R) Core(TM) i5-1135G7 @ 2.40GHz, 8 cores, 3G,  Windows 10 , 64 bit Build 19041 (10.0.19041.5794)
Time: Sat Nov 15 16:05:49 2025 Hora estándar central (México) elapsed time: 12.951081 seconds (0d 0h 0m 12s)

---------------  T H R E A D  ---------------

Current thread (0x00000202fd2a42d0):  JavaThread "C2 CompilerThread0" daemon [_thread_in_native, id=6620, stack(0x000000378b400000,0x000000378b500000) (1024K)]


Current CompileTask:
C2:12951 9332   !   4       org.eclipse.jdt.internal.core.search.indexing.BinaryIndexer::indexDocument (1172 bytes)

Stack: [0x000000378b400000,0x000000378b500000]
Native frames: (J=compiled Java code, j=interpreted, Vv=VM code, C=native code)
V  [jvm.dll+0x6d2449]
V  [jvm.dll+0x8ae341]
V  [jvm.dll+0x8b08be]
V  [jvm.dll+0x8b0fa3]
V  [jvm.dll+0x280c96]
V  [jvm.dll+0xc581d]
V  [jvm.dll+0xc5d53]
V  [jvm.dll+0x3b919c]
V  [jvm.dll+0x1e1213]
V  [jvm.dll+0x249022]
V  [jvm.dll+0x2484af]
V  [jvm.dll+0x1c89ee]
V  [jvm.dll+0x257d4d]
V  [jvm.dll+0x2562ea]
V  [jvm.dll+0x3f2d16]
V  [jvm.dll+0x857e6b]
V  [jvm.dll+0x6d0b0d]
C  [ucrtbase.dll+0x21bb2]
C  [KERNEL32.DLL+0x17374]
C  [ntdll.dll+0x4cc91]


---------------  P R O C E S S  ---------------

Threads class SMR info:
_java_thread_list=0x00000202c6380160, length=60, elements={
0x00000202e6809e50, 0x00000202fd268bc0, 0x00000202fd269e10, 0x00000202fd26d260,
0x00000202fd26e410, 0x00000202fd274320, 0x00000202fd2763f0, 0x00000202fd2a42d0,
0x00000202fd2a4a20, 0x00000202fd2749b0, 0x00000202fd276a80, 0x00000202fd275040,
0x00000202fd2756d0, 0x00000202fd277110, 0x00000202fd2777a0, 0x00000202fd275d60,
0x00000202ff3f84b0, 0x00000202ff3f6a70, 0x00000202ff3f7790, 0x00000202ff3f91d0,
0x00000202ff3fcce0, 0x00000202ff3fa580, 0x00000202ff3f63e0, 0x00000202ff3fbfc0,
0x00000202ff3fac10, 0x00000202ff3f7100, 0x00000202ff3f9860, 0x00000202ff3f8b40,
0x00000202ff3f7e20, 0x00000202ff3f9ef0, 0x00000202ff3fb2a0, 0x00000202ff3fb930,
0x00000202ff3fc650, 0x00000202ff3f5d50, 0x00000202ff3fd370, 0x00000202cee1c260,
0x00000202cee1c8f0, 0x00000202cee1a820, 0x00000202cee180c0, 0x00000202cee1aeb0,
0x00000202cee1dca0, 0x00000202cee1b540, 0x00000202cee1e330, 0x00000202cee1f050,
0x00000202cee1e9c0, 0x00000202cee1bbd0, 0x00000202cee19b00, 0x00000202cee1cf80,
0x00000202cee1f6e0, 0x00000202cee1d610, 0x00000202cee18750, 0x00000202cee18de0,
0x00000202cee19470, 0x00000202cee1a190, 0x00000202c5d46570, 0x00000202c5d48cd0,
0x00000202c5d47290, 0x00000202c5d499f0, 0x00000202c5d47920, 0x00000202c5d4a080
}

Java Threads: ( => current thread )
  0x00000202e6809e50 JavaThread "main"                              [_thread_blocked, id=10184, stack(0x000000378aa00000,0x000000378ab00000) (1024K)]
  0x00000202fd268bc0 JavaThread "Reference Handler"          daemon [_thread_blocked, id=3472, stack(0x000000378ae00000,0x000000378af00000) (1024K)]
  0x00000202fd269e10 JavaThread "Finalizer"                  daemon [_thread_blocked, id=12052, stack(0x000000378af00000,0x000000378b000000) (1024K)]
  0x00000202fd26d260 JavaThread "Signal Dispatcher"          daemon [_thread_blocked, id=13180, stack(0x000000378b000000,0x000000378b100000) (1024K)]
  0x00000202fd26e410 JavaThread "Attach Listener"            daemon [_thread_blocked, id=13048, stack(0x000000378b100000,0x000000378b200000) (1024K)]
  0x00000202fd274320 JavaThread "Service Thread"             daemon [_thread_blocked, id=16200, stack(0x000000378b200000,0x000000378b300000) (1024K)]
  0x00000202fd2763f0 JavaThread "Monitor Deflation Thread"   daemon [_thread_blocked, id=18684, stack(0x000000378b300000,0x000000378b400000) (1024K)]
=>0x00000202fd2a42d0 JavaThread "C2 CompilerThread0"         daemon [_thread_in_native, id=6620, stack(0x000000378b400000,0x000000378b500000) (1024K)]
  0x00000202fd2a4a20 JavaThread "C1 CompilerThread0"         daemon [_thread_blocked, id=13680, stack(0x000000378b500000,0x000000378b600000) (1024K)]
  0x00000202fd2749b0 JavaThread "Common-Cleaner"             daemon [_thread_blocked, id=20360, stack(0x000000378b600000,0x000000378b700000) (1024K)]
  0x00000202fd276a80 JavaThread "Notification Thread"        daemon [_thread_blocked, id=9692, stack(0x000000378b700000,0x000000378b800000) (1024K)]
  0x00000202fd275040 JavaThread "Active Thread: Equinox Container: ad76caac-ee70-4d25-9268-5bb30bfc9659"        [_thread_blocked, id=5036, stack(0x000000378be00000,0x000000378bf00000) (1024K)]
  0x00000202fd2756d0 JavaThread "Refresh Thread: Equinox Container: ad76caac-ee70-4d25-9268-5bb30bfc9659" daemon [_thread_blocked, id=14912, stack(0x000000378c000000,0x000000378c100000) (1024K)]
  0x00000202fd277110 JavaThread "Framework Event Dispatcher: Equinox Container: ad76caac-ee70-4d25-9268-5bb30bfc9659" daemon [_thread_blocked, id=9512, stack(0x000000378c100000,0x000000378c200000) (1024K)]
  0x00000202fd2777a0 JavaThread "Start Level: Equinox Container: ad76caac-ee70-4d25-9268-5bb30bfc9659" daemon [_thread_blocked, id=16876, stack(0x000000378c200000,0x000000378c300000) (1024K)]
  0x00000202fd275d60 JavaThread "Bundle File Closer"         daemon [_thread_blocked, id=9432, stack(0x000000378c300000,0x000000378c400000) (1024K)]
  0x00000202ff3f84b0 JavaThread "SCR Component Actor"        daemon [_thread_blocked, id=14648, stack(0x000000378c400000,0x000000378c500000) (1024K)]
  0x00000202ff3f6a70 JavaThread "Worker-JM"                         [_thread_blocked, id=15488, stack(0x000000378c500000,0x000000378c600000) (1024K)]
  0x00000202ff3f7790 JavaThread "JNA Cleaner"                daemon [_thread_blocked, id=14820, stack(0x000000378c600000,0x000000378c700000) (1024K)]
  0x00000202ff3f91d0 JavaThread "Worker-0"                          [_thread_blocked, id=6740, stack(0x000000378c700000,0x000000378c800000) (1024K)]
  0x00000202ff3fcce0 JavaThread "Worker-1"                          [_thread_blocked, id=17380, stack(0x000000378c800000,0x000000378c900000) (1024K)]
  0x00000202ff3fa580 JavaThread "Worker-2"                          [_thread_blocked, id=1200, stack(0x000000378c900000,0x000000378ca00000) (1024K)]
  0x00000202ff3f63e0 JavaThread "Java indexing"              daemon [_thread_blocked, id=21276, stack(0x000000378ca00000,0x000000378cb00000) (1024K)]
  0x00000202ff3fbfc0 JavaThread "Worker-3: Building"                [_thread_blocked, id=21120, stack(0x000000378cd00000,0x000000378ce00000) (1024K)]
  0x00000202ff3fac10 JavaThread "Worker-4"                          [_thread_blocked, id=13956, stack(0x000000378ce00000,0x000000378cf00000) (1024K)]
  0x00000202ff3f7100 JavaThread "Thread-1"                   daemon [_thread_in_native, id=11340, stack(0x000000378cf00000,0x000000378d000000) (1024K)]
  0x00000202ff3f9860 JavaThread "Thread-2"                   daemon [_thread_in_native, id=21068, stack(0x000000378d000000,0x000000378d100000) (1024K)]
  0x00000202ff3f8b40 JavaThread "Thread-3"                   daemon [_thread_in_native, id=20928, stack(0x000000378d100000,0x000000378d200000) (1024K)]
  0x00000202ff3f7e20 JavaThread "Thread-4"                   daemon [_thread_in_native, id=8472, stack(0x000000378d200000,0x000000378d300000) (1024K)]
  0x00000202ff3f9ef0 JavaThread "Thread-5"                   daemon [_thread_in_native, id=21344, stack(0x000000378d300000,0x000000378d400000) (1024K)]
  0x00000202ff3fb2a0 JavaThread "Thread-6"                   daemon [_thread_in_native, id=20300, stack(0x000000378d400000,0x000000378d500000) (1024K)]
  0x00000202ff3fb930 JavaThread "Thread-7"                   daemon [_thread_in_native, id=5492, stack(0x000000378d500000,0x000000378d600000) (1024K)]
  0x00000202ff3fc650 JavaThread "Thread-8"                   daemon [_thread_in_native, id=820, stack(0x000000378d600000,0x000000378d700000) (1024K)]
  0x00000202ff3f5d50 JavaThread "Thread-9"                   daemon [_thread_in_native, id=12552, stack(0x000000378d700000,0x000000378d800000) (1024K)]
  0x00000202ff3fd370 JavaThread "pool-2-thread-1"                   [_thread_blocked, id=384, stack(0x000000378d800000,0x000000378d900000) (1024K)]
  0x00000202cee1c260 JavaThread "WorkspaceEventsHandler"            [_thread_blocked, id=16004, stack(0x000000378d900000,0x000000378da00000) (1024K)]
  0x00000202cee1c8f0 JavaThread "pool-1-thread-1"                   [_thread_blocked, id=19628, stack(0x000000378da00000,0x000000378db00000) (1024K)]
  0x00000202cee1a820 JavaThread "Worker-5: Java indexing... "        [_thread_blocked, id=972, stack(0x000000378db00000,0x000000378dc00000) (1024K)]
  0x00000202cee180c0 JavaThread "Worker-6"                          [_thread_blocked, id=18384, stack(0x000000378dc00000,0x000000378dd00000) (1024K)]
  0x00000202cee1aeb0 JavaThread "LocalFile Deleter"          daemon [_thread_blocked, id=3700, stack(0x000000378dd00000,0x000000378de00000) (1024K)]
  0x00000202cee1dca0 JavaThread "LocalFile Deleter"          daemon [_thread_blocked, id=15024, stack(0x000000378de00000,0x000000378df00000) (1024K)]
  0x00000202cee1b540 JavaThread "LocalFile Deleter"          daemon [_thread_blocked, id=18160, stack(0x000000378df00000,0x000000378e000000) (1024K)]
  0x00000202cee1e330 JavaThread "LocalFile Deleter"          daemon [_thread_blocked, id=8164, stack(0x000000378e000000,0x000000378e100000) (1024K)]
  0x00000202cee1f050 JavaThread "LocalFile Deleter"          daemon [_thread_blocked, id=3748, stack(0x000000378e100000,0x000000378e200000) (1024K)]
  0x00000202cee1e9c0 JavaThread "LocalFile Deleter"          daemon [_thread_blocked, id=9756, stack(0x000000378e200000,0x000000378e300000) (1024K)]
  0x00000202cee1bbd0 JavaThread "LocalFile Deleter"          daemon [_thread_blocked, id=18140, stack(0x000000378e300000,0x000000378e400000) (1024K)]
  0x00000202cee19b00 JavaThread "LocalFile Deleter"          daemon [_thread_blocked, id=15428, stack(0x000000378e400000,0x000000378e500000) (1024K)]
  0x00000202cee1cf80 JavaThread "Compiler Source File Reader" daemon [_thread_blocked, id=17404, stack(0x000000378e500000,0x000000378e600000) (1024K)]
  0x00000202cee1f6e0 JavaThread "Compiler Source File Reader" daemon [_thread_blocked, id=20508, stack(0x000000378e600000,0x000000378e700000) (1024K)]
  0x00000202cee1d610 JavaThread "Compiler Source File Reader" daemon [_thread_blocked, id=14432, stack(0x000000378e700000,0x000000378e800000) (1024K)]
  0x00000202cee18750 JavaThread "Compiler Source File Reader" daemon [_thread_blocked, id=7184, stack(0x000000378e800000,0x000000378e900000) (1024K)]
  0x00000202cee18de0 JavaThread "Compiler Source File Reader" daemon [_thread_blocked, id=17840, stack(0x000000378e900000,0x000000378ea00000) (1024K)]
  0x00000202cee19470 JavaThread "Compiler Source File Reader" daemon [_thread_blocked, id=15208, stack(0x000000378ea00000,0x000000378eb00000) (1024K)]
  0x00000202cee1a190 JavaThread "Compiler Processing Task"   daemon [_thread_blocked, id=18116, stack(0x000000378eb00000,0x000000378ec00000) (1024K)]
  0x00000202c5d46570 JavaThread "Compiler Class File Writer" daemon [_thread_blocked, id=15992, stack(0x000000378ec00000,0x000000378ed00000) (1024K)]
  0x00000202c5d48cd0 JavaThread "Compiler Class File Writer" daemon [_thread_blocked, id=3108, stack(0x000000378ed00000,0x000000378ee00000) (1024K)]
  0x00000202c5d47290 JavaThread "Compiler Class File Writer" daemon [_thread_blocked, id=20572, stack(0x000000378ee00000,0x000000378ef00000) (1024K)]
  0x00000202c5d499f0 JavaThread "Compiler Class File Writer" daemon [_thread_blocked, id=20620, stack(0x000000378ef00000,0x000000378f000000) (1024K)]
  0x00000202c5d47920 JavaThread "Compiler Class File Writer" daemon [_thread_blocked, id=20692, stack(0x000000378f000000,0x000000378f100000) (1024K)]
  0x00000202c5d4a080 JavaThread "Compiler Class File Writer" daemon [_thread_blocked, id=19128, stack(0x000000378f100000,0x000000378f200000) (1024K)]
Total: 60

Other Threads:
  0x00000202e68c9730 VMThread "VM Thread"                           [id=10596, stack(0x000000378ad00000,0x000000378ae00000) (1024K)]
  0x00000202e6879b80 WatcherThread "VM Periodic Task Thread"        [id=16028, stack(0x000000378ac00000,0x000000378ad00000) (1024K)]
  0x00000202e682a650 WorkerThread "GC Thread#0"                     [id=1436, stack(0x000000378ab00000,0x000000378ac00000) (1024K)]
  0x00000202ff337920 WorkerThread "GC Thread#1"                     [id=2828, stack(0x000000378b800000,0x000000378b900000) (1024K)]
  0x00000202ff331fc0 WorkerThread "GC Thread#2"                     [id=15940, stack(0x000000378b900000,0x000000378ba00000) (1024K)]
  0x00000202ff332360 WorkerThread "GC Thread#3"                     [id=18832, stack(0x000000378ba00000,0x000000378bb00000) (1024K)]
  0x00000202ff332700 WorkerThread "GC Thread#4"                     [id=10512, stack(0x000000378bb00000,0x000000378bc00000) (1024K)]
  0x00000202ff332aa0 WorkerThread "GC Thread#5"                     [id=13148, stack(0x000000378bc00000,0x000000378bd00000) (1024K)]
  0x00000202ff2a5370 WorkerThread "GC Thread#6"                     [id=17292, stack(0x000000378bd00000,0x000000378be00000) (1024K)]
  0x00000202c50ef650 WorkerThread "GC Thread#7"                     [id=6960, stack(0x000000378bf00000,0x000000378c000000) (1024K)]
Total: 10

Threads with active compile tasks:
C2 CompilerThread0  13022 9332   !   4       org.eclipse.jdt.internal.core.search.indexing.BinaryIndexer::indexDocument (1172 bytes)
Total: 1

VM state: at safepoint (normal execution)

VM Mutex/Monitor currently owned by a thread:  ([mutex/lock_event])
[0x00007ffdb7685458] Threads_lock - owner thread: 0x00000202e68c9730
[0x00007ffdb7685558] Heap_lock - owner thread: 0x00000202ff3f63e0

Heap address: 0x0000000080000000, size: 2048 MB, Compressed Oops mode: 32-bit

CDS archive(s) mapped at: [0x0000020280000000-0x0000020280ba0000-0x0000020280ba0000), size 12189696, SharedBaseAddress: 0x0000020280000000, ArchiveRelocationMode: 1.
Compressed class space mapped at: 0x0000020281000000-0x00000202c1000000, reserved size: 1073741824
Narrow klass base: 0x0000020280000000, Narrow klass shift: 0, Narrow klass range: 0x100000000

GC Precious Log:
 CardTable entry size: 512
 CPUs: 8 total, 8 available
 Memory: 3895M
 Large Page Support: Disabled
 NUMA Support: Disabled
 Compressed Oops: Enabled (32-bit)
 Alignments: Space 512K, Generation 512K, Heap 2M
 Heap Min Capacity: 100M
 Heap Initial Capacity: 100M
 Heap Max Capacity: 2G
 Pre-touch: Disabled
 Parallel Workers: 8

Heap:
 PSYoungGen      total 10752K, used 10573K [0x00000000d5580000, 0x00000000d6300000, 0x0000000100000000)
  eden space 8704K, 100% used [0x00000000d5580000,0x00000000d5e00000,0x00000000d5e00000)
  from space 2048K, 91% used [0x00000000d6100000,0x00000000d62d3530,0x00000000d6300000)
  to   space 2048K, 95% used [0x00000000d5e00000,0x00000000d5feb658,0x00000000d6000000)
 ParOldGen       total 159232K, used 158875K [0x0000000080000000, 0x0000000089b80000, 0x00000000d5580000)
  object space 159232K, 99% used [0x0000000080000000,0x0000000089b26f28,0x0000000089b80000)
 Metaspace       used 58037K, committed 59392K, reserved 1114112K
  class space    used 6235K, committed 6848K, reserved 1048576K

Card table byte_map: [0x00000202e61b0000,0x00000202e65c0000] _byte_map_base: 0x00000202e5db0000

Marking Bits: (ParMarkBitMap*) 0x00007ffdb768a340
 Begin Bits: [0x00000202f8cb0000, 0x00000202facb0000)
 End Bits:   [0x00000202facb0000, 0x00000202fccb0000)

Polling page: 0x00000202e47f0000

Metaspace:

Usage:
  Non-class:     50.59 MB used.
      Class:      6.09 MB used.
       Both:     56.68 MB used.

Virtual space:
  Non-class space:       64.00 MB reserved,      51.31 MB ( 80%) committed,  1 nodes.
      Class space:        1.00 GB reserved,       6.69 MB ( <1%) committed,  1 nodes.
             Both:        1.06 GB reserved,      58.00 MB (  5%) committed. 

Chunk freelists:
   Non-Class:  12.62 MB
       Class:  9.17 MB
        Both:  21.79 MB

MaxMetaspaceSize: unlimited
CompressedClassSpaceSize: 1.00 GB
Initial GC threshold: 21.00 MB
Current GC threshold: 58.38 MB
CDS: on
 - commit_granule_bytes: 65536.
 - commit_granule_words: 8192.
 - virtual_space_node_default_size: 8388608.
 - enlarge_chunks_in_place: 1.
 - use_allocation_guard: 0.


Internal statistics:

num_allocs_failed_limit: 6.
num_arena_births: 1146.
num_arena_deaths: 14.
num_vsnodes_births: 2.
num_vsnodes_deaths: 0.
num_space_committed: 928.
num_space_uncommitted: 0.
num_chunks_returned_to_freelist: 20.
num_chunks_taken_from_freelist: 3943.
num_chunk_merges: 9.
num_chunk_splits: 2381.
num_chunks_enlarged: 1292.
num_inconsistent_stats: 0.

CodeHeap 'non-profiled nmethods': size=120000Kb used=3582Kb max_used=3582Kb free=116417Kb
 bounds [0x00000202f14d0000, 0x00000202f1850000, 0x00000202f8a00000]
CodeHeap 'profiled nmethods': size=120000Kb used=18300Kb max_used=18300Kb free=101699Kb
 bounds [0x00000202e9a00000, 0x00000202eabe0000, 0x00000202f0f30000]
CodeHeap 'non-nmethods': size=5760Kb used=1428Kb max_used=1474Kb free=4331Kb
 bounds [0x00000202f0f30000, 0x00000202f11a0000, 0x00000202f14d0000]
CodeCache: size=245760Kb, used=23310Kb, max_used=23356Kb, free=222447Kb
 total_blobs=9770, nmethods=9042, adapters=634, full_count=0
Compilation: enabled, stopped_count=0, restarted_count=0

Compilation events (20 events):
Event: 12.933 Thread 0x00000202fd2a4a20 9674       2       org.apache.maven.model.PluginContainer::getOtherLocation (25 bytes)
Event: 12.934 Thread 0x00000202fd2a4a20 nmethod 9674 0x00000202eabdc310 code [0x00000202eabdc4c0, 0x00000202eabdc670]
Event: 12.934 Thread 0x00000202fd2a4a20 9672       1       org.apache.maven.model.Model::getIssueManagement (5 bytes)
Event: 12.934 Thread 0x00000202fd2a4a20 nmethod 9672 0x00000202f184ee90 code [0x00000202f184f020, 0x00000202f184f0f0]
Event: 12.934 Thread 0x00000202fd2a4a20 9675       1       org.apache.maven.model.BuildBase::getDefaultGoal (5 bytes)
Event: 12.934 Thread 0x00000202fd2a4a20 nmethod 9675 0x00000202f184f190 code [0x00000202f184f320, 0x00000202f184f3e8]
Event: 12.934 Thread 0x00000202fd2a4a20 9676       2       java.util.concurrent.atomic.AtomicBoolean::get (13 bytes)
Event: 12.934 Thread 0x00000202fd2a4a20 nmethod 9676 0x00000202eabdc710 code [0x00000202eabdc8a0, 0x00000202eabdc9b8]
Event: 12.936 Thread 0x00000202fd2a4a20 9677   !   2       sun.nio.ch.FileChannelImpl::implCloseChannel (146 bytes)
Event: 12.938 Thread 0x00000202fd2a4a20 nmethod 9677 0x00000202eabdca90 code [0x00000202eabdcd00, 0x00000202eabdd368]
Event: 12.938 Thread 0x00000202fd2a4a20 9678  s!   2       sun.nio.ch.NativeThreadSet::signalAndWait (134 bytes)
Event: 12.940 Thread 0x00000202fd2a4a20 nmethod 9678 0x00000202eabdd810 code [0x00000202eabdda00, 0x00000202eabdde80]
Event: 12.940 Thread 0x00000202fd2a4a20 9679       3       org.eclipse.sisu.inject.LocatedBeans$Itr::next (5 bytes)
Event: 12.940 Thread 0x00000202fd2a4a20 nmethod 9679 0x00000202eabde110 code [0x00000202eabde2e0, 0x00000202eabde5b8]
Event: 12.940 Thread 0x00000202fd2a4a20 9680   !   2       java.util.concurrent.ConcurrentHashMap::tryPresize (193 bytes)
Event: 12.941 Thread 0x00000202fd2a4a20 nmethod 9680 0x00000202eabde710 code [0x00000202eabde8e0, 0x00000202eabded10]
Event: 12.941 Thread 0x00000202fd2a4a20 9682       1       org.eclipse.aether.repository.LocalRepository::getBasedir (5 bytes)
Event: 12.941 Thread 0x00000202fd2a4a20 nmethod 9682 0x00000202f184f490 code [0x00000202f184f620, 0x00000202f184f6e8]
Event: 12.941 Thread 0x00000202fd2a4a20 9681       1       org.apache.maven.model.Model::getInceptionYear (5 bytes)
Event: 12.941 Thread 0x00000202fd2a4a20 nmethod 9681 0x00000202f184f790 code [0x00000202f184f920, 0x00000202f184f9f0]

GC Heap History (20 events):
Event: 11.947 GC heap before
{Heap before GC invocations=63 (full 2):
 PSYoungGen      total 14336K, used 14218K [0x00000000d5580000, 0x00000000d6600000, 0x0000000100000000)
  eden space 11776K, 100% used [0x00000000d5580000,0x00000000d6100000,0x00000000d6100000)
  from space 2560K, 95% used [0x00000000d6380000,0x00000000d65e2b28,0x00000000d6600000)
  to   space 2560K, 0% used [0x00000000d6100000,0x00000000d6100000,0x00000000d6380000)
 ParOldGen       total 136192K, used 136152K [0x0000000080000000, 0x0000000088500000, 0x00000000d5580000)
  object space 136192K, 99% used [0x0000000080000000,0x00000000884f6290,0x0000000088500000)
 Metaspace       used 57448K, committed 58816K, reserved 1114112K
  class space    used 6194K, committed 6784K, reserved 1048576K
}
Event: 11.971 GC heap after
{Heap after GC invocations=63 (full 2):
 PSYoungGen      total 14336K, used 2549K [0x00000000d5580000, 0x00000000d6c00000, 0x0000000100000000)
  eden space 11776K, 0% used [0x00000000d5580000,0x00000000d5580000,0x00000000d6100000)
  from space 2560K, 99% used [0x00000000d6100000,0x00000000d637d5d8,0x00000000d6380000)
  to   space 5632K, 0% used [0x00000000d6680000,0x00000000d6680000,0x00000000d6c00000)
 ParOldGen       total 138752K, used 138379K [0x0000000080000000, 0x0000000088780000, 0x00000000d5580000)
  object space 138752K, 99% used [0x0000000080000000,0x0000000088722ef8,0x0000000088780000)
 Metaspace       used 57448K, committed 58816K, reserved 1114112K
  class space    used 6194K, committed 6784K, reserved 1048576K
}
Event: 12.127 GC heap before
{Heap before GC invocations=64 (full 2):
 PSYoungGen      total 14336K, used 14325K [0x00000000d5580000, 0x00000000d6c00000, 0x0000000100000000)
  eden space 11776K, 100% used [0x00000000d5580000,0x00000000d6100000,0x00000000d6100000)
  from space 2560K, 99% used [0x00000000d6100000,0x00000000d637d5d8,0x00000000d6380000)
  to   space 5632K, 0% used [0x00000000d6680000,0x00000000d6680000,0x00000000d6c00000)
 ParOldGen       total 138752K, used 138379K [0x0000000080000000, 0x0000000088780000, 0x00000000d5580000)
  object space 138752K, 99% used [0x0000000080000000,0x0000000088722ef8,0x0000000088780000)
 Metaspace       used 57645K, committed 59008K, reserved 1114112K
  class space    used 6217K, committed 6784K, reserved 1048576K
}
Event: 12.172 GC heap after
{Heap after GC invocations=64 (full 2):
 PSYoungGen      total 14848K, used 2641K [0x00000000d5580000, 0x00000000d6980000, 0x0000000100000000)
  eden space 11776K, 0% used [0x00000000d5580000,0x00000000d5580000,0x00000000d6100000)
  from space 3072K, 85% used [0x00000000d6680000,0x00000000d6914620,0x00000000d6980000)
  to   space 3584K, 0% used [0x00000000d6280000,0x00000000d6280000,0x00000000d6600000)
 ParOldGen       total 140800K, used 140734K [0x0000000080000000, 0x0000000088980000, 0x00000000d5580000)
  object space 140800K, 99% used [0x0000000080000000,0x000000008896f8b8,0x0000000088980000)
 Metaspace       used 57645K, committed 59008K, reserved 1114112K
  class space    used 6217K, committed 6784K, reserved 1048576K
}
Event: 12.349 GC heap before
{Heap before GC invocations=65 (full 2):
 PSYoungGen      total 14848K, used 14417K [0x00000000d5580000, 0x00000000d6980000, 0x0000000100000000)
  eden space 11776K, 100% used [0x00000000d5580000,0x00000000d6100000,0x00000000d6100000)
  from space 3072K, 85% used [0x00000000d6680000,0x00000000d6914620,0x00000000d6980000)
  to   space 3584K, 0% used [0x00000000d6280000,0x00000000d6280000,0x00000000d6600000)
 ParOldGen       total 140800K, used 140734K [0x0000000080000000, 0x0000000088980000, 0x00000000d5580000)
  object space 140800K, 99% used [0x0000000080000000,0x000000008896f8b8,0x0000000088980000)
 Metaspace       used 57771K, committed 59200K, reserved 1114112K
  class space    used 6231K, committed 6848K, reserved 1048576K
}
Event: 12.361 GC heap after
{Heap after GC invocations=65 (full 2):
 PSYoungGen      total 14336K, used 2446K [0x00000000d5580000, 0x00000000d6700000, 0x0000000100000000)
  eden space 11776K, 0% used [0x00000000d5580000,0x00000000d5580000,0x00000000d6100000)
  from space 2560K, 95% used [0x00000000d6280000,0x00000000d64e3868,0x00000000d6500000)
  to   space 2048K, 0% used [0x00000000d6500000,0x00000000d6500000,0x00000000d6700000)
 ParOldGen       total 143360K, used 143276K [0x0000000080000000, 0x0000000088c00000, 0x00000000d5580000)
  object space 143360K, 99% used [0x0000000080000000,0x0000000088beb300,0x0000000088c00000)
 Metaspace       used 57771K, committed 59200K, reserved 1114112K
  class space    used 6231K, committed 6848K, reserved 1048576K
}
Event: 12.428 GC heap before
{Heap before GC invocations=66 (full 2):
 PSYoungGen      total 14336K, used 14222K [0x00000000d5580000, 0x00000000d6700000, 0x0000000100000000)
  eden space 11776K, 100% used [0x00000000d5580000,0x00000000d6100000,0x00000000d6100000)
  from space 2560K, 95% used [0x00000000d6280000,0x00000000d64e3868,0x00000000d6500000)
  to   space 2048K, 0% used [0x00000000d6500000,0x00000000d6500000,0x00000000d6700000)
 ParOldGen       total 143360K, used 143276K [0x0000000080000000, 0x0000000088c00000, 0x00000000d5580000)
  object space 143360K, 99% used [0x0000000080000000,0x0000000088beb300,0x0000000088c00000)
 Metaspace       used 57829K, committed 59200K, reserved 1114112K
  class space    used 6232K, committed 6848K, reserved 1048576K
}
Event: 12.433 GC heap after
{Heap after GC invocations=66 (full 2):
 PSYoungGen      total 12288K, used 2028K [0x00000000d5580000, 0x00000000d6c00000, 0x0000000100000000)
  eden space 10240K, 0% used [0x00000000d5580000,0x00000000d5580000,0x00000000d5f80000)
  from space 2048K, 99% used [0x00000000d6500000,0x00000000d66fb2b8,0x00000000d6700000)
  to   space 5632K, 0% used [0x00000000d5f80000,0x00000000d5f80000,0x00000000d6500000)
 ParOldGen       total 146432K, used 146052K [0x0000000080000000, 0x0000000088f00000, 0x00000000d5580000)
  object space 146432K, 99% used [0x0000000080000000,0x0000000088ea1258,0x0000000088f00000)
 Metaspace       used 57829K, committed 59200K, reserved 1114112K
  class space    used 6232K, committed 6848K, reserved 1048576K
}
Event: 12.512 GC heap before
{Heap before GC invocations=67 (full 2):
 PSYoungGen      total 12288K, used 12268K [0x00000000d5580000, 0x00000000d6c00000, 0x0000000100000000)
  eden space 10240K, 100% used [0x00000000d5580000,0x00000000d5f80000,0x00000000d5f80000)
  from space 2048K, 99% used [0x00000000d6500000,0x00000000d66fb2b8,0x00000000d6700000)
  to   space 5632K, 0% used [0x00000000d5f80000,0x00000000d5f80000,0x00000000d6500000)
 ParOldGen       total 146432K, used 146052K [0x0000000080000000, 0x0000000088f00000, 0x00000000d5580000)
  object space 146432K, 99% used [0x0000000080000000,0x0000000088ea1258,0x0000000088f00000)
 Metaspace       used 57875K, committed 59264K, reserved 1114112K
  class space    used 6232K, committed 6848K, reserved 1048576K
}
Event: 12.524 GC heap after
{Heap after GC invocations=67 (full 2):
 PSYoungGen      total 12288K, used 2027K [0x00000000d5580000, 0x00000000d6580000, 0x0000000100000000)
  eden space 10240K, 0% used [0x00000000d5580000,0x00000000d5580000,0x00000000d5f80000)
  from space 2048K, 99% used [0x00000000d5f80000,0x00000000d617afa8,0x00000000d6180000)
  to   space 3072K, 0% used [0x00000000d6280000,0x00000000d6280000,0x00000000d6580000)
 ParOldGen       total 148480K, used 148030K [0x0000000080000000, 0x0000000089100000, 0x00000000d5580000)
  object space 148480K, 99% used [0x0000000080000000,0x000000008908fa80,0x0000000089100000)
 Metaspace       used 57875K, committed 59264K, reserved 1114112K
  class space    used 6232K, committed 6848K, reserved 1048576K
}
Event: 12.654 GC heap before
{Heap before GC invocations=68 (full 2):
 PSYoungGen      total 12288K, used 12267K [0x00000000d5580000, 0x00000000d6580000, 0x0000000100000000)
  eden space 10240K, 100% used [0x00000000d5580000,0x00000000d5f80000,0x00000000d5f80000)
  from space 2048K, 99% used [0x00000000d5f80000,0x00000000d617afa8,0x00000000d6180000)
  to   space 3072K, 0% used [0x00000000d6280000,0x00000000d6280000,0x00000000d6580000)
 ParOldGen       total 148480K, used 148030K [0x0000000080000000, 0x0000000089100000, 0x00000000d5580000)
  object space 148480K, 99% used [0x0000000080000000,0x000000008908fa80,0x0000000089100000)
 Metaspace       used 57946K, committed 59328K, reserved 1114112K
  class space    used 6233K, committed 6848K, reserved 1048576K
}
Event: 12.663 GC heap after
{Heap after GC invocations=68 (full 2):
 PSYoungGen      total 12800K, used 2201K [0x00000000d5580000, 0x00000000d6500000, 0x0000000100000000)
  eden space 10240K, 0% used [0x00000000d5580000,0x00000000d5580000,0x00000000d5f80000)
  from space 2560K, 85% used [0x00000000d6280000,0x00000000d64a6448,0x00000000d6500000)
  to   space 2560K, 0% used [0x00000000d6000000,0x00000000d6000000,0x00000000d6280000)
 ParOldGen       total 150016K, used 149860K [0x0000000080000000, 0x0000000089280000, 0x00000000d5580000)
  object space 150016K, 99% used [0x0000000080000000,0x0000000089259200,0x0000000089280000)
 Metaspace       used 57946K, committed 59328K, reserved 1114112K
  class space    used 6233K, committed 6848K, reserved 1048576K
}
Event: 12.723 GC heap before
{Heap before GC invocations=69 (full 2):
 PSYoungGen      total 12800K, used 12441K [0x00000000d5580000, 0x00000000d6500000, 0x0000000100000000)
  eden space 10240K, 100% used [0x00000000d5580000,0x00000000d5f80000,0x00000000d5f80000)
  from space 2560K, 85% used [0x00000000d6280000,0x00000000d64a6448,0x00000000d6500000)
  to   space 2560K, 0% used [0x00000000d6000000,0x00000000d6000000,0x00000000d6280000)
 ParOldGen       total 150016K, used 149860K [0x0000000080000000, 0x0000000089280000, 0x00000000d5580000)
  object space 150016K, 99% used [0x0000000080000000,0x0000000089259200,0x0000000089280000)
 Metaspace       used 57975K, committed 59392K, reserved 1114112K
  class space    used 6233K, committed 6848K, reserved 1048576K
}
Event: 12.732 GC heap after
{Heap after GC invocations=69 (full 2):
 PSYoungGen      total 12800K, used 2066K [0x00000000d5580000, 0x00000000d6480000, 0x0000000100000000)
  eden space 10240K, 0% used [0x00000000d5580000,0x00000000d5580000,0x00000000d5f80000)
  from space 2560K, 80% used [0x00000000d6000000,0x00000000d6204ae8,0x00000000d6280000)
  to   space 2048K, 0% used [0x00000000d6280000,0x00000000d6280000,0x00000000d6480000)
 ParOldGen       total 152064K, used 151779K [0x0000000080000000, 0x0000000089480000, 0x00000000d5580000)
  object space 152064K, 99% used [0x0000000080000000,0x0000000089438ca8,0x0000000089480000)
 Metaspace       used 57975K, committed 59392K, reserved 1114112K
  class space    used 6233K, committed 6848K, reserved 1048576K
}
Event: 12.779 GC heap before
{Heap before GC invocations=70 (full 2):
 PSYoungGen      total 12800K, used 12306K [0x00000000d5580000, 0x00000000d6480000, 0x0000000100000000)
  eden space 10240K, 100% used [0x00000000d5580000,0x00000000d5f80000,0x00000000d5f80000)
  from space 2560K, 80% used [0x00000000d6000000,0x00000000d6204ae8,0x00000000d6280000)
  to   space 2048K, 0% used [0x00000000d6280000,0x00000000d6280000,0x00000000d6480000)
 ParOldGen       total 152064K, used 151779K [0x0000000080000000, 0x0000000089480000, 0x00000000d5580000)
  object space 152064K, 99% used [0x0000000080000000,0x0000000089438ca8,0x0000000089480000)
 Metaspace       used 57983K, committed 59392K, reserved 1114112K
  class space    used 6233K, committed 6848K, reserved 1048576K
}
Event: 12.788 GC heap after
{Heap after GC invocations=70 (full 2):
 PSYoungGen      total 10752K, used 2039K [0x00000000d5580000, 0x00000000d6880000, 0x0000000100000000)
  eden space 8704K, 0% used [0x00000000d5580000,0x00000000d5580000,0x00000000d5e00000)
  from space 2048K, 99% used [0x00000000d6280000,0x00000000d647dc90,0x00000000d6480000)
  to   space 4608K, 0% used [0x00000000d5e00000,0x00000000d5e00000,0x00000000d6280000)
 ParOldGen       total 154112K, used 153804K [0x0000000080000000, 0x0000000089680000, 0x00000000d5580000)
  object space 154112K, 99% used [0x0000000080000000,0x00000000896331b0,0x0000000089680000)
 Metaspace       used 57983K, committed 59392K, reserved 1114112K
  class space    used 6233K, committed 6848K, reserved 1048576K
}
Event: 12.852 GC heap before
{Heap before GC invocations=71 (full 2):
 PSYoungGen      total 10752K, used 10743K [0x00000000d5580000, 0x00000000d6880000, 0x0000000100000000)
  eden space 8704K, 100% used [0x00000000d5580000,0x00000000d5e00000,0x00000000d5e00000)
  from space 2048K, 99% used [0x00000000d6280000,0x00000000d647dc90,0x00000000d6480000)
  to   space 4608K, 0% used [0x00000000d5e00000,0x00000000d5e00000,0x00000000d6280000)
 ParOldGen       total 154112K, used 153804K [0x0000000080000000, 0x0000000089680000, 0x00000000d5580000)
  object space 154112K, 99% used [0x0000000080000000,0x00000000896331b0,0x0000000089680000)
 Metaspace       used 58001K, committed 59392K, reserved 1114112K
  class space    used 6233K, committed 6848K, reserved 1048576K
}
Event: 12.858 GC heap after
{Heap after GC invocations=71 (full 2):
 PSYoungGen      total 10752K, used 1909K [0x00000000d5580000, 0x00000000d6400000, 0x0000000100000000)
  eden space 8704K, 0% used [0x00000000d5580000,0x00000000d5580000,0x00000000d5e00000)
  from space 2048K, 93% used [0x00000000d5e00000,0x00000000d5fdd4a0,0x00000000d6000000)
  to   space 3072K, 0% used [0x00000000d6100000,0x00000000d6100000,0x00000000d6400000)
 ParOldGen       total 156160K, used 155749K [0x0000000080000000, 0x0000000089880000, 0x00000000d5580000)
  object space 156160K, 99% used [0x0000000080000000,0x0000000089819630,0x0000000089880000)
 Metaspace       used 58001K, committed 59392K, reserved 1114112K
  class space    used 6233K, committed 6848K, reserved 1048576K
}
Event: 12.904 GC heap before
{Heap before GC invocations=72 (full 2):
 PSYoungGen      total 10752K, used 10607K [0x00000000d5580000, 0x00000000d6400000, 0x0000000100000000)
  eden space 8704K, 99% used [0x00000000d5580000,0x00000000d5dfe778,0x00000000d5e00000)
  from space 2048K, 93% used [0x00000000d5e00000,0x00000000d5fdd4a0,0x00000000d6000000)
  to   space 3072K, 0% used [0x00000000d6100000,0x00000000d6100000,0x00000000d6400000)
 ParOldGen       total 156160K, used 155749K [0x0000000080000000, 0x0000000089880000, 0x00000000d5580000)
  object space 156160K, 99% used [0x0000000080000000,0x0000000089819630,0x0000000089880000)
 Metaspace       used 58029K, committed 59392K, reserved 1114112K
  class space    used 6235K, committed 6848K, reserved 1048576K
}
Event: 12.909 GC heap after
{Heap after GC invocations=72 (full 2):
 PSYoungGen      total 10752K, used 1869K [0x00000000d5580000, 0x00000000d6300000, 0x0000000100000000)
  eden space 8704K, 0% used [0x00000000d5580000,0x00000000d5580000,0x00000000d5e00000)
  from space 2048K, 91% used [0x00000000d6100000,0x00000000d62d3530,0x00000000d6300000)
  to   space 2048K, 0% used [0x00000000d5e00000,0x00000000d5e00000,0x00000000d6000000)
 ParOldGen       total 157696K, used 157429K [0x0000000080000000, 0x0000000089a00000, 0x00000000d5580000)
  object space 157696K, 99% used [0x0000000080000000,0x00000000899bd7d0,0x0000000089a00000)
 Metaspace       used 58029K, committed 59392K, reserved 1114112K
  class space    used 6235K, committed 6848K, reserved 1048576K
}

Dll operation events (10 events):
Event: 0.015 Loaded shared library c:\Users\IDEAPAD\.vscode\extensions\redhat.java-1.47.0-win32-x64\jre\21.0.8-win32-x86_64\bin\java.dll
Event: 0.102 Loaded shared library c:\Users\IDEAPAD\.vscode\extensions\redhat.java-1.47.0-win32-x64\jre\21.0.8-win32-x86_64\bin\zip.dll
Event: 0.126 Loaded shared library C:\Users\IDEAPAD\.vscode\extensions\redhat.java-1.47.0-win32-x64\jre\21.0.8-win32-x86_64\bin\instrument.dll
Event: 0.132 Loaded shared library C:\Users\IDEAPAD\.vscode\extensions\redhat.java-1.47.0-win32-x64\jre\21.0.8-win32-x86_64\bin\net.dll
Event: 0.136 Loaded shared library C:\Users\IDEAPAD\.vscode\extensions\redhat.java-1.47.0-win32-x64\jre\21.0.8-win32-x86_64\bin\nio.dll
Event: 0.140 Loaded shared library C:\Users\IDEAPAD\.vscode\extensions\redhat.java-1.47.0-win32-x64\jre\21.0.8-win32-x86_64\bin\zip.dll
Event: 0.159 Loaded shared library C:\Users\IDEAPAD\.vscode\extensions\redhat.java-1.47.0-win32-x64\jre\21.0.8-win32-x86_64\bin\jimage.dll
Event: 0.266 Loaded shared library c:\Users\IDEAPAD\.vscode\extensions\redhat.java-1.47.0-win32-x64\jre\21.0.8-win32-x86_64\bin\verify.dll
Event: 1.454 Loaded shared library C:\Users\IDEAPAD\AppData\Roaming\Code\User\globalStorage\redhat.java\1.47.0\config_win\org.eclipse.equinox.launcher\org.eclipse.equinox.launcher.win32.win32.x86_64_1.2.1400.v20250801-0854\eclipse_11916.dll
Event: 2.815 Loaded shared library C:\Users\IDEAPAD\AppData\Local\Temp\jna--1919187428\jna1803713649759856702.dll

Deoptimization events (20 events):
Event: 12.664 Thread 0x00000202ff3fbfc0 Uncommon trap: trap_request=0xffffffde fr.pc=0x00000202f165d7c8 relative=0x00000000000000a8
Event: 12.664 Thread 0x00000202ff3fbfc0 Uncommon trap: reason=class_check action=maybe_recompile pc=0x00000202f165d7c8 method=java.util.regex.Pattern.lambda$negate$7(Ljava/util/regex/Pattern$CharPredicate;I)Z @ 2 c2
Event: 12.664 Thread 0x00000202ff3fbfc0 DEOPT PACKING pc=0x00000202f165d7c8 sp=0x000000378cdfd190
Event: 12.664 Thread 0x00000202ff3fbfc0 DEOPT UNPACKING pc=0x00000202f0f86da2 sp=0x000000378cdfd0c0 mode 2
Event: 12.666 Thread 0x00000202ff3fbfc0 Uncommon trap: trap_request=0xffffff3d fr.pc=0x00000202f156fa88 relative=0x0000000000000068
Event: 12.666 Thread 0x00000202ff3fbfc0 Uncommon trap: reason=unstable_fused_if action=reinterpret pc=0x00000202f156fa88 method=java.lang.CharacterDataLatin1.equalsIgnoreCase(BB)Z @ 16 c2
Event: 12.666 Thread 0x00000202ff3fbfc0 DEOPT PACKING pc=0x00000202f156fa88 sp=0x000000378cdfd3e0
Event: 12.666 Thread 0x00000202ff3fbfc0 DEOPT UNPACKING pc=0x00000202f0f86da2 sp=0x000000378cdfd360 mode 2
Event: 12.673 Thread 0x00000202ff3fbfc0 Uncommon trap: trap_request=0xffffff45 fr.pc=0x00000202f15a99c4 relative=0x0000000000001784
Event: 12.673 Thread 0x00000202ff3fbfc0 Uncommon trap: reason=unstable_if action=reinterpret pc=0x00000202f15a99c4 method=java.lang.String.<init>(Ljava/nio/charset/Charset;[BII)V @ 113 c2
Event: 12.676 Thread 0x00000202ff3fbfc0 DEOPT PACKING pc=0x00000202f15a99c4 sp=0x000000378cdfd070
Event: 12.676 Thread 0x00000202ff3fbfc0 DEOPT UNPACKING pc=0x00000202f0f86da2 sp=0x000000378cdfd040 mode 2
Event: 12.721 Thread 0x00000202ff3fbfc0 Uncommon trap: trap_request=0xffffff45 fr.pc=0x00000202f1816b68 relative=0x0000000000000c68
Event: 12.721 Thread 0x00000202ff3fbfc0 Uncommon trap: reason=unstable_if action=reinterpret pc=0x00000202f1816b68 method=org.codehaus.plexus.util.xml.pull.MXParser.nextImpl()I @ 884 c2
Event: 12.721 Thread 0x00000202ff3fbfc0 DEOPT PACKING pc=0x00000202f1816b68 sp=0x000000378cdfcfa0
Event: 12.721 Thread 0x00000202ff3fbfc0 DEOPT UNPACKING pc=0x00000202f0f86da2 sp=0x000000378cdfcf08 mode 2
Event: 12.753 Thread 0x00000202ff3fbfc0 DEOPT PACKING pc=0x00000202e9b462b9 sp=0x000000378cdfcec0
Event: 12.753 Thread 0x00000202ff3fbfc0 DEOPT UNPACKING pc=0x00000202f0f878e2 sp=0x000000378cdfc3c0 mode 0
Event: 12.901 Thread 0x00000202ff3fbfc0 DEOPT PACKING pc=0x00000202e9d0d7c6 sp=0x000000378cdfcac0
Event: 12.901 Thread 0x00000202ff3fbfc0 DEOPT UNPACKING pc=0x00000202f0f878e2 sp=0x000000378cdfc040 mode 0

Classes loaded (20 events):
Event: 10.195 Loading class java/util/concurrent/ArrayBlockingQueue
Event: 10.197 Loading class java/util/concurrent/ArrayBlockingQueue done
Event: 10.268 Loading class java/util/Hashtable$ValueCollection
Event: 10.269 Loading class java/util/Hashtable$ValueCollection done
Event: 10.296 Loading class java/util/concurrent/ConcurrentHashMap$KeySpliterator
Event: 10.296 Loading class java/util/concurrent/ConcurrentHashMap$KeySpliterator done
Event: 10.319 Loading class sun/nio/ch/ChannelOutputStream
Event: 10.320 Loading class sun/nio/ch/ChannelOutputStream done
Event: 10.804 Loading class java/util/stream/ReferencePipeline$4
Event: 10.805 Loading class java/util/stream/ReferencePipeline$4 done
Event: 10.809 Loading class java/util/stream/Nodes$IntFixedNodeBuilder
Event: 10.812 Loading class java/util/stream/Node$Builder$OfInt
Event: 10.815 Loading class java/util/stream/Node$Builder$OfInt done
Event: 10.815 Loading class java/util/stream/Nodes$IntArrayNode
Event: 10.816 Loading class java/util/stream/Nodes$IntArrayNode done
Event: 10.816 Loading class java/util/stream/Nodes$IntFixedNodeBuilder done
Event: 10.816 Loading class java/util/stream/ReferencePipeline$4$1
Event: 10.816 Loading class java/util/stream/ReferencePipeline$4$1 done
Event: 11.338 Loading class jdk/internal/module/IllegalAccessLogger
Event: 11.338 Loading class jdk/internal/module/IllegalAccessLogger done

Classes unloaded (7 events):
Event: 3.247 Thread 0x00000202e68c9730 Unloading class 0x00000202811b0c00 'java/lang/invoke/LambdaForm$MH+0x00000202811b0c00'
Event: 3.247 Thread 0x00000202e68c9730 Unloading class 0x00000202811b0800 'java/lang/invoke/LambdaForm$MH+0x00000202811b0800'
Event: 3.247 Thread 0x00000202e68c9730 Unloading class 0x00000202811b0400 'java/lang/invoke/LambdaForm$MH+0x00000202811b0400'
Event: 3.247 Thread 0x00000202e68c9730 Unloading class 0x00000202811b0000 'java/lang/invoke/LambdaForm$MH+0x00000202811b0000'
Event: 3.247 Thread 0x00000202e68c9730 Unloading class 0x00000202811afc00 'java/lang/invoke/LambdaForm$BMH+0x00000202811afc00'
Event: 3.247 Thread 0x00000202e68c9730 Unloading class 0x00000202811af800 'java/lang/invoke/LambdaForm$DMH+0x00000202811af800'
Event: 3.247 Thread 0x00000202e68c9730 Unloading class 0x00000202811ae400 'java/lang/invoke/LambdaForm$DMH+0x00000202811ae400'

Classes redefined (0 events):
No events

Internal exceptions (20 events):
Event: 9.373 Thread 0x00000202ff3fbfc0 Implicit null exception at 0x00000202f152ffc6 to 0x00000202f153000f
Event: 9.546 Thread 0x00000202ff3fbfc0 Exception <a 'java/lang/NoClassDefFoundError'{0x00000000d581b838}: org/eclipse/jdt/internal/core/CompilationUnit> (0x00000000d581b838) 
thrown [s\src\hotspot\share\classfile\systemDictionary.cpp, line 301]
Event: 9.900 Thread 0x00000202cee1c8f0 Exception <a 'java/lang/IncompatibleClassChangeError'{0x00000000d58bd1b8}: Found class java.lang.Object, but interface was expected> (0x00000000d58bd1b8) 
thrown [s\src\hotspot\share\interpreter\linkResolver.cpp, line 840]
Event: 10.302 Thread 0x00000202ff3fbfc0 Exception <a 'java/lang/NoSuchMethodError'{0x00000000d5911538}: 'java.lang.Object java.lang.invoke.DirectMethodHandle$Holder.newInvokeSpecial(java.lang.Object, java.lang.Object, int, int, java.lang.Object)'> (0x00000000d5911538) 
thrown [s\src\hotspot\share\interpreter\linkResolver.cpp, line 773]
Event: 10.357 Thread 0x00000202cee1a190 Exception <a 'java/lang/NoSuchMethodError'{0x00000000d5bd7718}: 'void java.lang.invoke.DirectMethodHandle$Holder.invokeStatic(java.lang.Object, int, java.lang.Object)'> (0x00000000d5bd7718) 
thrown [s\src\hotspot\share\interpreter\linkResolver.cpp, line 773]
Event: 10.789 Thread 0x00000202cee1a190 Exception <a 'java/lang/NoClassDefFoundError'{0x00000000d5863498}: org/eclipse/jdt/core/dom/Name> (0x00000000d5863498) 
thrown [s\src\hotspot\share\classfile\systemDictionary.cpp, line 301]
Event: 10.789 Thread 0x00000202cee1a190 Exception <a 'java/lang/NullPointerException'{0x00000000d5863788}> (0x00000000d5863788) 
thrown [s\src\hotspot\share\interpreter\linkResolver.cpp, line 1372]
Event: 10.846 Thread 0x00000202cee1a190 Exception <a 'java/lang/NullPointerException'{0x00000000d5962bd8}> (0x00000000d5962bd8) 
thrown [s\src\hotspot\share\interpreter\linkResolver.cpp, line 1372]
Event: 10.849 Thread 0x00000202cee1a190 Exception <a 'java/lang/NullPointerException'{0x00000000d5969ff8}> (0x00000000d5969ff8) 
thrown [s\src\hotspot\share\interpreter\linkResolver.cpp, line 1372]
Event: 10.865 Thread 0x00000202cee1a190 Implicit null exception at 0x00000202f17cec23 to 0x00000202f17cef88
Event: 10.951 Thread 0x00000202cee1a190 Exception <a 'java/lang/NoSuchMethodError'{0x00000000d5b19c10}: 'java.lang.Object java.lang.invoke.DirectMethodHandle$Holder.invokeStatic(java.lang.Object, java.lang.Object, int, java.lang.Object, java.lang.Object)'> (0x00000000d5b19c10) 
thrown [s\src\hotspot\share\interpreter\linkResolver.cpp, line 773]
Event: 10.996 Thread 0x00000202cee1a190 Exception <a 'java/lang/NullPointerException'{0x00000000d5bba2f8}> (0x00000000d5bba2f8) 
thrown [s\src\hotspot\share\interpreter\linkResolver.cpp, line 1372]
Event: 11.139 Thread 0x00000202ff3fbfc0 Exception <a 'sun/nio/fs/WindowsException'{0x00000000d5877bb0}> (0x00000000d5877bb0) 
thrown [s\src\hotspot\share\prims\jni.cpp, line 520]
Event: 11.141 Thread 0x00000202cee1e9c0 Exception <a 'sun/nio/fs/WindowsException'{0x00000000d5970cc0}> (0x00000000d5970cc0) 
thrown [s\src\hotspot\share\prims\jni.cpp, line 520]
Event: 11.144 Thread 0x00000202cee1aeb0 Exception <a 'sun/nio/fs/WindowsException'{0x00000000d5994958}> (0x00000000d5994958) 
thrown [s\src\hotspot\share\prims\jni.cpp, line 520]
Event: 11.145 Thread 0x00000202cee1f050 Exception <a 'sun/nio/fs/WindowsException'{0x00000000d59c1f30}> (0x00000000d59c1f30) 
thrown [s\src\hotspot\share\prims\jni.cpp, line 520]
Event: 11.359 Thread 0x00000202ff3fbfc0 Exception <a 'sun/nio/fs/WindowsException'{0x00000000d5993b48}> (0x00000000d5993b48) 
thrown [s\src\hotspot\share\prims\jni.cpp, line 520]
Event: 11.360 Thread 0x00000202ff3fbfc0 Exception <a 'sun/nio/fs/WindowsException'{0x00000000d5994260}> (0x00000000d5994260) 
thrown [s\src\hotspot\share\prims\jni.cpp, line 520]
Event: 12.209 Thread 0x00000202ff3fbfc0 Exception <a 'java/lang/NoSuchMethodError'{0x00000000d5789660}: 'void java.lang.invoke.DirectMethodHandle$Holder.invokeStatic(java.lang.Object, java.lang.Object, java.lang.Object, int)'> (0x00000000d5789660) 
thrown [s\src\hotspot\share\interpreter\linkResolver.cpp, line 773]
Event: 12.323 Thread 0x00000202ff3fbfc0 Exception <a 'java/lang/NoSuchMethodError'{0x00000000d5be5358}: 'void java.lang.invoke.DirectMethodHandle$Holder.invokeVirtual(java.lang.Object, java.lang.Object, int)'> (0x00000000d5be5358) 
thrown [s\src\hotspot\share\interpreter\linkResolver.cpp, line 773]

ZGC Phase Switch (0 events):
No events

VM Operations (20 events):
Event: 11.945 Executing VM operation: ParallelGCFailedAllocation (Allocation Failure)
Event: 11.971 Executing VM operation: ParallelGCFailedAllocation (Allocation Failure) done
Event: 12.126 Executing VM operation: ParallelGCFailedAllocation (Allocation Failure)
Event: 12.172 Executing VM operation: ParallelGCFailedAllocation (Allocation Failure) done
Event: 12.348 Executing VM operation: ParallelGCFailedAllocation (Allocation Failure)
Event: 12.361 Executing VM operation: ParallelGCFailedAllocation (Allocation Failure) done
Event: 12.428 Executing VM operation: ParallelGCFailedAllocation (Allocation Failure)
Event: 12.433 Executing VM operation: ParallelGCFailedAllocation (Allocation Failure) done
Event: 12.512 Executing VM operation: ParallelGCFailedAllocation (Allocation Failure)
Event: 12.524 Executing VM operation: ParallelGCFailedAllocation (Allocation Failure) done
Event: 12.652 Executing VM operation: ParallelGCFailedAllocation (Allocation Failure)
Event: 12.663 Executing VM operation: ParallelGCFailedAllocation (Allocation Failure) done
Event: 12.723 Executing VM operation: ParallelGCFailedAllocation (Allocation Failure)
Event: 12.732 Executing VM operation: ParallelGCFailedAllocation (Allocation Failure) done
Event: 12.779 Executing VM operation: ParallelGCFailedAllocation (Allocation Failure)
Event: 12.788 Executing VM operation: ParallelGCFailedAllocation (Allocation Failure) done
Event: 12.852 Executing VM operation: ParallelGCFailedAllocation (Allocation Failure)
Event: 12.858 Executing VM operation: ParallelGCFailedAllocation (Allocation Failure) done
Event: 12.904 Executing VM operation: ParallelGCFailedAllocation (Allocation Failure)
Event: 12.909 Executing VM operation: ParallelGCFailedAllocation (Allocation Failure) done

Memory protections (0 events):
No events

Nmethod flushes (20 events):
Event: 4.277 Thread 0x00000202e68c9730 flushing  nmethod 0x00000202ea00ea90
Event: 4.277 Thread 0x00000202e68c9730 flushing  nmethod 0x00000202ea00f210
Event: 4.277 Thread 0x00000202e68c9730 flushing  nmethod 0x00000202ea00fb90
Event: 4.277 Thread 0x00000202e68c9730 flushing  nmethod 0x00000202ea010490
Event: 4.277 Thread 0x00000202e68c9730 flushing  nmethod 0x00000202ea011910
Event: 4.277 Thread 0x00000202e68c9730 flushing  nmethod 0x00000202ea01f010
Event: 4.277 Thread 0x00000202e68c9730 flushing  nmethod 0x00000202ea01f510
Event: 4.277 Thread 0x00000202e68c9730 flushing  nmethod 0x00000202ea036690
Event: 4.277 Thread 0x00000202e68c9730 flushing  nmethod 0x00000202ea03b690
Event: 4.277 Thread 0x00000202e68c9730 flushing  nmethod 0x00000202ea047390
Event: 4.277 Thread 0x00000202e68c9730 flushing  nmethod 0x00000202ea048b90
Event: 4.277 Thread 0x00000202e68c9730 flushing  nmethod 0x00000202ea04e310
Event: 4.277 Thread 0x00000202e68c9730 flushing  nmethod 0x00000202ea054c10
Event: 4.277 Thread 0x00000202e68c9730 flushing  nmethod 0x00000202ea098010
Event: 4.277 Thread 0x00000202e68c9730 flushing  nmethod 0x00000202ea0e2a10
Event: 4.277 Thread 0x00000202e68c9730 flushing  nmethod 0x00000202ea0ebd10
Event: 4.277 Thread 0x00000202e68c9730 flushing  nmethod 0x00000202ea0ec190
Event: 4.277 Thread 0x00000202e68c9730 flushing  nmethod 0x00000202ea0f2810
Event: 4.277 Thread 0x00000202e68c9730 flushing  nmethod 0x00000202ea10a990
Event: 4.277 Thread 0x00000202e68c9730 flushing  nmethod 0x00000202ea12d010

Events (20 events):
Event: 6.205 Thread 0x00000202cee1aeb0 Thread added: 0x00000202cee1dca0
Event: 6.207 Thread 0x00000202cee1aeb0 Thread added: 0x00000202cee1b540
Event: 6.207 Thread 0x00000202cee1dca0 Thread added: 0x00000202cee1e330
Event: 6.208 Thread 0x00000202cee1dca0 Thread added: 0x00000202cee1f050
Event: 6.210 Thread 0x00000202cee1b540 Thread added: 0x00000202cee1e9c0
Event: 6.211 Thread 0x00000202cee1e330 Thread added: 0x00000202cee1bbd0
Event: 6.212 Thread 0x00000202cee1e330 Thread added: 0x00000202cee19b00
Event: 6.284 Thread 0x00000202ff3fbfc0 Thread added: 0x00000202cee1cf80
Event: 6.284 Thread 0x00000202ff3fbfc0 Thread added: 0x00000202cee1f6e0
Event: 6.284 Thread 0x00000202ff3fbfc0 Thread added: 0x00000202cee1d610
Event: 6.285 Thread 0x00000202ff3fbfc0 Thread added: 0x00000202cee18750
Event: 6.285 Thread 0x00000202ff3fbfc0 Thread added: 0x00000202cee18de0
Event: 6.285 Thread 0x00000202ff3fbfc0 Thread added: 0x00000202cee19470
Event: 10.198 Thread 0x00000202ff3fbfc0 Thread added: 0x00000202cee1a190
Event: 10.304 Thread 0x00000202ff3fbfc0 Thread added: 0x00000202c5d46570
Event: 10.379 Thread 0x00000202ff3fbfc0 Thread added: 0x00000202c5d48cd0
Event: 10.402 Thread 0x00000202ff3fbfc0 Thread added: 0x00000202c5d47290
Event: 10.464 Thread 0x00000202ff3fbfc0 Thread added: 0x00000202c5d499f0
Event: 10.480 Thread 0x00000202ff3fbfc0 Thread added: 0x00000202c5d47920
Event: 10.567 Thread 0x00000202ff3fbfc0 Thread added: 0x00000202c5d4a080


Dynamic libraries:
0x00007ff79c510000 - 0x00007ff79c51e000 	c:\Users\IDEAPAD\.vscode\extensions\redhat.java-1.47.0-win32-x64\jre\21.0.8-win32-x86_64\bin\java.exe
0x00007ffe11830000 - 0x00007ffe11a28000 	C:\WINDOWS\SYSTEM32\ntdll.dll
0x00007ffddbb10000 - 0x00007ffddbb30000 	C:\Program Files\Avast Software\Avast\aswhook.dll
0x00007ffe0fb10000 - 0x00007ffe0fbd2000 	C:\WINDOWS\System32\KERNEL32.DLL
0x00007ffe0f090000 - 0x00007ffe0f386000 	C:\WINDOWS\System32\KERNELBASE.dll
0x00007ffe0f630000 - 0x00007ffe0f730000 	C:\WINDOWS\System32\ucrtbase.dll
0x00007ffe09530000 - 0x00007ffe09548000 	c:\Users\IDEAPAD\.vscode\extensions\redhat.java-1.47.0-win32-x64\jre\21.0.8-win32-x86_64\bin\jli.dll
0x00007ffe0f910000 - 0x00007ffe0faad000 	C:\WINDOWS\System32\USER32.dll
0x00007ffe0f830000 - 0x00007ffe0f852000 	C:\WINDOWS\System32\win32u.dll
0x00007ffdf2b00000 - 0x00007ffdf2d9a000 	C:\WINDOWS\WinSxS\amd64_microsoft.windows.common-controls_6595b64144ccf1df_6.0.19041.5794_none_60bcd33171f2783c\COMCTL32.dll
0x00007ffe086e0000 - 0x00007ffe086fe000 	c:\Users\IDEAPAD\.vscode\extensions\redhat.java-1.47.0-win32-x64\jre\21.0.8-win32-x86_64\bin\VCRUNTIME140.dll
0x00007ffe10d70000 - 0x00007ffe10d9b000 	C:\WINDOWS\System32\GDI32.dll
0x00007ffe11270000 - 0x00007ffe1130e000 	C:\WINDOWS\System32\msvcrt.dll
0x00007ffe0eed0000 - 0x00007ffe0efea000 	C:\WINDOWS\System32\gdi32full.dll
0x00007ffe0eff0000 - 0x00007ffe0f08d000 	C:\WINDOWS\System32\msvcp_win.dll
0x00007ffe0fbe0000 - 0x00007ffe0fc0f000 	C:\WINDOWS\System32\IMM32.DLL
0x00007ffe097d0000 - 0x00007ffe097dc000 	c:\Users\IDEAPAD\.vscode\extensions\redhat.java-1.47.0-win32-x64\jre\21.0.8-win32-x86_64\bin\vcruntime140_1.dll
0x00007ffdd34e0000 - 0x00007ffdd356d000 	c:\Users\IDEAPAD\.vscode\extensions\redhat.java-1.47.0-win32-x64\jre\21.0.8-win32-x86_64\bin\msvcp140.dll
0x00007ffdb69d0000 - 0x00007ffdb7767000 	c:\Users\IDEAPAD\.vscode\extensions\redhat.java-1.47.0-win32-x64\jre\21.0.8-win32-x86_64\bin\server\jvm.dll
0x00007ffe107b0000 - 0x00007ffe1085f000 	C:\WINDOWS\System32\ADVAPI32.dll
0x00007ffe10700000 - 0x00007ffe1079f000 	C:\WINDOWS\System32\sechost.dll
0x00007ffe11620000 - 0x00007ffe11743000 	C:\WINDOWS\System32\RPCRT4.dll
0x00007ffe0f730000 - 0x00007ffe0f757000 	C:\WINDOWS\System32\bcrypt.dll
0x00007ffe10630000 - 0x00007ffe1069b000 	C:\WINDOWS\System32\WS2_32.dll
0x00007ffe0e8e0000 - 0x00007ffe0e92b000 	C:\WINDOWS\SYSTEM32\POWRPROF.dll
0x00007ffdf43c0000 - 0x00007ffdf43e7000 	C:\WINDOWS\SYSTEM32\WINMM.dll
0x00007ffe04f00000 - 0x00007ffe04f0a000 	C:\WINDOWS\SYSTEM32\VERSION.dll
0x00007ffe0e8c0000 - 0x00007ffe0e8d2000 	C:\WINDOWS\SYSTEM32\UMPDC.dll
0x00007ffe0d6b0000 - 0x00007ffe0d6c2000 	C:\WINDOWS\SYSTEM32\kernel.appcore.dll
0x00007ffe09560000 - 0x00007ffe0956a000 	c:\Users\IDEAPAD\.vscode\extensions\redhat.java-1.47.0-win32-x64\jre\21.0.8-win32-x86_64\bin\jimage.dll
0x00007ffe0cbe0000 - 0x00007ffe0cde1000 	C:\WINDOWS\SYSTEM32\DBGHELP.DLL
0x00007ffe033b0000 - 0x00007ffe033e4000 	C:\WINDOWS\SYSTEM32\dbgcore.DLL
0x00007ffe0f440000 - 0x00007ffe0f4c2000 	C:\WINDOWS\System32\bcryptPrimitives.dll
0x00007ffe09190000 - 0x00007ffe0919f000 	c:\Users\IDEAPAD\.vscode\extensions\redhat.java-1.47.0-win32-x64\jre\21.0.8-win32-x86_64\bin\instrument.dll
0x00007ffe03500000 - 0x00007ffe0351f000 	c:\Users\IDEAPAD\.vscode\extensions\redhat.java-1.47.0-win32-x64\jre\21.0.8-win32-x86_64\bin\java.dll
0x00007ffe0fd30000 - 0x00007ffe1049e000 	C:\WINDOWS\System32\SHELL32.dll
0x00007ffe0cdf0000 - 0x00007ffe0d593000 	C:\WINDOWS\SYSTEM32\windows.storage.dll
0x00007ffe109b0000 - 0x00007ffe10d03000 	C:\WINDOWS\System32\combase.dll
0x00007ffe0e750000 - 0x00007ffe0e77b000 	C:\WINDOWS\SYSTEM32\Wldp.dll
0x00007ffe11310000 - 0x00007ffe113dd000 	C:\WINDOWS\System32\OLEAUT32.dll
0x00007ffe0f860000 - 0x00007ffe0f90d000 	C:\WINDOWS\System32\SHCORE.dll
0x00007ffe106a0000 - 0x00007ffe106f5000 	C:\WINDOWS\System32\shlwapi.dll
0x00007ffe0ee00000 - 0x00007ffe0ee25000 	C:\WINDOWS\SYSTEM32\profapi.dll
0x00007ffe01fe0000 - 0x00007ffe01ff8000 	c:\Users\IDEAPAD\.vscode\extensions\redhat.java-1.47.0-win32-x64\jre\21.0.8-win32-x86_64\bin\zip.dll
0x00007ffe08340000 - 0x00007ffe08350000 	C:\Users\IDEAPAD\.vscode\extensions\redhat.java-1.47.0-win32-x64\jre\21.0.8-win32-x86_64\bin\net.dll
0x00007ffe0be30000 - 0x00007ffe0bf3a000 	C:\WINDOWS\SYSTEM32\WINHTTP.dll
0x00007ffe0e530000 - 0x00007ffe0e59c000 	C:\WINDOWS\system32\mswsock.dll
0x00007ffe01fb0000 - 0x00007ffe01fc6000 	C:\Users\IDEAPAD\.vscode\extensions\redhat.java-1.47.0-win32-x64\jre\21.0.8-win32-x86_64\bin\nio.dll
0x00007ffe080a0000 - 0x00007ffe080b0000 	c:\Users\IDEAPAD\.vscode\extensions\redhat.java-1.47.0-win32-x64\jre\21.0.8-win32-x86_64\bin\verify.dll
0x00007ffdd3810000 - 0x00007ffdd3854000 	C:\Users\IDEAPAD\AppData\Roaming\Code\User\globalStorage\redhat.java\1.47.0\config_win\org.eclipse.equinox.launcher\org.eclipse.equinox.launcher.win32.win32.x86_64_1.2.1400.v20250801-0854\eclipse_11916.dll
0x00007ffe10880000 - 0x00007ffe109ab000 	C:\WINDOWS\System32\ole32.dll
0x00007ffe0e790000 - 0x00007ffe0e7a8000 	C:\WINDOWS\SYSTEM32\CRYPTSP.dll
0x00007ffe0de70000 - 0x00007ffe0dea8000 	C:\WINDOWS\system32\rsaenh.dll
0x00007ffe0ed80000 - 0x00007ffe0edae000 	C:\WINDOWS\SYSTEM32\USERENV.dll
0x00007ffe0e6c0000 - 0x00007ffe0e6cc000 	C:\WINDOWS\SYSTEM32\CRYPTBASE.dll
0x00007ffe0e230000 - 0x00007ffe0e26b000 	C:\WINDOWS\SYSTEM32\IPHLPAPI.DLL
0x00007ffe117e0000 - 0x00007ffe117e8000 	C:\WINDOWS\System32\NSI.dll
0x00007ffdd2610000 - 0x00007ffdd2659000 	C:\Users\IDEAPAD\AppData\Local\Temp\jna--1919187428\jna1803713649759856702.dll
0x00007ffe107a0000 - 0x00007ffe107a8000 	C:\WINDOWS\System32\PSAPI.DLL
0x00007ffe09350000 - 0x00007ffe09367000 	C:\WINDOWS\SYSTEM32\dhcpcsvc6.DLL
0x00007ffe092a0000 - 0x00007ffe092bd000 	C:\WINDOWS\SYSTEM32\dhcpcsvc.DLL

JVMTI agents:
c:\Users\IDEAPAD\.vscode\extensions\redhat.java-1.47.0-win32-x64\lombok\lombok-1.18.39-4050.jar path:c:\Users\IDEAPAD\.vscode\extensions\redhat.java-1.47.0-win32-x64\jre\21.0.8-win32-x86_64\bin\instrument.dll, loaded, initialized, instrumentlib options:none

dbghelp: loaded successfully - version: 4.0.5 - missing functions: none
symbol engine: initialized successfully - sym options: 0x614 - pdb path: .;c:\Users\IDEAPAD\.vscode\extensions\redhat.java-1.47.0-win32-x64\jre\21.0.8-win32-x86_64\bin;C:\WINDOWS\SYSTEM32;C:\Program Files\Avast Software\Avast;C:\WINDOWS\WinSxS\amd64_microsoft.windows.common-controls_6595b64144ccf1df_6.0.19041.5794_none_60bcd33171f2783c;c:\Users\IDEAPAD\.vscode\extensions\redhat.java-1.47.0-win32-x64\jre\21.0.8-win32-x86_64\bin\server;C:\Users\IDEAPAD\AppData\Roaming\Code\User\globalStorage\redhat.java\1.47.0\config_win\org.eclipse.equinox.launcher\org.eclipse.equinox.launcher.win32.win32.x86_64_1.2.1400.v20250801-0854;C:\Users\IDEAPAD\AppData\Local\Temp\jna--1919187428

VM Arguments:
jvm_args: --add-modules=ALL-SYSTEM --add-opens=java.base/java.util=ALL-UNNAMED --add-opens=java.base/java.lang=ALL-UNNAMED --add-opens=java.base/sun.nio.fs=ALL-UNNAMED -Declipse.application=org.eclipse.jdt.ls.core.id1 -Dosgi.bundles.defaultStartLevel=4 -Declipse.product=org.eclipse.jdt.ls.core.product -Djava.import.generatesMetadataFilesAtProjectRoot=false -DDetectVMInstallationsJob.disabled=true -Dfile.encoding=utf8 -XX:+UseParallelGC -XX:GCTimeRatio=4 -XX:AdaptiveSizePolicyWeight=90 -Dsun.zip.disableMemoryMapping=true -Xmx2G -Xms100m -Xlog:disable -javaagent:c:\Users\IDEAPAD\.vscode\extensions\redhat.java-1.47.0-win32-x64\lombok\lombok-1.18.39-4050.jar -XX:+HeapDumpOnOutOfMemoryError -XX:HeapDumpPath=c:\Users\IDEAPAD\AppData\Roaming\Code\User\workspaceStorage\ef8eac353ddc2548c941ff37fcb9f241\redhat.java -Daether.dependencyCollector.impl=bf 
java_command: c:\Users\IDEAPAD\.vscode\extensions\redhat.java-1.47.0-win32-x64\server\plugins\org.eclipse.equinox.launcher_1.7.100.v20251014-1222.jar -configuration c:\Users\IDEAPAD\AppData\Roaming\Code\User\globalStorage\redhat.java\1.47.0\config_win -data c:\Users\IDEAPAD\AppData\Roaming\Code\User\workspaceStorage\ef8eac353ddc2548c941ff37fcb9f241\redhat.java\jdt_ws --pipe=\\.\pipe\lsp-64a56a1f7058c40fab0e1c38748e6866-sock
java_class_path (initial): c:\Users\IDEAPAD\.vscode\extensions\redhat.java-1.47.0-win32-x64\server\plugins\org.eclipse.equinox.launcher_1.7.100.v20251014-1222.jar
Launcher Type: SUN_STANDARD

[Global flags]
    uintx AdaptiveSizePolicyWeight                 = 90                                        {product} {command line}
     intx CICompilerCount                          = 4                                         {product} {ergonomic}
    uintx GCTimeRatio                              = 4                                         {product} {command line}
     bool HeapDumpOnOutOfMemoryError               = true                                   {manageable} {command line}
    ccstr HeapDumpPath                             = c:\Users\IDEAPAD\AppData\Roaming\Code\User\workspaceStorage\ef8eac353ddc2548c941ff37fcb9f241\redhat.java         {manageable} {command line}
   size_t InitialHeapSize                          = 104857600                                 {product} {command line}
   size_t MaxHeapSize                              = 2147483648                                {product} {command line}
   size_t MaxNewSize                               = 715653120                                 {product} {ergonomic}
   size_t MinHeapDeltaBytes                        = 524288                                    {product} {ergonomic}
   size_t MinHeapSize                              = 104857600                                 {product} {command line}
   size_t NewSize                                  = 34603008                                  {product} {ergonomic}
    uintx NonNMethodCodeHeapSize                   = 5839372                                {pd product} {ergonomic}
    uintx NonProfiledCodeHeapSize                  = 122909434                              {pd product} {ergonomic}
   size_t OldSize                                  = 70254592                                  {product} {ergonomic}
    uintx ProfiledCodeHeapSize                     = 122909434                              {pd product} {ergonomic}
    uintx ReservedCodeCacheSize                    = 251658240                              {pd product} {ergonomic}
     bool SegmentedCodeCache                       = true                                      {product} {ergonomic}
   size_t SoftMaxHeapSize                          = 2147483648                             {manageable} {ergonomic}
     bool UseCompressedOops                        = true                           {product lp64_product} {ergonomic}
     bool UseLargePagesIndividualAllocation        = false                                  {pd product} {ergonomic}
     bool UseParallelGC                            = true                                      {product} {command line}

Logging:
Log output configuration:
 #0: stdout all=off uptime,level,tags foldmultilines=false
 #1: stderr all=off uptime,level,tags foldmultilines=false

Environment Variables:
JAVA_HOME=C:\Program Files\Eclipse Adoptium\jdk-17.0.16.8-hotspot
PATH=C:\Program Files\Eclipse Adoptium\jdk-17.0.16.8-hotspot\bin;C:\Python313\Scripts\;C:\Python313\;C:\Program Files (x86)\VMware\VMware Player\bin\;C:\Program Files\Common Files\Oracle\Java\javapath;C:\WINDOWS\system32;C:\WINDOWS;C:\WINDOWS\System32\Wbem;C:\WINDOWS\System32\WindowsPowerShell\v1.0\;C:\WINDOWS\System32\OpenSSH\;C:\Program Files\Microsoft SQL Server\150\Tools\Binn\;C:\Program Files\Microsoft SQL Server\Client SDK\ODBC\170\Tools\Binn\;C:\Program Files (x86)\Microsoft SQL Server\160\Tools\Binn\;C:\Program Files\Microsoft SQL Server\160\Tools\Binn\;C:\Program Files\Microsoft SQL Server\160\DTS\Binn\;C:\Program Files (x86)\Microsoft SQL Server\160\DTS\Binn\;C:\Program Files\dotnet\;C:\ProgramData\chocolatey\bin;C:\Program Files\nodejs\;C:\Program Files\Git\cmd;C:\Program Files\Docker\Docker\resources\bin;C:\Program Files\Eclipse Adoptium\jdk-17.0.16.8-hotspot\bin;C:\Python313\Scripts\;C:\Python313\;C:\Program Files (x86)\VMware\VMware Player\bin\;C:\Program Files\Common Files\Oracle\Java\javapath;C:\WINDOWS\system32;C:\WINDOWS;C:\WINDOWS\System32\Wbem;C:\WINDOWS\System32\WindowsPowerShell\v1.0\;C:\WINDOWS\System32\OpenSSH\;C:\Program Files\Microsoft SQL Server\150\Tools\Binn\;C:\Program Files\Microsoft SQL Server\Client SDK\ODBC\170\Tools\Binn\;C:\Program Files (x86)\Microsoft SQL Server\160\Tools\Binn\;C:\Program Files\Microsoft SQL Server\160\Tools\Binn\;C:\Program Files\Microsoft SQL Server\160\DTS\Binn\;C:\Program Files (x86)\Microsoft SQL Server\160\DTS\Binn\;C:\Program Files\dotnet\;C:\ProgramData\chocolatey\bin;C:\Program Files\nodejs\;C:\Program Files\Docker\Docker\resources\bin;C:\Program Files\Git\cmd;C:\Program Files\Eclipse Adoptium\jdk-17.0.16.8-hotspot\bin;C:\Python313\Scripts\;C:\Python313\;C:\Program Files (x86)\VMware\VMware Player\bin\;C:\Program Files\Common Files\Oracle\Java\javapath;C:\WI;C:\Program Files\OpenSSL-Win64\bin;C:\Users\IDEAPAD\AppData\Local\Programs\Microsoft VS Code\bin
USERNAME=IDEAPAD
OS=Windows_NT
PROCESSOR_IDENTIFIER=Intel64 Family 6 Model 140 Stepping 1, GenuineIntel
TMP=C:\Users\IDEAPAD\AppData\Local\Temp
TEMP=C:\Users\IDEAPAD\AppData\Local\Temp




Periodic native trim disabled

---------------  S Y S T E M  ---------------

OS:
 Windows 10 , 64 bit Build 19041 (10.0.19041.5794)
OS uptime: 4 days 3:48 hours
Hyper-V role detected

CPU: total 8 (initial active 8) (4 cores per cpu, 2 threads per core) family 6 model 140 stepping 1 microcode 0xa6, cx8, cmov, fxsr, ht, mmx, 3dnowpref, sse, sse2, sse3, ssse3, sse4.1, sse4.2, popcnt, lzcnt, tsc, tscinvbit, avx, avx2, aes, erms, clmul, bmi1, bmi2, adx, avx512f, avx512dq, avx512cd, avx512bw, avx512vl, sha, fma, vzeroupper, avx512_vpopcntdq, avx512_vpclmulqdq, avx512_vaes, avx512_vnni, clflush, clflushopt, clwb, avx512_vbmi2, avx512_vbmi, hv, rdtscp, rdpid, fsrm, gfni, avx512_bitalg, f16c, cet_ibt, cet_ss, avx512_ifma
Processor Information for the first 8 processors :
  Max Mhz: 2419, Current Mhz: 2419, Mhz Limit: 2419

Memory: 4k page, system-wide physical 3895M (11M free)
TotalPageFile size 15671M (AvailPageFile size 9M)
current process WorkingSet (physical memory assigned to process): 194M, peak: 249M
current process commit charge ("private bytes"): 430M, peak: 1640M

vm_info: OpenJDK 64-Bit Server VM (21.0.8+9-LTS) for windows-amd64 JRE (21.0.8+9-LTS), built on 2025-07-15T00:00:00Z by "admin" with MS VC++ 17.7 (VS2022)

END.
