#
# There is insufficient memory for the Java Runtime Environment to continue.
# Native memory allocation (malloc) failed to allocate 2100016 bytes. Error detail: Chunk::new
# Possible reasons:
#   The system is out of physical RAM or swap space
#   This process is running with CompressedOops enabled, and the Java Heap may be blocking the growth of the native heap
# Possible solutions:
#   Reduce memory load on the system
#   Increase physical memory or swap space
#   Check if swap backing store is full
#   Decrease Java heap size (-Xmx/-Xms)
#   Decrease number of Java threads
#   Decrease Java thread stack sizes (-Xss)
#   Set larger code cache with -XX:ReservedCodeCacheSize=
#   JVM is running with Unscaled Compressed Oops mode in which the Java heap is
#     placed in the first 4GB address space. The Java Heap base address is the
#     maximum limit for the native heap growth. Please use -XX:HeapBaseMinAddress
#     to set the Java Heap base and to place the Java Heap above 4GB virtual address.
# This output file may be truncated or incomplete.
#
#  Out of Memory Error (arena.cpp:168), pid=12728, tid=10928
#
# JRE version: OpenJDK Runtime Environment Temurin-21.0.8+9 (21.0.8+9) (build 21.0.8+9-LTS)
# Java VM: OpenJDK 64-Bit Server VM Temurin-21.0.8+9 (21.0.8+9-LTS, mixed mode, sharing, tiered, compressed oops, compressed class ptrs, parallel gc, windows-amd64)
# No core dump will be written. Minidumps are not enabled by default on client versions of Windows
#

---------------  S U M M A R Y ------------

Command Line: --add-modules=ALL-SYSTEM --add-opens=java.base/java.util=ALL-UNNAMED --add-opens=java.base/java.lang=ALL-UNNAMED --add-opens=java.base/sun.nio.fs=ALL-UNNAMED -Declipse.application=org.eclipse.jdt.ls.core.id1 -Dosgi.bundles.defaultStartLevel=4 -Declipse.product=org.eclipse.jdt.ls.core.product -Djava.import.generatesMetadataFilesAtProjectRoot=false -DDetectVMInstallationsJob.disabled=true -Dfile.encoding=utf8 -XX:+UseParallelGC -XX:GCTimeRatio=4 -XX:AdaptiveSizePolicyWeight=90 -Dsun.zip.disableMemoryMapping=true -Xmx2G -Xms100m -Xlog:disable -javaagent:c:\Users\IDEAPAD\.vscode\extensions\redhat.java-1.47.0-win32-x64\lombok\lombok-1.18.39-4050.jar -XX:+HeapDumpOnOutOfMemoryError -XX:HeapDumpPath=c:\Users\IDEAPAD\AppData\Roaming\Code\User\workspaceStorage\ef8eac353ddc2548c941ff37fcb9f241\redhat.java -Daether.dependencyCollector.impl=bf c:\Users\IDEAPAD\.vscode\extensions\redhat.java-1.47.0-win32-x64\server\plugins\org.eclipse.equinox.launcher_1.7.100.v20251014-1222.jar -configuration c:\Users\IDEAPAD\AppData\Roaming\Code\User\globalStorage\redhat.java\1.47.0\config_win -data c:\Users\IDEAPAD\AppData\Roaming\Code\User\workspaceStorage\ef8eac353ddc2548c941ff37fcb9f241\redhat.java\jdt_ws --pipe=\\.\pipe\lsp-9cab12f4ebb1c3beb509e62eaef7c7f6-sock

Host: 11th Gen Intel(R) Core(TM) i5-1135G7 @ 2.40GHz, 8 cores, 3G,  Windows 10 , 64 bit Build 19041 (10.0.19041.5794)
Time: Sat Nov 15 16:05:35 2025 Hora estándar central (México) elapsed time: 16.889371 seconds (0d 0h 0m 16s)

---------------  T H R E A D  ---------------

Current thread (0x00000196793e6350):  JavaThread "C2 CompilerThread0" daemon [_thread_in_native, id=10928, stack(0x0000006a53700000,0x0000006a53800000) (1024K)]


Current CompileTask:
C2:16889 10907       4       org.eclipse.jdt.internal.compiler.util.JrtFileSystem$2::visitFile (72 bytes)

Stack: [0x0000006a53700000,0x0000006a53800000]
Native frames: (J=compiled Java code, j=interpreted, Vv=VM code, C=native code)
V  [jvm.dll+0x6d2449]
V  [jvm.dll+0x8ae341]
V  [jvm.dll+0x8b08be]
V  [jvm.dll+0x8b0fa3]
V  [jvm.dll+0x280c96]
V  [jvm.dll+0xc581d]
V  [jvm.dll+0xc5d53]
V  [jvm.dll+0x3b9162]
V  [jvm.dll+0x385315]
V  [jvm.dll+0x38477a]
V  [jvm.dll+0x248ed0]
V  [jvm.dll+0x2484af]
V  [jvm.dll+0x1c89ee]
V  [jvm.dll+0x257d4d]
V  [jvm.dll+0x2562ea]
V  [jvm.dll+0x3f2d16]
V  [jvm.dll+0x857e6b]
V  [jvm.dll+0x6d0b0d]
C  [ucrtbase.dll+0x21bb2]
C  [KERNEL32.DLL+0x17374]
C  [ntdll.dll+0x4cc91]


---------------  P R O C E S S  ---------------

Threads class SMR info:
_java_thread_list=0x00000196428215c0, length=59, elements={
0x000001966297cd00, 0x00000196793d6180, 0x00000196793d7b50, 0x00000196793d9ed0,
0x00000196793dade0, 0x00000196793deab0, 0x00000196793e1510, 0x00000196793e6350,
0x00000196793e9bd0, 0x00000196629ecb30, 0x000001967f2f7fb0, 0x0000019641090cb0,
0x000001967fab91f0, 0x000001967fa77250, 0x000001967fbe5690, 0x000001964132e900,
0x00000196411b3fc0, 0x00000196417be840, 0x000001964184cfc0, 0x00000196419cb850,
0x00000196419ce640, 0x00000196419cd290, 0x00000196419cdfb0, 0x00000196419ccc00,
0x00000196419cd920, 0x00000196419cbee0, 0x00000196419cc570, 0x00000196419cb1c0,
0x00000196434f96d0, 0x00000196434f4ea0, 0x00000196434f4810, 0x00000196434f7600,
0x00000196434f5530, 0x00000196434f89b0, 0x00000196434f4180, 0x00000196434f9d60,
0x00000196434f5bc0, 0x00000196434f9040, 0x00000196434f6250, 0x00000196434f68e0,
0x00000196434f6f70, 0x00000196434f2dd0, 0x00000196434fa3f0, 0x00000196434f7c90,
0x00000196434f8320, 0x00000196434f3460, 0x00000196434f3af0, 0x0000019642580e90,
0x0000019642580170, 0x0000019642581520, 0x0000019642581bb0, 0x000001964257e730,
0x000001964257bfd0, 0x000001964257edc0, 0x0000019642582240, 0x000001964257c660,
0x00000196425828d0, 0x000001964257d380, 0x0000019642582f60
}

Java Threads: ( => current thread )
  0x000001966297cd00 JavaThread "main"                              [_thread_blocked, id=20140, stack(0x0000006a52d00000,0x0000006a52e00000) (1024K)]
  0x00000196793d6180 JavaThread "Reference Handler"          daemon [_thread_blocked, id=92, stack(0x0000006a53100000,0x0000006a53200000) (1024K)]
  0x00000196793d7b50 JavaThread "Finalizer"                  daemon [_thread_blocked, id=18020, stack(0x0000006a53200000,0x0000006a53300000) (1024K)]
  0x00000196793d9ed0 JavaThread "Signal Dispatcher"          daemon [_thread_blocked, id=5624, stack(0x0000006a53300000,0x0000006a53400000) (1024K)]
  0x00000196793dade0 JavaThread "Attach Listener"            daemon [_thread_blocked, id=13416, stack(0x0000006a53400000,0x0000006a53500000) (1024K)]
  0x00000196793deab0 JavaThread "Service Thread"             daemon [_thread_blocked, id=2072, stack(0x0000006a53500000,0x0000006a53600000) (1024K)]
  0x00000196793e1510 JavaThread "Monitor Deflation Thread"   daemon [_thread_blocked, id=20736, stack(0x0000006a53600000,0x0000006a53700000) (1024K)]
=>0x00000196793e6350 JavaThread "C2 CompilerThread0"         daemon [_thread_in_native, id=10928, stack(0x0000006a53700000,0x0000006a53800000) (1024K)]
  0x00000196793e9bd0 JavaThread "C1 CompilerThread0"         daemon [_thread_blocked, id=15144, stack(0x0000006a53800000,0x0000006a53900000) (1024K)]
  0x00000196629ecb30 JavaThread "Common-Cleaner"             daemon [_thread_blocked, id=5060, stack(0x0000006a53900000,0x0000006a53a00000) (1024K)]
  0x000001967f2f7fb0 JavaThread "Notification Thread"        daemon [_thread_blocked, id=5068, stack(0x0000006a53b00000,0x0000006a53c00000) (1024K)]
  0x0000019641090cb0 JavaThread "Active Thread: Equinox Container: d5e1bc5d-aed3-4738-8c6d-afc58bb49c3f"        [_thread_blocked, id=2056, stack(0x0000006a53c00000,0x0000006a53d00000) (1024K)]
  0x000001967fab91f0 JavaThread "Refresh Thread: Equinox Container: d5e1bc5d-aed3-4738-8c6d-afc58bb49c3f" daemon [_thread_blocked, id=1664, stack(0x0000006a54300000,0x0000006a54400000) (1024K)]
  0x000001967fa77250 JavaThread "Framework Event Dispatcher: Equinox Container: d5e1bc5d-aed3-4738-8c6d-afc58bb49c3f" daemon [_thread_blocked, id=14800, stack(0x0000006a54500000,0x0000006a54600000) (1024K)]
  0x000001967fbe5690 JavaThread "Start Level: Equinox Container: d5e1bc5d-aed3-4738-8c6d-afc58bb49c3f" daemon [_thread_blocked, id=18012, stack(0x0000006a54600000,0x0000006a54700000) (1024K)]
  0x000001964132e900 JavaThread "Bundle File Closer"         daemon [_thread_blocked, id=21036, stack(0x0000006a53a00000,0x0000006a53b00000) (1024K)]
  0x00000196411b3fc0 JavaThread "SCR Component Actor"        daemon [_thread_blocked, id=4004, stack(0x0000006a54700000,0x0000006a54800000) (1024K)]
  0x00000196417be840 JavaThread "Worker-JM"                         [_thread_blocked, id=19820, stack(0x0000006a54800000,0x0000006a54900000) (1024K)]
  0x000001964184cfc0 JavaThread "JNA Cleaner"                daemon [_thread_blocked, id=8920, stack(0x0000006a54900000,0x0000006a54a00000) (1024K)]
  0x00000196419cb850 JavaThread "Worker-0: Initialize workspace"        [_thread_blocked, id=15968, stack(0x0000006a54a00000,0x0000006a54b00000) (1024K)]
  0x00000196419ce640 JavaThread "Worker-1"                          [_thread_blocked, id=2880, stack(0x0000006a54b00000,0x0000006a54c00000) (1024K)]
  0x00000196419cd290 JavaThread "Worker-2"                          [_thread_blocked, id=13112, stack(0x0000006a54c00000,0x0000006a54d00000) (1024K)]
  0x00000196419cdfb0 JavaThread "Java indexing"              daemon [_thread_in_Java, id=6988, stack(0x0000006a54d00000,0x0000006a54e00000) (1024K)]
  0x00000196419ccc00 JavaThread "Worker-3: Initialize Workspace"        [_thread_blocked, id=10412, stack(0x0000006a55000000,0x0000006a55100000) (1024K)]
  0x00000196419cd920 JavaThread "Worker-4"                          [_thread_blocked, id=15616, stack(0x0000006a55100000,0x0000006a55200000) (1024K)]
  0x00000196419cbee0 JavaThread "Thread-1"                   daemon [_thread_in_native, id=19504, stack(0x0000006a55200000,0x0000006a55300000) (1024K)]
  0x00000196419cc570 JavaThread "Thread-2"                   daemon [_thread_in_native, id=2984, stack(0x0000006a55300000,0x0000006a55400000) (1024K)]
  0x00000196419cb1c0 JavaThread "Thread-3"                   daemon [_thread_in_native, id=20816, stack(0x0000006a55400000,0x0000006a55500000) (1024K)]
  0x00000196434f96d0 JavaThread "Thread-4"                   daemon [_thread_in_native, id=18496, stack(0x0000006a55500000,0x0000006a55600000) (1024K)]
  0x00000196434f4ea0 JavaThread "Thread-5"                   daemon [_thread_in_native, id=4736, stack(0x0000006a55600000,0x0000006a55700000) (1024K)]
  0x00000196434f4810 JavaThread "Thread-6"                   daemon [_thread_in_native, id=20524, stack(0x0000006a55700000,0x0000006a55800000) (1024K)]
  0x00000196434f7600 JavaThread "Thread-7"                   daemon [_thread_in_native, id=20744, stack(0x0000006a55800000,0x0000006a55900000) (1024K)]
  0x00000196434f5530 JavaThread "Thread-8"                   daemon [_thread_in_native, id=10768, stack(0x0000006a55900000,0x0000006a55a00000) (1024K)]
  0x00000196434f89b0 JavaThread "Thread-9"                   daemon [_thread_in_native, id=12712, stack(0x0000006a55a00000,0x0000006a55b00000) (1024K)]
  0x00000196434f4180 JavaThread "pool-2-thread-1"                   [_thread_blocked, id=8636, stack(0x0000006a55b00000,0x0000006a55c00000) (1024K)]
  0x00000196434f9d60 JavaThread "Worker-5: Java indexing... "        [_thread_blocked, id=20256, stack(0x0000006a55c00000,0x0000006a55d00000) (1024K)]
  0x00000196434f5bc0 JavaThread "WorkspaceEventsHandler"            [_thread_blocked, id=13808, stack(0x0000006a55d00000,0x0000006a55e00000) (1024K)]
  0x00000196434f9040 JavaThread "pool-1-thread-1"                   [_thread_blocked, id=19632, stack(0x0000006a55e00000,0x0000006a55f00000) (1024K)]
  0x00000196434f6250 JavaThread "LocalFile Deleter"          daemon [_thread_blocked, id=18244, stack(0x0000006a55f00000,0x0000006a56000000) (1024K)]
  0x00000196434f68e0 JavaThread "LocalFile Deleter"          daemon [_thread_blocked, id=20536, stack(0x0000006a56000000,0x0000006a56100000) (1024K)]
  0x00000196434f6f70 JavaThread "LocalFile Deleter"          daemon [_thread_blocked, id=20740, stack(0x0000006a56100000,0x0000006a56200000) (1024K)]
  0x00000196434f2dd0 JavaThread "LocalFile Deleter"          daemon [_thread_blocked, id=14180, stack(0x0000006a56200000,0x0000006a56300000) (1024K)]
  0x00000196434fa3f0 JavaThread "LocalFile Deleter"          daemon [_thread_blocked, id=7272, stack(0x0000006a56300000,0x0000006a56400000) (1024K)]
  0x00000196434f7c90 JavaThread "LocalFile Deleter"          daemon [_thread_blocked, id=16160, stack(0x0000006a56400000,0x0000006a56500000) (1024K)]
  0x00000196434f8320 JavaThread "LocalFile Deleter"          daemon [_thread_blocked, id=20556, stack(0x0000006a56500000,0x0000006a56600000) (1024K)]
  0x00000196434f3460 JavaThread "LocalFile Deleter"          daemon [_thread_blocked, id=2912, stack(0x0000006a56600000,0x0000006a56700000) (1024K)]
  0x00000196434f3af0 JavaThread "Compiler Source File Reader" daemon [_thread_blocked, id=6800, stack(0x0000006a56700000,0x0000006a56800000) (1024K)]
  0x0000019642580e90 JavaThread "Compiler Source File Reader" daemon [_thread_blocked, id=6180, stack(0x0000006a56800000,0x0000006a56900000) (1024K)]
  0x0000019642580170 JavaThread "Compiler Source File Reader" daemon [_thread_blocked, id=17200, stack(0x0000006a56900000,0x0000006a56a00000) (1024K)]
  0x0000019642581520 JavaThread "Compiler Source File Reader" daemon [_thread_blocked, id=8276, stack(0x0000006a56a00000,0x0000006a56b00000) (1024K)]
  0x0000019642581bb0 JavaThread "Compiler Source File Reader" daemon [_thread_blocked, id=13052, stack(0x0000006a56b00000,0x0000006a56c00000) (1024K)]
  0x000001964257e730 JavaThread "Compiler Source File Reader" daemon [_thread_blocked, id=5404, stack(0x0000006a56c00000,0x0000006a56d00000) (1024K)]
  0x000001964257bfd0 JavaThread "Compiler Processing Task"   daemon [_thread_blocked, id=12568, stack(0x0000006a56d00000,0x0000006a56e00000) (1024K)]
  0x000001964257edc0 JavaThread "Compiler Class File Writer" daemon [_thread_blocked, id=10876, stack(0x0000006a56e00000,0x0000006a56f00000) (1024K)]
  0x0000019642582240 JavaThread "Compiler Class File Writer" daemon [_thread_blocked, id=7892, stack(0x0000006a56f00000,0x0000006a57000000) (1024K)]
  0x000001964257c660 JavaThread "Compiler Class File Writer" daemon [_thread_blocked, id=10484, stack(0x0000006a57000000,0x0000006a57100000) (1024K)]
  0x00000196425828d0 JavaThread "Compiler Class File Writer" daemon [_thread_blocked, id=14636, stack(0x0000006a57100000,0x0000006a57200000) (1024K)]
  0x000001964257d380 JavaThread "Compiler Class File Writer" daemon [_thread_blocked, id=13984, stack(0x0000006a57200000,0x0000006a57300000) (1024K)]
  0x0000019642582f60 JavaThread "Compiler Class File Writer" daemon [_thread_blocked, id=13776, stack(0x0000006a57300000,0x0000006a57400000) (1024K)]
Total: 59

Other Threads:
  0x00000196606ef890 VMThread "VM Thread"                           [id=20824, stack(0x0000006a53000000,0x0000006a53100000) (1024K)]
  0x00000196629eb050 WatcherThread "VM Periodic Task Thread"        [id=20308, stack(0x0000006a52f00000,0x0000006a53000000) (1024K)]
  0x00000196606edf30 WorkerThread "GC Thread#0"                     [id=15884, stack(0x0000006a52e00000,0x0000006a52f00000) (1024K)]
  0x00000196606eea10 WorkerThread "GC Thread#1"                     [id=17860, stack(0x0000006a53d00000,0x0000006a53e00000) (1024K)]
  0x00000196606eedb0 WorkerThread "GC Thread#2"                     [id=8940, stack(0x0000006a53e00000,0x0000006a53f00000) (1024K)]
  0x000001967f6c26a0 WorkerThread "GC Thread#3"                     [id=1304, stack(0x0000006a53f00000,0x0000006a54000000) (1024K)]
  0x000001967f6c0600 WorkerThread "GC Thread#4"                     [id=19172, stack(0x0000006a54000000,0x0000006a54100000) (1024K)]
  0x000001967f6c10e0 WorkerThread "GC Thread#5"                     [id=5520, stack(0x0000006a54100000,0x0000006a54200000) (1024K)]
  0x000001967f6c1480 WorkerThread "GC Thread#6"                     [id=6244, stack(0x0000006a54200000,0x0000006a54300000) (1024K)]
  0x000001967f6c3520 WorkerThread "GC Thread#7"                     [id=10784, stack(0x0000006a54400000,0x0000006a54500000) (1024K)]
Total: 10

Threads with active compile tasks:
C2 CompilerThread0  16945 10907       4       org.eclipse.jdt.internal.compiler.util.JrtFileSystem$2::visitFile (72 bytes)
Total: 1

VM state: not at safepoint (normal execution)

VM Mutex/Monitor currently owned by a thread: None

Heap address: 0x0000000080000000, size: 2048 MB, Compressed Oops mode: 32-bit

CDS archive(s) mapped at: [0x0000019600000000-0x0000019600ba0000-0x0000019600ba0000), size 12189696, SharedBaseAddress: 0x0000019600000000, ArchiveRelocationMode: 1.
Compressed class space mapped at: 0x0000019601000000-0x0000019641000000, reserved size: 1073741824
Narrow klass base: 0x0000019600000000, Narrow klass shift: 0, Narrow klass range: 0x100000000

GC Precious Log:
 CardTable entry size: 512
 CPUs: 8 total, 8 available
 Memory: 3895M
 Large Page Support: Disabled
 NUMA Support: Disabled
 Compressed Oops: Enabled (32-bit)
 Alignments: Space 512K, Generation 512K, Heap 2M
 Heap Min Capacity: 100M
 Heap Initial Capacity: 100M
 Heap Max Capacity: 2G
 Pre-touch: Disabled
 Parallel Workers: 8

Heap:
 PSYoungGen      total 2560K, used 1328K [0x00000000d5580000, 0x00000000d5980000, 0x0000000100000000)
  eden space 1024K, 23% used [0x00000000d5580000,0x00000000d55bd368,0x00000000d5680000)
  from space 1536K, 70% used [0x00000000d5680000,0x00000000d578ed50,0x00000000d5800000)
  to   space 1536K, 0% used [0x00000000d5800000,0x00000000d5800000,0x00000000d5980000)
 ParOldGen       total 366080K, used 365825K [0x0000000080000000, 0x0000000096580000, 0x00000000d5580000)
  object space 366080K, 99% used [0x0000000080000000,0x0000000096540558,0x0000000096580000)
 Metaspace       used 61578K, committed 63040K, reserved 1114112K
  class space    used 6562K, committed 7168K, reserved 1048576K

Card table byte_map: [0x0000019662320000,0x0000019662730000] _byte_map_base: 0x0000019661f20000

Marking Bits: (ParMarkBitMap*) 0x00007ffdb768a340
 Begin Bits: [0x0000019674e20000, 0x0000019676e20000)
 End Bits:   [0x0000019676e20000, 0x0000019678e20000)

Polling page: 0x0000019660830000

Metaspace:

Usage:
  Non-class:     53.73 MB used.
      Class:      6.41 MB used.
       Both:     60.13 MB used.

Virtual space:
  Non-class space:       64.00 MB reserved,      54.56 MB ( 85%) committed,  1 nodes.
      Class space:        1.00 GB reserved,       7.00 MB ( <1%) committed,  1 nodes.
             Both:        1.06 GB reserved,      61.56 MB (  6%) committed. 

Chunk freelists:
   Non-Class:  9.38 MB
       Class:  9.00 MB
        Both:  18.38 MB

MaxMetaspaceSize: unlimited
CompressedClassSpaceSize: 1.00 GB
Initial GC threshold: 21.00 MB
Current GC threshold: 97.31 MB
CDS: on
 - commit_granule_bytes: 65536.
 - commit_granule_words: 8192.
 - virtual_space_node_default_size: 8388608.
 - enlarge_chunks_in_place: 1.
 - use_allocation_guard: 0.


Internal statistics:

num_allocs_failed_limit: 11.
num_arena_births: 1236.
num_arena_deaths: 14.
num_vsnodes_births: 2.
num_vsnodes_deaths: 0.
num_space_committed: 985.
num_space_uncommitted: 0.
num_chunks_returned_to_freelist: 25.
num_chunks_taken_from_freelist: 4206.
num_chunk_merges: 13.
num_chunk_splits: 2537.
num_chunks_enlarged: 1375.
num_inconsistent_stats: 0.

CodeHeap 'non-profiled nmethods': size=120000Kb used=4343Kb max_used=4343Kb free=115656Kb
 bounds [0x000001966d640000, 0x000001966da80000, 0x0000019674b70000]
CodeHeap 'profiled nmethods': size=120000Kb used=21929Kb max_used=21929Kb free=98070Kb
 bounds [0x0000019665b70000, 0x00000196670e0000, 0x000001966d0a0000]
CodeHeap 'non-nmethods': size=5760Kb used=1436Kb max_used=1495Kb free=4323Kb
 bounds [0x000001966d0a0000, 0x000001966d310000, 0x000001966d640000]
CodeCache: size=245760Kb, used=27708Kb, max_used=27767Kb, free=218049Kb
 total_blobs=11395, nmethods=10653, adapters=647, full_count=0
Compilation: enabled, stopped_count=0, restarted_count=0

Compilation events (20 events):
Event: 16.622 Thread 0x00000196793e9bd0 11387   !   2       java.util.concurrent.locks.LockSupport::park (47 bytes)
Event: 16.623 Thread 0x00000196793e9bd0 nmethod 11387 0x00000196670d9f10 code [0x00000196670da0e0, 0x00000196670da328]
Event: 16.624 Thread 0x00000196793e6350 nmethod 11368 0x000001966da79290 code [0x000001966da79560, 0x000001966da7a520]
Event: 16.624 Thread 0x00000196793e6350 11268       4       org.eclipse.jdt.internal.core.index.DiskIndex$IntList::add (67 bytes)
Event: 16.627 Thread 0x00000196793e6350 nmethod 11268 0x000001966da7b090 code [0x000001966da7b220, 0x000001966da7b538]
Event: 16.627 Thread 0x00000196793e6350 11313       4       java.nio.charset.CoderResult::isUnderflow (13 bytes)
Event: 16.627 Thread 0x00000196793e6350 nmethod 11313 0x000001966da7b690 code [0x000001966da7b820, 0x000001966da7b8b8]
Event: 16.627 Thread 0x00000196793e6350 11179       4       java.lang.String::toCharArray (25 bytes)
Event: 16.628 Thread 0x00000196793e6350 nmethod 11179 0x000001966da7b990 code [0x000001966da7bb40, 0x000001966da7bde0]
Event: 16.628 Thread 0x00000196793e6350 11359       4       java.lang.Integer::valueOf (32 bytes)
Event: 16.629 Thread 0x00000196793e6350 nmethod 11359 0x000001966da7bf10 code [0x000001966da7c0a0, 0x000001966da7c190]
Event: 16.629 Thread 0x00000196793e6350 11295       4       java.lang.Character::codePointBefore (48 bytes)
Event: 16.632 Thread 0x00000196793e6350 nmethod 11295 0x000001966da7c290 code [0x000001966da7c460, 0x000001966da7c6e0]
Event: 16.632 Thread 0x00000196793e6350 11294       4       java.lang.StringConcatHelper::simpleConcat (94 bytes)
Event: 16.640 Thread 0x00000196793e6350 nmethod 11294 0x000001966da7ca10 code [0x000001966da7cc00, 0x000001966da7d378]
Event: 16.640 Thread 0x00000196793e6350 11298       4       sun.nio.fs.WindowsPath::<init> (26 bytes)
Event: 16.641 Thread 0x00000196793e6350 nmethod 11298 0x000001966da7d910 code [0x000001966da7daa0, 0x000001966da7db58]
Event: 16.641 Thread 0x00000196793e6350 11172       4       java.lang.Math::min (12 bytes)
Event: 16.641 Thread 0x00000196793e6350 nmethod 11172 0x000001966da7dc10 code [0x000001966da7dd80, 0x000001966da7ddf8]
Event: 16.641 Thread 0x00000196793e6350 10907       4       org.eclipse.jdt.internal.compiler.util.JrtFileSystem$2::visitFile (72 bytes)

GC Heap History (20 events):
Event: 16.596 GC heap before
{Heap before GC invocations=325 (full 3):
 PSYoungGen      total 1536K, used 1024K [0x00000000d5580000, 0x00000000d5880000, 0x0000000100000000)
  eden space 512K, 100% used [0x00000000d5580000,0x00000000d5600000,0x00000000d5600000)
  from space 1024K, 50% used [0x00000000d5600000,0x00000000d5680000,0x00000000d5700000)
  to   space 1024K, 0% used [0x00000000d5780000,0x00000000d5780000,0x00000000d5880000)
 ParOldGen       total 356864K, used 356730K [0x0000000080000000, 0x0000000095c80000, 0x00000000d5580000)
  object space 356864K, 99% used [0x0000000080000000,0x0000000095c5eb28,0x0000000095c80000)
 Metaspace       used 61575K, committed 63040K, reserved 1114112K
  class space    used 6562K, committed 7168K, reserved 1048576K
}
Event: 16.599 GC heap after
{Heap after GC invocations=325 (full 3):
 PSYoungGen      total 1536K, used 576K [0x00000000d5580000, 0x00000000d5880000, 0x0000000100000000)
  eden space 512K, 0% used [0x00000000d5580000,0x00000000d5580000,0x00000000d5600000)
  from space 1024K, 56% used [0x00000000d5780000,0x00000000d5810000,0x00000000d5880000)
  to   space 1024K, 0% used [0x00000000d5600000,0x00000000d5600000,0x00000000d5700000)
 ParOldGen       total 357376K, used 357109K [0x0000000080000000, 0x0000000095d00000, 0x00000000d5580000)
  object space 357376K, 99% used [0x0000000080000000,0x0000000095cbd5a0,0x0000000095d00000)
 Metaspace       used 61575K, committed 63040K, reserved 1114112K
  class space    used 6562K, committed 7168K, reserved 1048576K
}
Event: 16.610 GC heap before
{Heap before GC invocations=326 (full 3):
 PSYoungGen      total 1536K, used 1088K [0x00000000d5580000, 0x00000000d5880000, 0x0000000100000000)
  eden space 512K, 100% used [0x00000000d5580000,0x00000000d5600000,0x00000000d5600000)
  from space 1024K, 56% used [0x00000000d5780000,0x00000000d5810000,0x00000000d5880000)
  to   space 1024K, 0% used [0x00000000d5600000,0x00000000d5600000,0x00000000d5700000)
 ParOldGen       total 357376K, used 357109K [0x0000000080000000, 0x0000000095d00000, 0x00000000d5580000)
  object space 357376K, 99% used [0x0000000080000000,0x0000000095cbd5a0,0x0000000095d00000)
 Metaspace       used 61576K, committed 63040K, reserved 1114112K
  class space    used 6562K, committed 7168K, reserved 1048576K
}
Event: 16.612 GC heap after
{Heap after GC invocations=326 (full 3):
 PSYoungGen      total 1536K, used 499K [0x00000000d5580000, 0x00000000d5800000, 0x0000000100000000)
  eden space 512K, 0% used [0x00000000d5580000,0x00000000d5580000,0x00000000d5600000)
  from space 1024K, 48% used [0x00000000d5600000,0x00000000d567cfd0,0x00000000d5700000)
  to   space 1024K, 0% used [0x00000000d5700000,0x00000000d5700000,0x00000000d5800000)
 ParOldGen       total 357888K, used 357537K [0x0000000080000000, 0x0000000095d80000, 0x00000000d5580000)
  object space 357888K, 99% used [0x0000000080000000,0x0000000095d28598,0x0000000095d80000)
 Metaspace       used 61576K, committed 63040K, reserved 1114112K
  class space    used 6562K, committed 7168K, reserved 1048576K
}
Event: 16.616 GC heap before
{Heap before GC invocations=327 (full 3):
 PSYoungGen      total 1536K, used 1004K [0x00000000d5580000, 0x00000000d5800000, 0x0000000100000000)
  eden space 512K, 98% used [0x00000000d5580000,0x00000000d55fe2b8,0x00000000d5600000)
  from space 1024K, 48% used [0x00000000d5600000,0x00000000d567cfd0,0x00000000d5700000)
  to   space 1024K, 0% used [0x00000000d5700000,0x00000000d5700000,0x00000000d5800000)
 ParOldGen       total 357888K, used 357537K [0x0000000080000000, 0x0000000095d80000, 0x00000000d5580000)
  object space 357888K, 99% used [0x0000000080000000,0x0000000095d28598,0x0000000095d80000)
 Metaspace       used 61577K, committed 63040K, reserved 1114112K
  class space    used 6562K, committed 7168K, reserved 1048576K
}
Event: 16.620 GC heap after
{Heap after GC invocations=327 (full 3):
 PSYoungGen      total 1536K, used 320K [0x00000000d5580000, 0x00000000d5780000, 0x0000000100000000)
  eden space 1024K, 0% used [0x00000000d5580000,0x00000000d5580000,0x00000000d5680000)
  from space 512K, 62% used [0x00000000d5700000,0x00000000d5750000,0x00000000d5780000)
  to   space 512K, 0% used [0x00000000d5680000,0x00000000d5680000,0x00000000d5700000)
 ParOldGen       total 358400K, used 357901K [0x0000000080000000, 0x0000000095e00000, 0x00000000d5580000)
  object space 358400K, 99% used [0x0000000080000000,0x0000000095d83578,0x0000000095e00000)
 Metaspace       used 61577K, committed 63040K, reserved 1114112K
  class space    used 6562K, committed 7168K, reserved 1048576K
}
Event: 16.649 GC heap before
{Heap before GC invocations=328 (full 3):
 PSYoungGen      total 1536K, used 1344K [0x00000000d5580000, 0x00000000d5780000, 0x0000000100000000)
  eden space 1024K, 100% used [0x00000000d5580000,0x00000000d5680000,0x00000000d5680000)
  from space 512K, 62% used [0x00000000d5700000,0x00000000d5750000,0x00000000d5780000)
  to   space 512K, 0% used [0x00000000d5680000,0x00000000d5680000,0x00000000d5700000)
 ParOldGen       total 358400K, used 357901K [0x0000000080000000, 0x0000000095e00000, 0x00000000d5580000)
  object space 358400K, 99% used [0x0000000080000000,0x0000000095d83578,0x0000000095e00000)
 Metaspace       used 61578K, committed 63040K, reserved 1114112K
  class space    used 6562K, committed 7168K, reserved 1048576K
}
Event: 16.652 GC heap after
{Heap after GC invocations=328 (full 3):
 PSYoungGen      total 1536K, used 512K [0x00000000d5580000, 0x00000000d5a00000, 0x0000000100000000)
  eden space 1024K, 0% used [0x00000000d5580000,0x00000000d5580000,0x00000000d5680000)
  from space 512K, 100% used [0x00000000d5680000,0x00000000d5700000,0x00000000d5700000)
  to   space 1536K, 0% used [0x00000000d5880000,0x00000000d5880000,0x00000000d5a00000)
 ParOldGen       total 358912K, used 358447K [0x0000000080000000, 0x0000000095e80000, 0x00000000d5580000)
  object space 358912K, 99% used [0x0000000080000000,0x0000000095e0bf78,0x0000000095e80000)
 Metaspace       used 61578K, committed 63040K, reserved 1114112K
  class space    used 6562K, committed 7168K, reserved 1048576K
}
Event: 16.677 GC heap before
{Heap before GC invocations=329 (full 3):
 PSYoungGen      total 1536K, used 1322K [0x00000000d5580000, 0x00000000d5a00000, 0x0000000100000000)
  eden space 1024K, 79% used [0x00000000d5580000,0x00000000d564aa08,0x00000000d5680000)
  from space 512K, 100% used [0x00000000d5680000,0x00000000d5700000,0x00000000d5700000)
  to   space 1536K, 0% used [0x00000000d5880000,0x00000000d5880000,0x00000000d5a00000)
 ParOldGen       total 358912K, used 358447K [0x0000000080000000, 0x0000000095e80000, 0x00000000d5580000)
  object space 358912K, 99% used [0x0000000080000000,0x0000000095e0bf78,0x0000000095e80000)
 Metaspace       used 61578K, committed 63040K, reserved 1114112K
  class space    used 6562K, committed 7168K, reserved 1048576K
}
Event: 16.679 GC heap after
{Heap after GC invocations=329 (full 3):
 PSYoungGen      total 2048K, used 907K [0x00000000d5580000, 0x00000000d5980000, 0x0000000100000000)
  eden space 1024K, 0% used [0x00000000d5580000,0x00000000d5580000,0x00000000d5680000)
  from space 1024K, 88% used [0x00000000d5880000,0x00000000d5962e88,0x00000000d5980000)
  to   space 1024K, 0% used [0x00000000d5780000,0x00000000d5780000,0x00000000d5880000)
 ParOldGen       total 359424K, used 358999K [0x0000000080000000, 0x0000000095f00000, 0x00000000d5580000)
  object space 359424K, 99% used [0x0000000080000000,0x0000000095e95f40,0x0000000095f00000)
 Metaspace       used 61578K, committed 63040K, reserved 1114112K
  class space    used 6562K, committed 7168K, reserved 1048576K
}
Event: 16.699 GC heap before
{Heap before GC invocations=330 (full 3):
 PSYoungGen      total 2048K, used 1931K [0x00000000d5580000, 0x00000000d5980000, 0x0000000100000000)
  eden space 1024K, 100% used [0x00000000d5580000,0x00000000d5680000,0x00000000d5680000)
  from space 1024K, 88% used [0x00000000d5880000,0x00000000d5962e88,0x00000000d5980000)
  to   space 1024K, 0% used [0x00000000d5780000,0x00000000d5780000,0x00000000d5880000)
 ParOldGen       total 359424K, used 358999K [0x0000000080000000, 0x0000000095f00000, 0x00000000d5580000)
  object space 359424K, 99% used [0x0000000080000000,0x0000000095e95f40,0x0000000095f00000)
 Metaspace       used 61578K, committed 63040K, reserved 1114112K
  class space    used 6562K, committed 7168K, reserved 1048576K
}
Event: 16.702 GC heap after
{Heap after GC invocations=330 (full 3):
 PSYoungGen      total 2048K, used 775K [0x00000000d5580000, 0x00000000d5900000, 0x0000000100000000)
  eden space 1024K, 0% used [0x00000000d5580000,0x00000000d5580000,0x00000000d5680000)
  from space 1024K, 75% used [0x00000000d5780000,0x00000000d5841eb8,0x00000000d5880000)
  to   space 512K, 0% used [0x00000000d5880000,0x00000000d5880000,0x00000000d5900000)
 ParOldGen       total 360448K, used 360144K [0x0000000080000000, 0x0000000096000000, 0x00000000d5580000)
  object space 360448K, 99% used [0x0000000080000000,0x0000000095fb4308,0x0000000096000000)
 Metaspace       used 61578K, committed 63040K, reserved 1114112K
  class space    used 6562K, committed 7168K, reserved 1048576K
}
Event: 16.725 GC heap before
{Heap before GC invocations=331 (full 3):
 PSYoungGen      total 2048K, used 1799K [0x00000000d5580000, 0x00000000d5900000, 0x0000000100000000)
  eden space 1024K, 100% used [0x00000000d5580000,0x00000000d5680000,0x00000000d5680000)
  from space 1024K, 75% used [0x00000000d5780000,0x00000000d5841eb8,0x00000000d5880000)
  to   space 512K, 0% used [0x00000000d5880000,0x00000000d5880000,0x00000000d5900000)
 ParOldGen       total 360448K, used 360144K [0x0000000080000000, 0x0000000096000000, 0x00000000d5580000)
  object space 360448K, 99% used [0x0000000080000000,0x0000000095fb4308,0x0000000096000000)
 Metaspace       used 61578K, committed 63040K, reserved 1114112K
  class space    used 6562K, committed 7168K, reserved 1048576K
}
Event: 16.728 GC heap after
{Heap after GC invocations=331 (full 3):
 PSYoungGen      total 1536K, used 512K [0x00000000d5580000, 0x00000000d5a80000, 0x0000000100000000)
  eden space 1024K, 0% used [0x00000000d5580000,0x00000000d5580000,0x00000000d5680000)
  from space 512K, 100% used [0x00000000d5880000,0x00000000d5900000,0x00000000d5900000)
  to   space 2048K, 0% used [0x00000000d5680000,0x00000000d5680000,0x00000000d5880000)
 ParOldGen       total 361472K, used 361381K [0x0000000080000000, 0x0000000096100000, 0x00000000d5580000)
  object space 361472K, 99% used [0x0000000080000000,0x00000000960e9730,0x0000000096100000)
 Metaspace       used 61578K, committed 63040K, reserved 1114112K
  class space    used 6562K, committed 7168K, reserved 1048576K
}
Event: 16.759 GC heap before
{Heap before GC invocations=332 (full 3):
 PSYoungGen      total 1536K, used 1335K [0x00000000d5580000, 0x00000000d5a80000, 0x0000000100000000)
  eden space 1024K, 80% used [0x00000000d5580000,0x00000000d564df58,0x00000000d5680000)
  from space 512K, 100% used [0x00000000d5880000,0x00000000d5900000,0x00000000d5900000)
  to   space 2048K, 0% used [0x00000000d5680000,0x00000000d5680000,0x00000000d5880000)
 ParOldGen       total 361472K, used 361381K [0x0000000080000000, 0x0000000096100000, 0x00000000d5580000)
  object space 361472K, 99% used [0x0000000080000000,0x00000000960e9730,0x0000000096100000)
 Metaspace       used 61578K, committed 63040K, reserved 1114112K
  class space    used 6562K, committed 7168K, reserved 1048576K
}
Event: 16.763 GC heap after
{Heap after GC invocations=332 (full 3):
 PSYoungGen      total 2048K, used 915K [0x00000000d5580000, 0x00000000d5980000, 0x0000000100000000)
  eden space 1024K, 0% used [0x00000000d5580000,0x00000000d5580000,0x00000000d5680000)
  from space 1024K, 89% used [0x00000000d5680000,0x00000000d5764fd0,0x00000000d5780000)
  to   space 1536K, 0% used [0x00000000d5800000,0x00000000d5800000,0x00000000d5980000)
 ParOldGen       total 361984K, used 361901K [0x0000000080000000, 0x0000000096180000, 0x00000000d5580000)
  object space 361984K, 99% used [0x0000000080000000,0x000000009616b730,0x0000000096180000)
 Metaspace       used 61578K, committed 63040K, reserved 1114112K
  class space    used 6562K, committed 7168K, reserved 1048576K
}
Event: 16.786 GC heap before
{Heap before GC invocations=333 (full 3):
 PSYoungGen      total 2048K, used 1936K [0x00000000d5580000, 0x00000000d5980000, 0x0000000100000000)
  eden space 1024K, 99% used [0x00000000d5580000,0x00000000d567f118,0x00000000d5680000)
  from space 1024K, 89% used [0x00000000d5680000,0x00000000d5764fd0,0x00000000d5780000)
  to   space 1536K, 0% used [0x00000000d5800000,0x00000000d5800000,0x00000000d5980000)
 ParOldGen       total 361984K, used 361901K [0x0000000080000000, 0x0000000096180000, 0x00000000d5580000)
  object space 361984K, 99% used [0x0000000080000000,0x000000009616b730,0x0000000096180000)
 Metaspace       used 61578K, committed 63040K, reserved 1114112K
  class space    used 6562K, committed 7168K, reserved 1048576K
}
Event: 16.791 GC heap after
{Heap after GC invocations=333 (full 3):
 PSYoungGen      total 2560K, used 1184K [0x00000000d5580000, 0x00000000d5980000, 0x0000000100000000)
  eden space 1024K, 0% used [0x00000000d5580000,0x00000000d5580000,0x00000000d5680000)
  from space 1536K, 77% used [0x00000000d5800000,0x00000000d5928000,0x00000000d5980000)
  to   space 1536K, 0% used [0x00000000d5680000,0x00000000d5680000,0x00000000d5800000)
 ParOldGen       total 363008K, used 362732K [0x0000000080000000, 0x0000000096280000, 0x00000000d5580000)
  object space 363008K, 99% used [0x0000000080000000,0x000000009623b130,0x0000000096280000)
 Metaspace       used 61578K, committed 63040K, reserved 1114112K
  class space    used 6562K, committed 7168K, reserved 1048576K
}
Event: 16.836 GC heap before
{Heap before GC invocations=334 (full 3):
 PSYoungGen      total 2560K, used 2208K [0x00000000d5580000, 0x00000000d5980000, 0x0000000100000000)
  eden space 1024K, 100% used [0x00000000d5580000,0x00000000d5680000,0x00000000d5680000)
  from space 1536K, 77% used [0x00000000d5800000,0x00000000d5928000,0x00000000d5980000)
  to   space 1536K, 0% used [0x00000000d5680000,0x00000000d5680000,0x00000000d5800000)
 ParOldGen       total 363008K, used 362732K [0x0000000080000000, 0x0000000096280000, 0x00000000d5580000)
  object space 363008K, 99% used [0x0000000080000000,0x000000009623b130,0x0000000096280000)
 Metaspace       used 61578K, committed 63040K, reserved 1114112K
  class space    used 6562K, committed 7168K, reserved 1048576K
}
Event: 16.845 GC heap after
{Heap after GC invocations=334 (full 3):
 PSYoungGen      total 2560K, used 1159K [0x00000000d5580000, 0x00000000d5980000, 0x0000000100000000)
  eden space 1024K, 0% used [0x00000000d5580000,0x00000000d5580000,0x00000000d5680000)
  from space 1536K, 75% used [0x00000000d5680000,0x00000000d57a1fa0,0x00000000d5800000)
  to   space 1536K, 0% used [0x00000000d5800000,0x00000000d5800000,0x00000000d5980000)
 ParOldGen       total 364032K, used 363764K [0x0000000080000000, 0x0000000096380000, 0x00000000d5580000)
  object space 364032K, 99% used [0x0000000080000000,0x000000009633d120,0x0000000096380000)
 Metaspace       used 61578K, committed 63040K, reserved 1114112K
  class space    used 6562K, committed 7168K, reserved 1048576K
}

Dll operation events (10 events):
Event: 0.013 Loaded shared library c:\Users\IDEAPAD\.vscode\extensions\redhat.java-1.47.0-win32-x64\jre\21.0.8-win32-x86_64\bin\java.dll
Event: 0.118 Loaded shared library c:\Users\IDEAPAD\.vscode\extensions\redhat.java-1.47.0-win32-x64\jre\21.0.8-win32-x86_64\bin\zip.dll
Event: 0.153 Loaded shared library C:\Users\IDEAPAD\.vscode\extensions\redhat.java-1.47.0-win32-x64\jre\21.0.8-win32-x86_64\bin\instrument.dll
Event: 0.161 Loaded shared library C:\Users\IDEAPAD\.vscode\extensions\redhat.java-1.47.0-win32-x64\jre\21.0.8-win32-x86_64\bin\net.dll
Event: 0.163 Loaded shared library C:\Users\IDEAPAD\.vscode\extensions\redhat.java-1.47.0-win32-x64\jre\21.0.8-win32-x86_64\bin\nio.dll
Event: 0.172 Loaded shared library C:\Users\IDEAPAD\.vscode\extensions\redhat.java-1.47.0-win32-x64\jre\21.0.8-win32-x86_64\bin\zip.dll
Event: 0.199 Loaded shared library C:\Users\IDEAPAD\.vscode\extensions\redhat.java-1.47.0-win32-x64\jre\21.0.8-win32-x86_64\bin\jimage.dll
Event: 0.296 Loaded shared library c:\Users\IDEAPAD\.vscode\extensions\redhat.java-1.47.0-win32-x64\jre\21.0.8-win32-x86_64\bin\verify.dll
Event: 1.820 Loaded shared library C:\Users\IDEAPAD\AppData\Roaming\Code\User\globalStorage\redhat.java\1.47.0\config_win\org.eclipse.equinox.launcher\org.eclipse.equinox.launcher.win32.win32.x86_64_1.2.1400.v20250801-0854\eclipse_11916.dll
Event: 4.136 Loaded shared library C:\Users\IDEAPAD\AppData\Local\Temp\jna--1919187428\jna16490031956875825847.dll

Deoptimization events (20 events):
Event: 16.072 Thread 0x00000196419cdfb0 DEOPT PACKING pc=0x0000019667097325 sp=0x0000006a54dff050
Event: 16.072 Thread 0x00000196419cdfb0 DEOPT UNPACKING pc=0x000001966d0f78e2 sp=0x0000006a54dfe4e8 mode 0
Event: 16.082 Thread 0x00000196419cdfb0 DEOPT PACKING pc=0x0000019667097325 sp=0x0000006a54dff050
Event: 16.082 Thread 0x00000196419cdfb0 DEOPT UNPACKING pc=0x000001966d0f78e2 sp=0x0000006a54dfe4e8 mode 0
Event: 16.138 Thread 0x00000196419cdfb0 DEOPT PACKING pc=0x0000019667097325 sp=0x0000006a54dff050
Event: 16.138 Thread 0x00000196419cdfb0 DEOPT UNPACKING pc=0x000001966d0f78e2 sp=0x0000006a54dfe4e8 mode 0
Event: 16.168 Thread 0x00000196419cdfb0 DEOPT PACKING pc=0x0000019667097325 sp=0x0000006a54dff050
Event: 16.168 Thread 0x00000196419cdfb0 DEOPT UNPACKING pc=0x000001966d0f78e2 sp=0x0000006a54dfe4e8 mode 0
Event: 16.182 Thread 0x00000196419cdfb0 DEOPT PACKING pc=0x0000019667097325 sp=0x0000006a54dff050
Event: 16.182 Thread 0x00000196419cdfb0 DEOPT UNPACKING pc=0x000001966d0f78e2 sp=0x0000006a54dfe4e8 mode 0
Event: 16.221 Thread 0x00000196419cdfb0 DEOPT PACKING pc=0x0000019667097325 sp=0x0000006a54dff050
Event: 16.221 Thread 0x00000196419cdfb0 DEOPT UNPACKING pc=0x000001966d0f78e2 sp=0x0000006a54dfe4e8 mode 0
Event: 16.266 Thread 0x00000196419cdfb0 DEOPT PACKING pc=0x0000019667097325 sp=0x0000006a54dff050
Event: 16.266 Thread 0x00000196419cdfb0 DEOPT UNPACKING pc=0x000001966d0f78e2 sp=0x0000006a54dfe4e8 mode 0
Event: 16.277 Thread 0x00000196419cdfb0 DEOPT PACKING pc=0x0000019667097325 sp=0x0000006a54dff050
Event: 16.277 Thread 0x00000196419cdfb0 DEOPT UNPACKING pc=0x000001966d0f78e2 sp=0x0000006a54dfe4e8 mode 0
Event: 16.310 Thread 0x00000196419cdfb0 DEOPT PACKING pc=0x0000019667097325 sp=0x0000006a54dff050
Event: 16.310 Thread 0x00000196419cdfb0 DEOPT UNPACKING pc=0x000001966d0f78e2 sp=0x0000006a54dfe4e8 mode 0
Event: 16.498 Thread 0x00000196419cdfb0 DEOPT PACKING pc=0x0000019667097325 sp=0x0000006a54dff050
Event: 16.498 Thread 0x00000196419cdfb0 DEOPT UNPACKING pc=0x000001966d0f78e2 sp=0x0000006a54dfe4e8 mode 0

Classes loaded (20 events):
Event: 15.643 Loading class java/util/TreeMap$TreeMapSpliterator done
Event: 15.644 Loading class java/util/TreeMap$ValueSpliterator done
Event: 15.690 Loading class java/util/concurrent/CompletionException
Event: 15.690 Loading class java/util/concurrent/CompletionException done
Event: 15.699 Loading class java/nio/file/FileTreeWalker$1
Event: 15.699 Loading class java/nio/file/FileTreeWalker$1 done
Event: 15.701 Loading class sun/nio/fs/Globs
Event: 15.703 Loading class sun/nio/fs/Globs done
Event: 15.704 Loading class java/util/regex/Pattern$SliceU
Event: 15.704 Loading class java/util/regex/Pattern$SliceU done
Event: 15.704 Loading class sun/nio/fs/WindowsFileSystem$2
Event: 15.705 Loading class java/nio/file/PathMatcher
Event: 15.705 Loading class java/nio/file/PathMatcher done
Event: 15.705 Loading class sun/nio/fs/WindowsFileSystem$2 done
Event: 15.816 Loading class java/util/Collections$SynchronizedRandomAccessList
Event: 15.817 Loading class java/util/Collections$SynchronizedList
Event: 15.818 Loading class java/util/Collections$SynchronizedList done
Event: 15.819 Loading class java/util/Collections$SynchronizedRandomAccessList done
Event: 15.829 Loading class java/util/concurrent/CompletableFuture$Signaller
Event: 15.830 Loading class java/util/concurrent/CompletableFuture$Signaller done

Classes unloaded (7 events):
Event: 4.890 Thread 0x00000196606ef890 Unloading class 0x00000196011ad000 'java/lang/invoke/LambdaForm$MH+0x00000196011ad000'
Event: 4.890 Thread 0x00000196606ef890 Unloading class 0x00000196011acc00 'java/lang/invoke/LambdaForm$MH+0x00000196011acc00'
Event: 4.890 Thread 0x00000196606ef890 Unloading class 0x00000196011ac800 'java/lang/invoke/LambdaForm$MH+0x00000196011ac800'
Event: 4.890 Thread 0x00000196606ef890 Unloading class 0x00000196011ac400 'java/lang/invoke/LambdaForm$MH+0x00000196011ac400'
Event: 4.890 Thread 0x00000196606ef890 Unloading class 0x00000196011ac000 'java/lang/invoke/LambdaForm$BMH+0x00000196011ac000'
Event: 4.890 Thread 0x00000196606ef890 Unloading class 0x00000196011abc00 'java/lang/invoke/LambdaForm$DMH+0x00000196011abc00'
Event: 4.890 Thread 0x00000196606ef890 Unloading class 0x00000196011aa800 'java/lang/invoke/LambdaForm$DMH+0x00000196011aa800'

Classes redefined (0 events):
No events

Internal exceptions (20 events):
Event: 15.751 Thread 0x00000196419ccc00 Exception <a 'sun/nio/fs/WindowsException'{0x00000000d57111f8}> (0x00000000d57111f8) 
thrown [s\src\hotspot\share\prims\jni.cpp, line 520]
Event: 15.751 Thread 0x00000196419ccc00 Exception <a 'sun/nio/fs/WindowsException'{0x00000000d5711908}> (0x00000000d5711908) 
thrown [s\src\hotspot\share\prims\jni.cpp, line 520]
Event: 15.751 Thread 0x00000196419ccc00 Exception <a 'sun/nio/fs/WindowsException'{0x00000000d5712030}> (0x00000000d5712030) 
thrown [s\src\hotspot\share\prims\jni.cpp, line 520]
Event: 15.752 Thread 0x00000196419ccc00 Exception <a 'sun/nio/fs/WindowsException'{0x00000000d5722cd8}> (0x00000000d5722cd8) 
thrown [s\src\hotspot\share\prims\jni.cpp, line 520]
Event: 15.752 Thread 0x00000196419ccc00 Exception <a 'sun/nio/fs/WindowsException'{0x00000000d57236f0}> (0x00000000d57236f0) 
thrown [s\src\hotspot\share\prims\jni.cpp, line 520]
Event: 15.752 Thread 0x00000196419ccc00 Exception <a 'sun/nio/fs/WindowsException'{0x00000000d5723e60}> (0x00000000d5723e60) 
thrown [s\src\hotspot\share\prims\jni.cpp, line 520]
Event: 15.752 Thread 0x00000196419ccc00 Exception <a 'sun/nio/fs/WindowsException'{0x00000000d57245e8}> (0x00000000d57245e8) 
thrown [s\src\hotspot\share\prims\jni.cpp, line 520]
Event: 15.753 Thread 0x00000196419ccc00 Exception <a 'sun/nio/fs/WindowsException'{0x00000000d5727de8}> (0x00000000d5727de8) 
thrown [s\src\hotspot\share\prims\jni.cpp, line 520]
Event: 15.753 Thread 0x00000196419ccc00 Exception <a 'sun/nio/fs/WindowsException'{0x00000000d57284a8}> (0x00000000d57284a8) 
thrown [s\src\hotspot\share\prims\jni.cpp, line 520]
Event: 15.753 Thread 0x00000196419ccc00 Exception <a 'sun/nio/fs/WindowsException'{0x00000000d5728b68}> (0x00000000d5728b68) 
thrown [s\src\hotspot\share\prims\jni.cpp, line 520]
Event: 15.753 Thread 0x00000196419ccc00 Exception <a 'sun/nio/fs/WindowsException'{0x00000000d57363d0}> (0x00000000d57363d0) 
thrown [s\src\hotspot\share\prims\jni.cpp, line 520]
Event: 15.753 Thread 0x00000196419ccc00 Exception <a 'sun/nio/fs/WindowsException'{0x00000000d5739e68}> (0x00000000d5739e68) 
thrown [s\src\hotspot\share\prims\jni.cpp, line 520]
Event: 15.753 Thread 0x00000196419ccc00 Exception <a 'sun/nio/fs/WindowsException'{0x00000000d573a548}> (0x00000000d573a548) 
thrown [s\src\hotspot\share\prims\jni.cpp, line 520]
Event: 15.753 Thread 0x00000196419ccc00 Exception <a 'sun/nio/fs/WindowsException'{0x00000000d573ac28}> (0x00000000d573ac28) 
thrown [s\src\hotspot\share\prims\jni.cpp, line 520]
Event: 15.753 Thread 0x00000196419ccc00 Exception <a 'sun/nio/fs/WindowsException'{0x00000000d573b320}> (0x00000000d573b320) 
thrown [s\src\hotspot\share\prims\jni.cpp, line 520]
Event: 15.754 Thread 0x00000196419ccc00 Exception <a 'sun/nio/fs/WindowsException'{0x00000000d573f2c0}> (0x00000000d573f2c0) 
thrown [s\src\hotspot\share\prims\jni.cpp, line 520]
Event: 15.754 Thread 0x00000196419ccc00 Exception <a 'sun/nio/fs/WindowsException'{0x00000000d573f9d0}> (0x00000000d573f9d0) 
thrown [s\src\hotspot\share\prims\jni.cpp, line 520]
Event: 15.754 Thread 0x00000196419ccc00 Exception <a 'sun/nio/fs/WindowsException'{0x00000000d57400e0}> (0x00000000d57400e0) 
thrown [s\src\hotspot\share\prims\jni.cpp, line 520]
Event: 15.754 Thread 0x00000196419ccc00 Exception <a 'sun/nio/fs/WindowsException'{0x00000000d5740808}> (0x00000000d5740808) 
thrown [s\src\hotspot\share\prims\jni.cpp, line 520]
Event: 15.817 Thread 0x00000196434f9040 Exception <a 'java/lang/IncompatibleClassChangeError'{0x00000000d55e3ef8}: Found class java.lang.Object, but interface was expected> (0x00000000d55e3ef8) 
thrown [s\src\hotspot\share\interpreter\linkResolver.cpp, line 840]

ZGC Phase Switch (0 events):
No events

VM Operations (20 events):
Event: 16.596 Executing VM operation: ParallelGCFailedAllocation (Allocation Failure)
Event: 16.599 Executing VM operation: ParallelGCFailedAllocation (Allocation Failure) done
Event: 16.610 Executing VM operation: ParallelGCFailedAllocation (Allocation Failure)
Event: 16.613 Executing VM operation: ParallelGCFailedAllocation (Allocation Failure) done
Event: 16.616 Executing VM operation: ParallelGCFailedAllocation (Allocation Failure)
Event: 16.620 Executing VM operation: ParallelGCFailedAllocation (Allocation Failure) done
Event: 16.649 Executing VM operation: ParallelGCFailedAllocation (Allocation Failure)
Event: 16.652 Executing VM operation: ParallelGCFailedAllocation (Allocation Failure) done
Event: 16.677 Executing VM operation: ParallelGCFailedAllocation (Allocation Failure)
Event: 16.679 Executing VM operation: ParallelGCFailedAllocation (Allocation Failure) done
Event: 16.699 Executing VM operation: ParallelGCFailedAllocation (Allocation Failure)
Event: 16.702 Executing VM operation: ParallelGCFailedAllocation (Allocation Failure) done
Event: 16.725 Executing VM operation: ParallelGCFailedAllocation (Allocation Failure)
Event: 16.728 Executing VM operation: ParallelGCFailedAllocation (Allocation Failure) done
Event: 16.759 Executing VM operation: ParallelGCFailedAllocation (Allocation Failure)
Event: 16.763 Executing VM operation: ParallelGCFailedAllocation (Allocation Failure) done
Event: 16.786 Executing VM operation: ParallelGCFailedAllocation (Allocation Failure)
Event: 16.791 Executing VM operation: ParallelGCFailedAllocation (Allocation Failure) done
Event: 16.836 Executing VM operation: ParallelGCFailedAllocation (Allocation Failure)
Event: 16.845 Executing VM operation: ParallelGCFailedAllocation (Allocation Failure) done

Memory protections (0 events):
No events

Nmethod flushes (20 events):
Event: 13.127 Thread 0x00000196606ef890 flushing  nmethod 0x000001966642a390
Event: 13.127 Thread 0x00000196606ef890 flushing  nmethod 0x000001966642a810
Event: 13.127 Thread 0x00000196606ef890 flushing  nmethod 0x000001966642ad90
Event: 13.127 Thread 0x00000196606ef890 flushing  nmethod 0x000001966642ce10
Event: 13.127 Thread 0x00000196606ef890 flushing  nmethod 0x000001966642d390
Event: 13.127 Thread 0x00000196606ef890 flushing  nmethod 0x000001966642da90
Event: 13.127 Thread 0x00000196606ef890 flushing  nmethod 0x000001966642ec90
Event: 13.127 Thread 0x00000196606ef890 flushing  nmethod 0x000001966642f190
Event: 13.127 Thread 0x00000196606ef890 flushing  nmethod 0x0000019666491290
Event: 13.127 Thread 0x00000196606ef890 flushing  nmethod 0x000001966649bc10
Event: 13.127 Thread 0x00000196606ef890 flushing  nmethod 0x00000196664a2d10
Event: 13.127 Thread 0x00000196606ef890 flushing  nmethod 0x00000196664a3f10
Event: 13.127 Thread 0x00000196606ef890 flushing  nmethod 0x00000196664a4e90
Event: 13.127 Thread 0x00000196606ef890 flushing  nmethod 0x00000196664a7110
Event: 13.127 Thread 0x00000196606ef890 flushing  nmethod 0x00000196664b1590
Event: 13.127 Thread 0x00000196606ef890 flushing  nmethod 0x00000196664b2610
Event: 13.127 Thread 0x00000196606ef890 flushing  nmethod 0x00000196664b2f10
Event: 13.127 Thread 0x00000196606ef890 flushing  nmethod 0x00000196664b5190
Event: 13.127 Thread 0x00000196606ef890 flushing  nmethod 0x00000196664bc310
Event: 13.127 Thread 0x00000196606ef890 flushing  nmethod 0x00000196664cb890

Events (20 events):
Event: 13.299 Thread 0x00000196419cb850 Thread added: 0x00000196425835f0
Event: 13.301 Thread 0x00000196419cb850 Thread added: 0x000001964257ccf0
Event: 13.302 Thread 0x00000196419cb850 Thread added: 0x000001964257f450
Event: 13.305 Thread 0x00000196419cb850 Thread added: 0x000001964257da10
Event: 13.307 Thread 0x00000196419cb850 Thread added: 0x000001964257e0a0
Event: 14.028 Thread 0x000001964257da10 Thread exited: 0x000001964257da10
Event: 14.028 Thread 0x00000196425835f0 Thread exited: 0x00000196425835f0
Event: 14.028 Thread 0x000001964257ccf0 Thread exited: 0x000001964257ccf0
Event: 14.028 Thread 0x000001964257f450 Thread exited: 0x000001964257f450
Event: 14.029 Thread 0x000001964257e0a0 Thread exited: 0x000001964257e0a0
Event: 14.502 Thread 0x00000196419cb850 Thread added: 0x00000196425835f0
Event: 14.503 Thread 0x00000196419cb850 Thread added: 0x000001964257ccf0
Event: 14.504 Thread 0x00000196419cb850 Thread added: 0x000001964257f450
Event: 14.505 Thread 0x00000196419cb850 Thread added: 0x000001964257da10
Event: 14.505 Thread 0x00000196419cb850 Thread added: 0x000001964257e0a0
Event: 14.541 Thread 0x000001964257e0a0 Thread exited: 0x000001964257e0a0
Event: 14.541 Thread 0x00000196425835f0 Thread exited: 0x00000196425835f0
Event: 14.541 Thread 0x000001964257da10 Thread exited: 0x000001964257da10
Event: 14.541 Thread 0x000001964257f450 Thread exited: 0x000001964257f450
Event: 14.541 Thread 0x000001964257ccf0 Thread exited: 0x000001964257ccf0


Dynamic libraries:
0x00007ff79c510000 - 0x00007ff79c51e000 	c:\Users\IDEAPAD\.vscode\extensions\redhat.java-1.47.0-win32-x64\jre\21.0.8-win32-x86_64\bin\java.exe
0x00007ffe11830000 - 0x00007ffe11a28000 	C:\WINDOWS\SYSTEM32\ntdll.dll
0x00007ffddbb10000 - 0x00007ffddbb30000 	C:\Program Files\Avast Software\Avast\aswhook.dll
0x00007ffe0fb10000 - 0x00007ffe0fbd2000 	C:\WINDOWS\System32\KERNEL32.DLL
0x00007ffe0f090000 - 0x00007ffe0f386000 	C:\WINDOWS\System32\KERNELBASE.dll
0x00007ffe0f630000 - 0x00007ffe0f730000 	C:\WINDOWS\System32\ucrtbase.dll
0x00007ffe09530000 - 0x00007ffe09548000 	c:\Users\IDEAPAD\.vscode\extensions\redhat.java-1.47.0-win32-x64\jre\21.0.8-win32-x86_64\bin\jli.dll
0x00007ffe086e0000 - 0x00007ffe086fe000 	c:\Users\IDEAPAD\.vscode\extensions\redhat.java-1.47.0-win32-x64\jre\21.0.8-win32-x86_64\bin\VCRUNTIME140.dll
0x00007ffe0f910000 - 0x00007ffe0faad000 	C:\WINDOWS\System32\USER32.dll
0x00007ffe0f830000 - 0x00007ffe0f852000 	C:\WINDOWS\System32\win32u.dll
0x00007ffdf2b00000 - 0x00007ffdf2d9a000 	C:\WINDOWS\WinSxS\amd64_microsoft.windows.common-controls_6595b64144ccf1df_6.0.19041.5794_none_60bcd33171f2783c\COMCTL32.dll
0x00007ffe10d70000 - 0x00007ffe10d9b000 	C:\WINDOWS\System32\GDI32.dll
0x00007ffe11270000 - 0x00007ffe1130e000 	C:\WINDOWS\System32\msvcrt.dll
0x00007ffe0eed0000 - 0x00007ffe0efea000 	C:\WINDOWS\System32\gdi32full.dll
0x00007ffe0eff0000 - 0x00007ffe0f08d000 	C:\WINDOWS\System32\msvcp_win.dll
0x00007ffe0fbe0000 - 0x00007ffe0fc0f000 	C:\WINDOWS\System32\IMM32.DLL
0x00007ffe097d0000 - 0x00007ffe097dc000 	c:\Users\IDEAPAD\.vscode\extensions\redhat.java-1.47.0-win32-x64\jre\21.0.8-win32-x86_64\bin\vcruntime140_1.dll
0x00007ffdd34e0000 - 0x00007ffdd356d000 	c:\Users\IDEAPAD\.vscode\extensions\redhat.java-1.47.0-win32-x64\jre\21.0.8-win32-x86_64\bin\msvcp140.dll
0x00007ffdb69d0000 - 0x00007ffdb7767000 	c:\Users\IDEAPAD\.vscode\extensions\redhat.java-1.47.0-win32-x64\jre\21.0.8-win32-x86_64\bin\server\jvm.dll
0x00007ffe107b0000 - 0x00007ffe1085f000 	C:\WINDOWS\System32\ADVAPI32.dll
0x00007ffe10700000 - 0x00007ffe1079f000 	C:\WINDOWS\System32\sechost.dll
0x00007ffe11620000 - 0x00007ffe11743000 	C:\WINDOWS\System32\RPCRT4.dll
0x00007ffe0f730000 - 0x00007ffe0f757000 	C:\WINDOWS\System32\bcrypt.dll
0x00007ffe10630000 - 0x00007ffe1069b000 	C:\WINDOWS\System32\WS2_32.dll
0x00007ffe0e8e0000 - 0x00007ffe0e92b000 	C:\WINDOWS\SYSTEM32\POWRPROF.dll
0x00007ffe04f00000 - 0x00007ffe04f0a000 	C:\WINDOWS\SYSTEM32\VERSION.dll
0x00007ffdf43c0000 - 0x00007ffdf43e7000 	C:\WINDOWS\SYSTEM32\WINMM.dll
0x00007ffe0e8c0000 - 0x00007ffe0e8d2000 	C:\WINDOWS\SYSTEM32\UMPDC.dll
0x00007ffe0d6b0000 - 0x00007ffe0d6c2000 	C:\WINDOWS\SYSTEM32\kernel.appcore.dll
0x00007ffe09560000 - 0x00007ffe0956a000 	c:\Users\IDEAPAD\.vscode\extensions\redhat.java-1.47.0-win32-x64\jre\21.0.8-win32-x86_64\bin\jimage.dll
0x00007ffe0cbe0000 - 0x00007ffe0cde1000 	C:\WINDOWS\SYSTEM32\DBGHELP.DLL
0x00007ffe033b0000 - 0x00007ffe033e4000 	C:\WINDOWS\SYSTEM32\dbgcore.DLL
0x00007ffe0f440000 - 0x00007ffe0f4c2000 	C:\WINDOWS\System32\bcryptPrimitives.dll
0x00007ffe09190000 - 0x00007ffe0919f000 	c:\Users\IDEAPAD\.vscode\extensions\redhat.java-1.47.0-win32-x64\jre\21.0.8-win32-x86_64\bin\instrument.dll
0x00007ffe03500000 - 0x00007ffe0351f000 	c:\Users\IDEAPAD\.vscode\extensions\redhat.java-1.47.0-win32-x64\jre\21.0.8-win32-x86_64\bin\java.dll
0x00007ffe0fd30000 - 0x00007ffe1049e000 	C:\WINDOWS\System32\SHELL32.dll
0x00007ffe0cdf0000 - 0x00007ffe0d593000 	C:\WINDOWS\SYSTEM32\windows.storage.dll
0x00007ffe109b0000 - 0x00007ffe10d03000 	C:\WINDOWS\System32\combase.dll
0x00007ffe0e750000 - 0x00007ffe0e77b000 	C:\WINDOWS\SYSTEM32\Wldp.dll
0x00007ffe11310000 - 0x00007ffe113dd000 	C:\WINDOWS\System32\OLEAUT32.dll
0x00007ffe0f860000 - 0x00007ffe0f90d000 	C:\WINDOWS\System32\SHCORE.dll
0x00007ffe106a0000 - 0x00007ffe106f5000 	C:\WINDOWS\System32\shlwapi.dll
0x00007ffe0ee00000 - 0x00007ffe0ee25000 	C:\WINDOWS\SYSTEM32\profapi.dll
0x00007ffe01fe0000 - 0x00007ffe01ff8000 	c:\Users\IDEAPAD\.vscode\extensions\redhat.java-1.47.0-win32-x64\jre\21.0.8-win32-x86_64\bin\zip.dll
0x00007ffe08340000 - 0x00007ffe08350000 	C:\Users\IDEAPAD\.vscode\extensions\redhat.java-1.47.0-win32-x64\jre\21.0.8-win32-x86_64\bin\net.dll
0x00007ffe0be30000 - 0x00007ffe0bf3a000 	C:\WINDOWS\SYSTEM32\WINHTTP.dll
0x00007ffe0e530000 - 0x00007ffe0e59c000 	C:\WINDOWS\system32\mswsock.dll
0x00007ffe01fb0000 - 0x00007ffe01fc6000 	C:\Users\IDEAPAD\.vscode\extensions\redhat.java-1.47.0-win32-x64\jre\21.0.8-win32-x86_64\bin\nio.dll
0x00007ffe080a0000 - 0x00007ffe080b0000 	c:\Users\IDEAPAD\.vscode\extensions\redhat.java-1.47.0-win32-x64\jre\21.0.8-win32-x86_64\bin\verify.dll
0x00007ffdd3810000 - 0x00007ffdd3854000 	C:\Users\IDEAPAD\AppData\Roaming\Code\User\globalStorage\redhat.java\1.47.0\config_win\org.eclipse.equinox.launcher\org.eclipse.equinox.launcher.win32.win32.x86_64_1.2.1400.v20250801-0854\eclipse_11916.dll
0x00007ffe10880000 - 0x00007ffe109ab000 	C:\WINDOWS\System32\ole32.dll
0x00007ffe0e790000 - 0x00007ffe0e7a8000 	C:\WINDOWS\SYSTEM32\CRYPTSP.dll
0x00007ffe0de70000 - 0x00007ffe0dea8000 	C:\WINDOWS\system32\rsaenh.dll
0x00007ffe0ed80000 - 0x00007ffe0edae000 	C:\WINDOWS\SYSTEM32\USERENV.dll
0x00007ffe0e6c0000 - 0x00007ffe0e6cc000 	C:\WINDOWS\SYSTEM32\CRYPTBASE.dll
0x00007ffe0e230000 - 0x00007ffe0e26b000 	C:\WINDOWS\SYSTEM32\IPHLPAPI.DLL
0x00007ffe117e0000 - 0x00007ffe117e8000 	C:\WINDOWS\System32\NSI.dll
0x00007ffdd2530000 - 0x00007ffdd2579000 	C:\Users\IDEAPAD\AppData\Local\Temp\jna--1919187428\jna16490031956875825847.dll
0x00007ffe107a0000 - 0x00007ffe107a8000 	C:\WINDOWS\System32\PSAPI.DLL
0x00007ffe09350000 - 0x00007ffe09367000 	C:\WINDOWS\SYSTEM32\dhcpcsvc6.DLL
0x00007ffe092a0000 - 0x00007ffe092bd000 	C:\WINDOWS\SYSTEM32\dhcpcsvc.DLL

JVMTI agents:
c:\Users\IDEAPAD\.vscode\extensions\redhat.java-1.47.0-win32-x64\lombok\lombok-1.18.39-4050.jar path:c:\Users\IDEAPAD\.vscode\extensions\redhat.java-1.47.0-win32-x64\jre\21.0.8-win32-x86_64\bin\instrument.dll, loaded, initialized, instrumentlib options:none

dbghelp: loaded successfully - version: 4.0.5 - missing functions: none
symbol engine: initialized successfully - sym options: 0x614 - pdb path: .;c:\Users\IDEAPAD\.vscode\extensions\redhat.java-1.47.0-win32-x64\jre\21.0.8-win32-x86_64\bin;C:\WINDOWS\SYSTEM32;C:\Program Files\Avast Software\Avast;C:\WINDOWS\WinSxS\amd64_microsoft.windows.common-controls_6595b64144ccf1df_6.0.19041.5794_none_60bcd33171f2783c;c:\Users\IDEAPAD\.vscode\extensions\redhat.java-1.47.0-win32-x64\jre\21.0.8-win32-x86_64\bin\server;C:\Users\IDEAPAD\AppData\Roaming\Code\User\globalStorage\redhat.java\1.47.0\config_win\org.eclipse.equinox.launcher\org.eclipse.equinox.launcher.win32.win32.x86_64_1.2.1400.v20250801-0854;C:\Users\IDEAPAD\AppData\Local\Temp\jna--1919187428

VM Arguments:
jvm_args: --add-modules=ALL-SYSTEM --add-opens=java.base/java.util=ALL-UNNAMED --add-opens=java.base/java.lang=ALL-UNNAMED --add-opens=java.base/sun.nio.fs=ALL-UNNAMED -Declipse.application=org.eclipse.jdt.ls.core.id1 -Dosgi.bundles.defaultStartLevel=4 -Declipse.product=org.eclipse.jdt.ls.core.product -Djava.import.generatesMetadataFilesAtProjectRoot=false -DDetectVMInstallationsJob.disabled=true -Dfile.encoding=utf8 -XX:+UseParallelGC -XX:GCTimeRatio=4 -XX:AdaptiveSizePolicyWeight=90 -Dsun.zip.disableMemoryMapping=true -Xmx2G -Xms100m -Xlog:disable -javaagent:c:\Users\IDEAPAD\.vscode\extensions\redhat.java-1.47.0-win32-x64\lombok\lombok-1.18.39-4050.jar -XX:+HeapDumpOnOutOfMemoryError -XX:HeapDumpPath=c:\Users\IDEAPAD\AppData\Roaming\Code\User\workspaceStorage\ef8eac353ddc2548c941ff37fcb9f241\redhat.java -Daether.dependencyCollector.impl=bf 
java_command: c:\Users\IDEAPAD\.vscode\extensions\redhat.java-1.47.0-win32-x64\server\plugins\org.eclipse.equinox.launcher_1.7.100.v20251014-1222.jar -configuration c:\Users\IDEAPAD\AppData\Roaming\Code\User\globalStorage\redhat.java\1.47.0\config_win -data c:\Users\IDEAPAD\AppData\Roaming\Code\User\workspaceStorage\ef8eac353ddc2548c941ff37fcb9f241\redhat.java\jdt_ws --pipe=\\.\pipe\lsp-9cab12f4ebb1c3beb509e62eaef7c7f6-sock
java_class_path (initial): c:\Users\IDEAPAD\.vscode\extensions\redhat.java-1.47.0-win32-x64\server\plugins\org.eclipse.equinox.launcher_1.7.100.v20251014-1222.jar
Launcher Type: SUN_STANDARD

[Global flags]
    uintx AdaptiveSizePolicyWeight                 = 90                                        {product} {command line}
     intx CICompilerCount                          = 4                                         {product} {ergonomic}
    uintx GCTimeRatio                              = 4                                         {product} {command line}
     bool HeapDumpOnOutOfMemoryError               = true                                   {manageable} {command line}
    ccstr HeapDumpPath                             = c:\Users\IDEAPAD\AppData\Roaming\Code\User\workspaceStorage\ef8eac353ddc2548c941ff37fcb9f241\redhat.java         {manageable} {command line}
   size_t InitialHeapSize                          = 104857600                                 {product} {command line}
   size_t MaxHeapSize                              = 2147483648                                {product} {command line}
   size_t MaxNewSize                               = 715653120                                 {product} {ergonomic}
   size_t MinHeapDeltaBytes                        = 524288                                    {product} {ergonomic}
   size_t MinHeapSize                              = 104857600                                 {product} {command line}
   size_t NewSize                                  = 34603008                                  {product} {ergonomic}
    uintx NonNMethodCodeHeapSize                   = 5839372                                {pd product} {ergonomic}
    uintx NonProfiledCodeHeapSize                  = 122909434                              {pd product} {ergonomic}
   size_t OldSize                                  = 70254592                                  {product} {ergonomic}
    uintx ProfiledCodeHeapSize                     = 122909434                              {pd product} {ergonomic}
    uintx ReservedCodeCacheSize                    = 251658240                              {pd product} {ergonomic}
     bool SegmentedCodeCache                       = true                                      {product} {ergonomic}
   size_t SoftMaxHeapSize                          = 2147483648                             {manageable} {ergonomic}
     bool UseCompressedOops                        = true                           {product lp64_product} {ergonomic}
     bool UseLargePagesIndividualAllocation        = false                                  {pd product} {ergonomic}
     bool UseParallelGC                            = true                                      {product} {command line}

Logging:
Log output configuration:
 #0: stdout all=off uptime,level,tags foldmultilines=false
 #1: stderr all=off uptime,level,tags foldmultilines=false

Environment Variables:
JAVA_HOME=C:\Program Files\Eclipse Adoptium\jdk-17.0.16.8-hotspot
PATH=C:\Program Files\Eclipse Adoptium\jdk-17.0.16.8-hotspot\bin;C:\Python313\Scripts\;C:\Python313\;C:\Program Files (x86)\VMware\VMware Player\bin\;C:\Program Files\Common Files\Oracle\Java\javapath;C:\WINDOWS\system32;C:\WINDOWS;C:\WINDOWS\System32\Wbem;C:\WINDOWS\System32\WindowsPowerShell\v1.0\;C:\WINDOWS\System32\OpenSSH\;C:\Program Files\Microsoft SQL Server\150\Tools\Binn\;C:\Program Files\Microsoft SQL Server\Client SDK\ODBC\170\Tools\Binn\;C:\Program Files (x86)\Microsoft SQL Server\160\Tools\Binn\;C:\Program Files\Microsoft SQL Server\160\Tools\Binn\;C:\Program Files\Microsoft SQL Server\160\DTS\Binn\;C:\Program Files (x86)\Microsoft SQL Server\160\DTS\Binn\;C:\Program Files\dotnet\;C:\ProgramData\chocolatey\bin;C:\Program Files\nodejs\;C:\Program Files\Git\cmd;C:\Program Files\Docker\Docker\resources\bin;C:\Program Files\Eclipse Adoptium\jdk-17.0.16.8-hotspot\bin;C:\Python313\Scripts\;C:\Python313\;C:\Program Files (x86)\VMware\VMware Player\bin\;C:\Program Files\Common Files\Oracle\Java\javapath;C:\WINDOWS\system32;C:\WINDOWS;C:\WINDOWS\System32\Wbem;C:\WINDOWS\System32\WindowsPowerShell\v1.0\;C:\WINDOWS\System32\OpenSSH\;C:\Program Files\Microsoft SQL Server\150\Tools\Binn\;C:\Program Files\Microsoft SQL Server\Client SDK\ODBC\170\Tools\Binn\;C:\Program Files (x86)\Microsoft SQL Server\160\Tools\Binn\;C:\Program Files\Microsoft SQL Server\160\Tools\Binn\;C:\Program Files\Microsoft SQL Server\160\DTS\Binn\;C:\Program Files (x86)\Microsoft SQL Server\160\DTS\Binn\;C:\Program Files\dotnet\;C:\ProgramData\chocolatey\bin;C:\Program Files\nodejs\;C:\Program Files\Docker\Docker\resources\bin;C:\Program Files\Git\cmd;C:\Program Files\Eclipse Adoptium\jdk-17.0.16.8-hotspot\bin;C:\Python313\Scripts\;C:\Python313\;C:\Program Files (x86)\VMware\VMware Player\bin\;C:\Program Files\Common Files\Oracle\Java\javapath;C:\WI;C:\Program Files\OpenSSL-Win64\bin;C:\Users\IDEAPAD\AppData\Local\Programs\Microsoft VS Code\bin
USERNAME=IDEAPAD
OS=Windows_NT
PROCESSOR_IDENTIFIER=Intel64 Family 6 Model 140 Stepping 1, GenuineIntel
TMP=C:\Users\IDEAPAD\AppData\Local\Temp
TEMP=C:\Users\IDEAPAD\AppData\Local\Temp




Periodic native trim disabled

---------------  S Y S T E M  ---------------

OS:
 Windows 10 , 64 bit Build 19041 (10.0.19041.5794)
OS uptime: 4 days 3:48 hours
Hyper-V role detected

CPU: total 8 (initial active 8) (4 cores per cpu, 2 threads per core) family 6 model 140 stepping 1 microcode 0xa6, cx8, cmov, fxsr, ht, mmx, 3dnowpref, sse, sse2, sse3, ssse3, sse4.1, sse4.2, popcnt, lzcnt, tsc, tscinvbit, avx, avx2, aes, erms, clmul, bmi1, bmi2, adx, avx512f, avx512dq, avx512cd, avx512bw, avx512vl, sha, fma, vzeroupper, avx512_vpopcntdq, avx512_vpclmulqdq, avx512_vaes, avx512_vnni, clflush, clflushopt, clwb, avx512_vbmi2, avx512_vbmi, hv, rdtscp, rdpid, fsrm, gfni, avx512_bitalg, f16c, cet_ibt, cet_ss, avx512_ifma
Processor Information for the first 8 processors :
  Max Mhz: 2419, Current Mhz: 2419, Mhz Limit: 2419

Memory: 4k page, system-wide physical 3895M (141M free)
TotalPageFile size 15671M (AvailPageFile size 18M)
current process WorkingSet (physical memory assigned to process): 358M, peak: 499M
current process commit charge ("private bytes"): 635M, peak: 635M

vm_info: OpenJDK 64-Bit Server VM (21.0.8+9-LTS) for windows-amd64 JRE (21.0.8+9-LTS), built on 2025-07-15T00:00:00Z by "admin" with MS VC++ 17.7 (VS2022)

END.
