#
# There is insufficient memory for the Java Runtime Environment to continue.
# Native memory allocation (mmap) failed to map 4096 bytes. Error detail: card table expansion
# Possible reasons:
#   The system is out of physical RAM or swap space
#   This process is running with CompressedOops enabled, and the Java Heap may be blocking the growth of the native heap
# Possible solutions:
#   Reduce memory load on the system
#   Increase physical memory or swap space
#   Check if swap backing store is full
#   Decrease Java heap size (-Xmx/-Xms)
#   Decrease number of Java threads
#   Decrease Java thread stack sizes (-Xss)
#   Set larger code cache with -XX:ReservedCodeCacheSize=
#   JVM is running with Unscaled Compressed Oops mode in which the Java heap is
#     placed in the first 4GB address space. The Java Heap base address is the
#     maximum limit for the native heap growth. Please use -XX:HeapBaseMinAddress
#     to set the Java Heap base and to place the Java Heap above 4GB virtual address.
# This output file may be truncated or incomplete.
#
#  Out of Memory Error (os_windows.cpp:3713), pid=16496, tid=15068
#
# JRE version: OpenJDK Runtime Environment Temurin-21.0.8+9 (21.0.8+9) (build 21.0.8+9-LTS)
# Java VM: OpenJDK 64-Bit Server VM Temurin-21.0.8+9 (21.0.8+9-LTS, mixed mode, sharing, tiered, compressed oops, compressed class ptrs, parallel gc, windows-amd64)
# No core dump will be written. Minidumps are not enabled by default on client versions of Windows
#

---------------  S U M M A R Y ------------

Command Line: --add-modules=ALL-SYSTEM --add-opens=java.base/java.util=ALL-UNNAMED --add-opens=java.base/java.lang=ALL-UNNAMED --add-opens=java.base/sun.nio.fs=ALL-UNNAMED -Declipse.application=org.eclipse.jdt.ls.core.id1 -Dosgi.bundles.defaultStartLevel=4 -Declipse.product=org.eclipse.jdt.ls.core.product -Djava.import.generatesMetadataFilesAtProjectRoot=false -DDetectVMInstallationsJob.disabled=true -Dfile.encoding=utf8 -XX:+UseParallelGC -XX:GCTimeRatio=4 -XX:AdaptiveSizePolicyWeight=90 -Dsun.zip.disableMemoryMapping=true -Xmx2G -Xms100m -Xlog:disable -javaagent:c:\Users\IDEAPAD\.vscode\extensions\redhat.java-1.47.0-win32-x64\lombok\lombok-1.18.39-4050.jar -XX:+HeapDumpOnOutOfMemoryError -XX:HeapDumpPath=c:\Users\IDEAPAD\AppData\Roaming\Code\User\workspaceStorage\ef8eac353ddc2548c941ff37fcb9f241\redhat.java -Daether.dependencyCollector.impl=bf c:\Users\IDEAPAD\.vscode\extensions\redhat.java-1.47.0-win32-x64\server\plugins\org.eclipse.equinox.launcher_1.7.100.v20251014-1222.jar -configuration c:\Users\IDEAPAD\AppData\Roaming\Code\User\globalStorage\redhat.java\1.47.0\config_win -data c:\Users\IDEAPAD\AppData\Roaming\Code\User\workspaceStorage\ef8eac353ddc2548c941ff37fcb9f241\redhat.java\jdt_ws --pipe=\\.\pipe\lsp-983ec09ca7da9e6cf18baf3c584df932-sock

Host: 11th Gen Intel(R) Core(TM) i5-1135G7 @ 2.40GHz, 8 cores, 3G,  Windows 10 , 64 bit Build 19041 (10.0.19041.5794)
Time: Sat Nov 15 16:05:18 2025 Hora estándar central (México) elapsed time: 32.949381 seconds (0d 0h 0m 32s)

---------------  T H R E A D  ---------------

Current thread (0x000001e3f9afe1e0):  WorkerThread "GC Thread#6"    [id=15068, stack(0x0000009749100000,0x0000009749200000) (1024K)]

Stack: [0x0000009749100000,0x0000009749200000]
Native frames: (J=compiled Java code, j=interpreted, Vv=VM code, C=native code)
V  [jvm.dll+0x6d2449]
V  [jvm.dll+0x8ae341]
V  [jvm.dll+0x8b08be]
V  [jvm.dll+0x8b0fa3]
V  [jvm.dll+0x280c96]
V  [jvm.dll+0x6cec15]
V  [jvm.dll+0x6c2c3a]
V  [jvm.dll+0x1d2c81]
V  [jvm.dll+0x709495]
V  [jvm.dll+0x708ed1]
V  [jvm.dll+0x708e18]
V  [jvm.dll+0x708fb4]
V  [jvm.dll+0x6df7b6]
V  [jvm.dll+0x70f489]
V  [jvm.dll+0x70ffb9]
V  [jvm.dll+0x705d1a]
V  [jvm.dll+0x7062b2]
V  [jvm.dll+0x7128ee]
V  [jvm.dll+0x8dc2e7]
V  [jvm.dll+0x857e6b]
V  [jvm.dll+0x6d0b0d]
C  [ucrtbase.dll+0x21bb2]
C  [KERNEL32.DLL+0x17374]
C  [ntdll.dll+0x4cc91]


---------------  P R O C E S S  ---------------

Threads class SMR info:
_java_thread_list=0x000001e3d2ce6990, length=57, elements={
0x000001e3f03ed2b0, 0x000001e3f7e4ab60, 0x000001e3f7e4c3c0, 0x000001e3f7e4e3d0,
0x000001e3f7e50d00, 0x000001e3f7e52650, 0x000001e3f7e5c6e0, 0x000001e3f7e5ddb0,
0x000001e3f7e5fff0, 0x000001e3f97c25e0, 0x000001e3f9993a30, 0x000001e3fe65d0c0,
0x000001e3fe2e6410, 0x000001e3fe694960, 0x000001e3fe727840, 0x000001e3fe92a4e0,
0x000001e3fec7c750, 0x000001e3fec58ad0, 0x000001e3feadd440, 0x000001e3febda3c0,
0x000001e3febdaa50, 0x000001e3febd9010, 0x000001e3febdb0e0, 0x000001e3febdb770,
0x000001e3febdbe00, 0x000001e3febd8980, 0x000001e3febd96a0, 0x000001e3febd9d30,
0x000001e3d02b2250, 0x000001e3d02b1530, 0x000001e3d02b0180, 0x000001e3d02b1bc0,
0x000001e3d02b0810, 0x000001e3d02aedd0, 0x000001e3d02b28e0, 0x000001e3d02b2f70,
0x000001e3d02b3600, 0x000001e3d02b3c90, 0x000001e3d02ae0b0, 0x000001e3d02b0ea0,
0x000001e3d02ae740, 0x000001e3d02af460, 0x000001e3d2cf3f40, 0x000001e3d2cf1e70,
0x000001e3d2cf45d0, 0x000001e3d2cf66a0, 0x000001e3d2cf2b90, 0x000001e3d2cf6d30,
0x000001e3d2cf5980, 0x000001e3d2cf4c60, 0x000001e3d2cf52f0, 0x000001e3d2cf38b0,
0x000001e3d2cf73c0, 0x000001e3d2cf3220, 0x000001e3d0826320, 0x000001e3d0828a80,
0x000001e3d0825600
}

Java Threads: ( => current thread )
  0x000001e3f03ed2b0 JavaThread "main"                              [_thread_blocked, id=6736, stack(0x0000009747e00000,0x0000009747f00000) (1024K)]
  0x000001e3f7e4ab60 JavaThread "Reference Handler"          daemon [_thread_blocked, id=16956, stack(0x0000009748200000,0x0000009748300000) (1024K)]
  0x000001e3f7e4c3c0 JavaThread "Finalizer"                  daemon [_thread_blocked, id=11236, stack(0x0000009748300000,0x0000009748400000) (1024K)]
  0x000001e3f7e4e3d0 JavaThread "Signal Dispatcher"          daemon [_thread_blocked, id=21064, stack(0x0000009748400000,0x0000009748500000) (1024K)]
  0x000001e3f7e50d00 JavaThread "Attach Listener"            daemon [_thread_blocked, id=11728, stack(0x0000009748500000,0x0000009748600000) (1024K)]
  0x000001e3f7e52650 JavaThread "Service Thread"             daemon [_thread_blocked, id=18512, stack(0x0000009748600000,0x0000009748700000) (1024K)]
  0x000001e3f7e5c6e0 JavaThread "Monitor Deflation Thread"   daemon [_thread_blocked, id=2820, stack(0x0000009748700000,0x0000009748800000) (1024K)]
  0x000001e3f7e5ddb0 JavaThread "C2 CompilerThread0"         daemon [_thread_blocked, id=18868, stack(0x0000009748800000,0x0000009748900000) (1024K)]
  0x000001e3f7e5fff0 JavaThread "C1 CompilerThread0"         daemon [_thread_blocked, id=9012, stack(0x0000009748900000,0x0000009748a00000) (1024K)]
  0x000001e3f97c25e0 JavaThread "Common-Cleaner"             daemon [_thread_blocked, id=5132, stack(0x0000009748a00000,0x0000009748b00000) (1024K)]
  0x000001e3f9993a30 JavaThread "Notification Thread"        daemon [_thread_blocked, id=15880, stack(0x0000009748b00000,0x0000009748c00000) (1024K)]
  0x000001e3fe65d0c0 JavaThread "Active Thread: Equinox Container: 133721d9-7f35-4263-ba3e-c1ddac3b8835"        [_thread_blocked, id=3048, stack(0x0000009749200000,0x0000009749300000) (1024K)]
  0x000001e3fe2e6410 JavaThread "Refresh Thread: Equinox Container: 133721d9-7f35-4263-ba3e-c1ddac3b8835" daemon [_thread_blocked, id=18636, stack(0x0000009749400000,0x0000009749500000) (1024K)]
  0x000001e3fe694960 JavaThread "Framework Event Dispatcher: Equinox Container: 133721d9-7f35-4263-ba3e-c1ddac3b8835" daemon [_thread_blocked, id=12708, stack(0x0000009749500000,0x0000009749600000) (1024K)]
  0x000001e3fe727840 JavaThread "Start Level: Equinox Container: 133721d9-7f35-4263-ba3e-c1ddac3b8835" daemon [_thread_blocked, id=13440, stack(0x0000009749600000,0x0000009749700000) (1024K)]
  0x000001e3fe92a4e0 JavaThread "Bundle File Closer"         daemon [_thread_blocked, id=5692, stack(0x0000009749700000,0x0000009749800000) (1024K)]
  0x000001e3fec7c750 JavaThread "SCR Component Actor"        daemon [_thread_blocked, id=4392, stack(0x0000009749800000,0x0000009749900000) (1024K)]
  0x000001e3fec58ad0 JavaThread "Worker-JM"                         [_thread_blocked, id=18688, stack(0x0000009749900000,0x0000009749a00000) (1024K)]
  0x000001e3feadd440 JavaThread "Worker-0: Update project demo"        [_thread_blocked, id=15908, stack(0x0000009749a00000,0x0000009749b00000) (1024K)]
  0x000001e3febda3c0 JavaThread "Worker-1: Initialize Workspace"        [_thread_blocked, id=9356, stack(0x0000009749b00000,0x0000009749c00000) (1024K)]
  0x000001e3febdaa50 JavaThread "Worker-2"                          [_thread_blocked, id=5872, stack(0x0000009749c00000,0x0000009749d00000) (1024K)]
  0x000001e3febd9010 JavaThread "Java indexing"              daemon [_thread_blocked, id=14320, stack(0x0000009749d00000,0x0000009749e00000) (1024K)]
  0x000001e3febdb0e0 JavaThread "Worker-3"                          [_thread_blocked, id=1700, stack(0x0000009749e00000,0x0000009749f00000) (1024K)]
  0x000001e3febdb770 JavaThread "JNA Cleaner"                daemon [_thread_blocked, id=1104, stack(0x0000009749f00000,0x000000974a000000) (1024K)]
  0x000001e3febdbe00 JavaThread "Worker-4"                          [_thread_blocked, id=10292, stack(0x000000974a200000,0x000000974a300000) (1024K)]
  0x000001e3febd8980 JavaThread "Worker-5: Check JDK Index"         [_thread_blocked, id=11804, stack(0x000000974a300000,0x000000974a400000) (1024K)]
  0x000001e3febd96a0 JavaThread "Thread-1"                   daemon [_thread_in_native, id=19164, stack(0x000000974a400000,0x000000974a500000) (1024K)]
  0x000001e3febd9d30 JavaThread "Thread-2"                   daemon [_thread_in_native, id=20024, stack(0x000000974a500000,0x000000974a600000) (1024K)]
  0x000001e3d02b2250 JavaThread "Thread-3"                   daemon [_thread_in_native, id=20072, stack(0x000000974a600000,0x000000974a700000) (1024K)]
  0x000001e3d02b1530 JavaThread "Thread-4"                   daemon [_thread_in_native, id=16528, stack(0x000000974a700000,0x000000974a800000) (1024K)]
  0x000001e3d02b0180 JavaThread "Thread-5"                   daemon [_thread_in_native, id=628, stack(0x000000974a800000,0x000000974a900000) (1024K)]
  0x000001e3d02b1bc0 JavaThread "Thread-6"                   daemon [_thread_in_native, id=2720, stack(0x000000974a900000,0x000000974aa00000) (1024K)]
  0x000001e3d02b0810 JavaThread "Thread-7"                   daemon [_thread_in_native, id=8080, stack(0x000000974aa00000,0x000000974ab00000) (1024K)]
  0x000001e3d02aedd0 JavaThread "Thread-8"                   daemon [_thread_in_native, id=17576, stack(0x000000974ab00000,0x000000974ac00000) (1024K)]
  0x000001e3d02b28e0 JavaThread "Thread-9"                   daemon [_thread_in_native, id=14832, stack(0x000000974ac00000,0x000000974ad00000) (1024K)]
  0x000001e3d02b2f70 JavaThread "pool-2-thread-1"                   [_thread_blocked, id=18268, stack(0x000000974ad00000,0x000000974ae00000) (1024K)]
  0x000001e3d02b3600 JavaThread "WorkspaceEventsHandler"            [_thread_blocked, id=10748, stack(0x000000974ae00000,0x000000974af00000) (1024K)]
  0x000001e3d02b3c90 JavaThread "pool-1-thread-1"                   [_thread_blocked, id=2228, stack(0x000000974af00000,0x000000974b000000) (1024K)]
  0x000001e3d02ae0b0 JavaThread "Worker-6: Java indexing... "        [_thread_blocked, id=2740, stack(0x000000974b300000,0x000000974b400000) (1024K)]
  0x000001e3d02b0ea0 JavaThread "Compiler Source File Reader" daemon [_thread_blocked, id=14936, stack(0x000000974b400000,0x000000974b500000) (1024K)]
  0x000001e3d02ae740 JavaThread "Compiler Source File Reader" daemon [_thread_blocked, id=11388, stack(0x000000974b500000,0x000000974b600000) (1024K)]
  0x000001e3d02af460 JavaThread "Compiler Source File Reader" daemon [_thread_blocked, id=1932, stack(0x000000974b600000,0x000000974b700000) (1024K)]
  0x000001e3d2cf3f40 JavaThread "Compiler Source File Reader" daemon [_thread_blocked, id=3312, stack(0x000000974b700000,0x000000974b800000) (1024K)]
  0x000001e3d2cf1e70 JavaThread "Compiler Source File Reader" daemon [_thread_blocked, id=20892, stack(0x000000974b800000,0x000000974b900000) (1024K)]
  0x000001e3d2cf45d0 JavaThread "Compiler Source File Reader" daemon [_thread_blocked, id=18976, stack(0x000000974b900000,0x000000974ba00000) (1024K)]
  0x000001e3d2cf66a0 JavaThread "Compiler Processing Task"   daemon [_thread_blocked, id=1032, stack(0x000000974ba00000,0x000000974bb00000) (1024K)]
  0x000001e3d2cf2b90 JavaThread "Compiler Class File Writer" daemon [_thread_blocked, id=6496, stack(0x000000974bb00000,0x000000974bc00000) (1024K)]
  0x000001e3d2cf6d30 JavaThread "Compiler Class File Writer" daemon [_thread_blocked, id=6588, stack(0x000000974bc00000,0x000000974bd00000) (1024K)]
  0x000001e3d2cf5980 JavaThread "Compiler Class File Writer" daemon [_thread_blocked, id=8580, stack(0x000000974bd00000,0x000000974be00000) (1024K)]
  0x000001e3d2cf4c60 JavaThread "Compiler Class File Writer" daemon [_thread_blocked, id=10368, stack(0x000000974be00000,0x000000974bf00000) (1024K)]
  0x000001e3d2cf52f0 JavaThread "Compiler Class File Writer" daemon [_thread_blocked, id=76, stack(0x000000974bf00000,0x000000974c000000) (1024K)]
  0x000001e3d2cf38b0 JavaThread "Compiler Class File Writer" daemon [_thread_blocked, id=17364, stack(0x000000974c000000,0x000000974c100000) (1024K)]
  0x000001e3d2cf73c0 JavaThread "Worker-7"                          [_thread_blocked, id=4380, stack(0x000000974c100000,0x000000974c200000) (1024K)]
  0x000001e3d2cf3220 JavaThread "ForkJoinPool.commonPool-worker-1" daemon [_thread_blocked, id=1756, stack(0x000000974c200000,0x000000974c300000) (1024K)]
  0x000001e3d0826320 JavaThread "ForkJoinPool.commonPool-worker-2" daemon [_thread_blocked, id=18116, stack(0x000000974c800000,0x000000974c900000) (1024K)]
  0x000001e3d0828a80 JavaThread "ForkJoinPool.commonPool-worker-3" daemon [_thread_blocked, id=12164, stack(0x000000974c900000,0x000000974ca00000) (1024K)]
  0x000001e3d0825600 JavaThread "ForkJoinPool.commonPool-worker-4" daemon [_thread_blocked, id=20400, stack(0x000000974c300000,0x000000974c400000) (1024K)]
Total: 57

Other Threads:
  0x000001e3f04aec20 VMThread "VM Thread"                           [id=17012, stack(0x0000009748100000,0x0000009748200000) (1024K)]
  0x000001e3f0459f00 WatcherThread "VM Periodic Task Thread"        [id=14108, stack(0x0000009748000000,0x0000009748100000) (1024K)]
  0x000001e3f040dc50 WorkerThread "GC Thread#0"                     [id=18340, stack(0x0000009747f00000,0x0000009748000000) (1024K)]
  0x000001e3fe357430 WorkerThread "GC Thread#1"                     [id=7744, stack(0x0000009748c00000,0x0000009748d00000) (1024K)]
  0x000001e3fe36ee90 WorkerThread "GC Thread#2"                     [id=10372, stack(0x0000009748d00000,0x0000009748e00000) (1024K)]
  0x000001e3fe36f230 WorkerThread "GC Thread#3"                     [id=16944, stack(0x0000009748e00000,0x0000009748f00000) (1024K)]
  0x000001e3f9ae5440 WorkerThread "GC Thread#4"                     [id=15796, stack(0x0000009748f00000,0x0000009749000000) (1024K)]
  0x000001e3f9ae57e0 WorkerThread "GC Thread#5"                     [id=4188, stack(0x0000009749000000,0x0000009749100000) (1024K)]
=>0x000001e3f9afe1e0 WorkerThread "GC Thread#6"                     [id=15068, stack(0x0000009749100000,0x0000009749200000) (1024K)]
  0x000001e3fe3067f0 WorkerThread "GC Thread#7"                     [id=14548, stack(0x0000009749300000,0x0000009749400000) (1024K)]
Total: 10

Threads with active compile tasks:
C2 CompilerThread0  32998 14914       4       org.eclipse.jdt.internal.compiler.classfmt.FieldInfo::createField (450 bytes)
Total: 1

VM state: at safepoint (normal execution)

VM Mutex/Monitor currently owned by a thread:  ([mutex/lock_event])
[0x00007ffdb7685458] Threads_lock - owner thread: 0x000001e3f04aec20
[0x00007ffdb7685558] Heap_lock - owner thread: 0x000001e3febd9010
[0x00007ffdb76859d8] PSOldGenExpand_lock - owner thread: 0x000001e3f9afe1e0

Heap address: 0x0000000080000000, size: 2048 MB, Compressed Oops mode: 32-bit

CDS archive(s) mapped at: [0x000001e38f000000-0x000001e38fba0000-0x000001e38fba0000), size 12189696, SharedBaseAddress: 0x000001e38f000000, ArchiveRelocationMode: 1.
Compressed class space mapped at: 0x000001e390000000-0x000001e3d0000000, reserved size: 1073741824
Narrow klass base: 0x000001e38f000000, Narrow klass shift: 0, Narrow klass range: 0x100000000

GC Precious Log:
 CardTable entry size: 512
 CPUs: 8 total, 8 available
 Memory: 3895M
 Large Page Support: Disabled
 NUMA Support: Disabled
 Compressed Oops: Enabled (32-bit)
 Alignments: Space 512K, Generation 512K, Heap 2M
 Heap Min Capacity: 100M
 Heap Initial Capacity: 100M
 Heap Max Capacity: 2G
 Pre-touch: Disabled
 Parallel Workers: 8

Heap:
 PSYoungGen      total 44032K, used 39321K [0x00000000d5580000, 0x00000000d8780000, 0x0000000100000000)
  eden space 34304K, 100% used [0x00000000d5580000,0x00000000d7700000,0x00000000d7700000)
  from space 9728K, 51% used [0x00000000d7700000,0x00000000d7be66e0,0x00000000d8080000)
  to   space 6656K, 99% used [0x00000000d8100000,0x00000000d877d570,0x00000000d8780000)
 ParOldGen       total 282624K, used 282621K [0x0000000080000000, 0x0000000091480000, 0x00000000d5580000)
  object space 282624K, 99% used [0x0000000080000000,0x00000000913ff610,0x0000000091400000)
 Metaspace       used 72526K, committed 74176K, reserved 1179648K
  class space    used 7723K, committed 8384K, reserved 1048576K

Card table byte_map: [0x000001e3efd90000,0x000001e3f01a0000] _byte_map_base: 0x000001e3ef990000

Marking Bits: (ParMarkBitMap*) 0x00007ffdb768a340
 Begin Bits: [0x000001e3f3890000, 0x000001e3f5890000)
 End Bits:   [0x000001e3f5890000, 0x000001e3f7890000)

Polling page: 0x000001e3ee2a0000

Metaspace:

Usage:
  Non-class:     63.28 MB used.
      Class:      7.54 MB used.
       Both:     70.83 MB used.

Virtual space:
  Non-class space:      128.00 MB reserved,      64.25 MB ( 50%) committed,  2 nodes.
      Class space:        1.00 GB reserved,       8.19 MB ( <1%) committed,  1 nodes.
             Both:        1.12 GB reserved,      72.44 MB (  6%) committed. 

Chunk freelists:
   Non-Class:  15.11 MB
       Class:  7.66 MB
        Both:  22.77 MB

MaxMetaspaceSize: unlimited
CompressedClassSpaceSize: 1.00 GB
Initial GC threshold: 21.00 MB
Current GC threshold: 119.69 MB
CDS: on
 - commit_granule_bytes: 65536.
 - commit_granule_words: 8192.
 - virtual_space_node_default_size: 8388608.
 - enlarge_chunks_in_place: 1.
 - use_allocation_guard: 0.


Internal statistics:

num_allocs_failed_limit: 17.
num_arena_births: 1336.
num_arena_deaths: 28.
num_vsnodes_births: 3.
num_vsnodes_deaths: 0.
num_space_committed: 1162.
num_space_uncommitted: 2.
num_chunks_returned_to_freelist: 72.
num_chunks_taken_from_freelist: 4699.
num_chunk_merges: 28.
num_chunk_splits: 2834.
num_chunks_enlarged: 1589.
num_inconsistent_stats: 0.

CodeHeap 'non-profiled nmethods': size=120000Kb used=8549Kb max_used=8549Kb free=111450Kb
 bounds [0x000001e387ad0000, 0x000001e388340000, 0x000001e38f000000]
CodeHeap 'profiled nmethods': size=120000Kb used=27581Kb max_used=29676Kb free=92418Kb
 bounds [0x000001e380000000, 0x000001e381d20000, 0x000001e387530000]
CodeHeap 'non-nmethods': size=5760Kb used=1487Kb max_used=1553Kb free=4272Kb
 bounds [0x000001e387530000, 0x000001e3877a0000, 0x000001e387ad0000]
CodeCache: size=245760Kb, used=37617Kb, max_used=39778Kb, free=208140Kb
 total_blobs=13860, nmethods=13069, adapters=696, full_count=0
Compilation: enabled, stopped_count=0, restarted_count=0

Compilation events (20 events):
Event: 32.829 Thread 0x000001e3f7e5fff0 14922       3       org.eclipse.jdt.internal.core.NameLookup::findType (70 bytes)
Event: 32.829 Thread 0x000001e3f7e5fff0 nmethod 14922 0x000001e38068e590 code [0x000001e38068e7c0, 0x000001e38068ef70]
Event: 32.831 Thread 0x000001e3f7e5fff0 14923       3       org.eclipse.jdt.core.IClasspathEntry::isTest (61 bytes)
Event: 32.832 Thread 0x000001e3f7e5fff0 nmethod 14923 0x000001e38025d510 code [0x000001e38025d700, 0x000001e38025db08]
Event: 32.832 Thread 0x000001e3f7e5fff0 14924       3       org.eclipse.jdt.internal.core.SingleTypeRequestor::isCanceled (11 bytes)
Event: 32.833 Thread 0x000001e3f7e5fff0 nmethod 14924 0x000001e38035d190 code [0x000001e38035d340, 0x000001e38035d4b0]
Event: 32.833 Thread 0x000001e3f7e5fff0 14925   !   3       org.eclipse.jdt.internal.core.NameLookup::seekTypesInBinaryPackage (399 bytes)
Event: 32.848 Thread 0x000001e3f7e5fff0 nmethod 14925 0x000001e380b28990 code [0x000001e380b28ee0, 0x000001e380b2baa0]
Event: 32.849 Thread 0x000001e3f7e5fff0 14930   !   3       org.eclipse.jdt.internal.core.ClassFile::existsUsingJarTypeCache (165 bytes)
Event: 32.853 Thread 0x000001e3f7e5fff0 nmethod 14930 0x000001e380a06f90 code [0x000001e380a072a0, 0x000001e380a087c0]
Event: 32.853 Thread 0x000001e3f7e5fff0 14926   !   3       org.eclipse.jdt.internal.core.NameLookup::seekTypes (281 bytes)
Event: 32.856 Thread 0x000001e3f7e5fff0 nmethod 14926 0x000001e3801c5510 code [0x000001e3801c5880, 0x000001e3801c6d78]
Event: 32.856 Thread 0x000001e3f7e5fff0 14931       3       org.eclipse.jdt.internal.core.ClassFile::getType (28 bytes)
Event: 32.858 Thread 0x000001e3f7e5fff0 nmethod 14931 0x000001e3802a2d90 code [0x000001e3802a2f60, 0x000001e3802a33a8]
Event: 32.858 Thread 0x000001e3f7e5fff0 14927       3       org.eclipse.jdt.internal.core.ClassFile::<init> (56 bytes)
Event: 32.859 Thread 0x000001e3f7e5fff0 nmethod 14927 0x000001e3808c5490 code [0x000001e3808c5720, 0x000001e3808c6358]
Event: 32.868 Thread 0x000001e3f7e5fff0 14932       2       java.util.concurrent.locks.AbstractQueuedSynchronizer::signalNextIfShared (41 bytes)
Event: 32.869 Thread 0x000001e3f7e5fff0 nmethod 14932 0x000001e380bd3c10 code [0x000001e380bd3de0, 0x000001e380bd4048]
Event: 32.881 Thread 0x000001e3f7e5fff0 14933       1       org.eclipse.jdt.internal.compiler.classfmt.ModuleInfo$ServiceInfo::name (5 bytes)
Event: 32.881 Thread 0x000001e3f7e5fff0 nmethod 14933 0x000001e387ce7390 code [0x000001e387ce7520, 0x000001e387ce75e8]

GC Heap History (20 events):
Event: 31.568 GC heap after
{Heap after GC invocations=276 (full 4):
 PSYoungGen      total 34304K, used 3053K [0x00000000d5580000, 0x00000000d8000000, 0x0000000100000000)
  eden space 31232K, 0% used [0x00000000d5580000,0x00000000d5580000,0x00000000d7400000)
  from space 3072K, 99% used [0x00000000d7900000,0x00000000d7bfb400,0x00000000d7c00000)
  to   space 5120K, 0% used [0x00000000d7400000,0x00000000d7400000,0x00000000d7900000)
 ParOldGen       total 253440K, used 253388K [0x0000000080000000, 0x000000008f780000, 0x00000000d5580000)
  object space 253440K, 99% used [0x0000000080000000,0x000000008f7731a0,0x000000008f780000)
 Metaspace       used 72433K, committed 74048K, reserved 1179648K
  class space    used 7719K, committed 8384K, reserved 1048576K
}
Event: 31.622 GC heap before
{Heap before GC invocations=277 (full 4):
 PSYoungGen      total 34304K, used 34285K [0x00000000d5580000, 0x00000000d8000000, 0x0000000100000000)
  eden space 31232K, 100% used [0x00000000d5580000,0x00000000d7400000,0x00000000d7400000)
  from space 3072K, 99% used [0x00000000d7900000,0x00000000d7bfb400,0x00000000d7c00000)
  to   space 5120K, 0% used [0x00000000d7400000,0x00000000d7400000,0x00000000d7900000)
 ParOldGen       total 253440K, used 253388K [0x0000000080000000, 0x000000008f780000, 0x00000000d5580000)
  object space 253440K, 99% used [0x0000000080000000,0x000000008f7731a0,0x000000008f780000)
 Metaspace       used 72433K, committed 74048K, reserved 1179648K
  class space    used 7719K, committed 8384K, reserved 1048576K
}
Event: 31.628 GC heap after
{Heap after GC invocations=277 (full 4):
 PSYoungGen      total 36352K, used 3062K [0x00000000d5580000, 0x00000000d7e80000, 0x0000000100000000)
  eden space 31232K, 0% used [0x00000000d5580000,0x00000000d5580000,0x00000000d7400000)
  from space 5120K, 59% used [0x00000000d7400000,0x00000000d76fd868,0x00000000d7900000)
  to   space 3584K, 0% used [0x00000000d7b00000,0x00000000d7b00000,0x00000000d7e80000)
 ParOldGen       total 256512K, used 256178K [0x0000000080000000, 0x000000008fa80000, 0x00000000d5580000)
  object space 256512K, 99% used [0x0000000080000000,0x000000008fa2c9a0,0x000000008fa80000)
 Metaspace       used 72433K, committed 74048K, reserved 1179648K
  class space    used 7719K, committed 8384K, reserved 1048576K
}
Event: 31.682 GC heap before
{Heap before GC invocations=278 (full 4):
 PSYoungGen      total 36352K, used 34294K [0x00000000d5580000, 0x00000000d7e80000, 0x0000000100000000)
  eden space 31232K, 100% used [0x00000000d5580000,0x00000000d7400000,0x00000000d7400000)
  from space 5120K, 59% used [0x00000000d7400000,0x00000000d76fd868,0x00000000d7900000)
  to   space 3584K, 0% used [0x00000000d7b00000,0x00000000d7b00000,0x00000000d7e80000)
 ParOldGen       total 256512K, used 256178K [0x0000000080000000, 0x000000008fa80000, 0x00000000d5580000)
  object space 256512K, 99% used [0x0000000080000000,0x000000008fa2c9a0,0x000000008fa80000)
 Metaspace       used 72434K, committed 74048K, reserved 1179648K
  class space    used 7719K, committed 8384K, reserved 1048576K
}
Event: 31.687 GC heap after
{Heap after GC invocations=278 (full 4):
 PSYoungGen      total 35328K, used 3577K [0x00000000d5580000, 0x00000000d8400000, 0x0000000100000000)
  eden space 31744K, 0% used [0x00000000d5580000,0x00000000d5580000,0x00000000d7480000)
  from space 3584K, 99% used [0x00000000d7b00000,0x00000000d7e7e5e0,0x00000000d7e80000)
  to   space 6656K, 0% used [0x00000000d7480000,0x00000000d7480000,0x00000000d7b00000)
 ParOldGen       total 258560K, used 258540K [0x0000000080000000, 0x000000008fc80000, 0x00000000d5580000)
  object space 258560K, 99% used [0x0000000080000000,0x000000008fc7b0c8,0x000000008fc80000)
 Metaspace       used 72434K, committed 74048K, reserved 1179648K
  class space    used 7719K, committed 8384K, reserved 1048576K
}
Event: 31.747 GC heap before
{Heap before GC invocations=279 (full 4):
 PSYoungGen      total 35328K, used 35321K [0x00000000d5580000, 0x00000000d8400000, 0x0000000100000000)
  eden space 31744K, 100% used [0x00000000d5580000,0x00000000d7480000,0x00000000d7480000)
  from space 3584K, 99% used [0x00000000d7b00000,0x00000000d7e7e5e0,0x00000000d7e80000)
  to   space 6656K, 0% used [0x00000000d7480000,0x00000000d7480000,0x00000000d7b00000)
 ParOldGen       total 258560K, used 258540K [0x0000000080000000, 0x000000008fc80000, 0x00000000d5580000)
  object space 258560K, 99% used [0x0000000080000000,0x000000008fc7b0c8,0x000000008fc80000)
 Metaspace       used 72444K, committed 74048K, reserved 1179648K
  class space    used 7721K, committed 8384K, reserved 1048576K
}
Event: 31.757 GC heap after
{Heap after GC invocations=279 (full 4):
 PSYoungGen      total 38400K, used 5100K [0x00000000d5580000, 0x00000000d8300000, 0x0000000100000000)
  eden space 31744K, 0% used [0x00000000d5580000,0x00000000d5580000,0x00000000d7480000)
  from space 6656K, 76% used [0x00000000d7480000,0x00000000d797b1e0,0x00000000d7b00000)
  to   space 5632K, 0% used [0x00000000d7d80000,0x00000000d7d80000,0x00000000d8300000)
 ParOldGen       total 262144K, used 261857K [0x0000000080000000, 0x0000000090000000, 0x00000000d5580000)
  object space 262144K, 99% used [0x0000000080000000,0x000000008ffb8600,0x0000000090000000)
 Metaspace       used 72444K, committed 74048K, reserved 1179648K
  class space    used 7721K, committed 8384K, reserved 1048576K
}
Event: 31.798 GC heap before
{Heap before GC invocations=280 (full 4):
 PSYoungGen      total 38400K, used 36844K [0x00000000d5580000, 0x00000000d8300000, 0x0000000100000000)
  eden space 31744K, 100% used [0x00000000d5580000,0x00000000d7480000,0x00000000d7480000)
  from space 6656K, 76% used [0x00000000d7480000,0x00000000d797b1e0,0x00000000d7b00000)
  to   space 5632K, 0% used [0x00000000d7d80000,0x00000000d7d80000,0x00000000d8300000)
 ParOldGen       total 262144K, used 261857K [0x0000000080000000, 0x0000000090000000, 0x00000000d5580000)
  object space 262144K, 99% used [0x0000000080000000,0x000000008ffb8600,0x0000000090000000)
 Metaspace       used 72444K, committed 74048K, reserved 1179648K
  class space    used 7721K, committed 8384K, reserved 1048576K
}
Event: 31.813 GC heap after
{Heap after GC invocations=280 (full 4):
 PSYoungGen      total 38400K, used 5619K [0x00000000d5580000, 0x00000000d8800000, 0x0000000100000000)
  eden space 32768K, 0% used [0x00000000d5580000,0x00000000d5580000,0x00000000d7580000)
  from space 5632K, 99% used [0x00000000d7d80000,0x00000000d82fcd28,0x00000000d8300000)
  to   space 8192K, 0% used [0x00000000d7580000,0x00000000d7580000,0x00000000d7d80000)
 ParOldGen       total 264192K, used 263948K [0x0000000080000000, 0x0000000090200000, 0x00000000d5580000)
  object space 264192K, 99% used [0x0000000080000000,0x00000000901c3228,0x0000000090200000)
 Metaspace       used 72444K, committed 74048K, reserved 1179648K
  class space    used 7721K, committed 8384K, reserved 1048576K
}
Event: 31.878 GC heap before
{Heap before GC invocations=281 (full 4):
 PSYoungGen      total 38400K, used 38387K [0x00000000d5580000, 0x00000000d8800000, 0x0000000100000000)
  eden space 32768K, 100% used [0x00000000d5580000,0x00000000d7580000,0x00000000d7580000)
  from space 5632K, 99% used [0x00000000d7d80000,0x00000000d82fcd28,0x00000000d8300000)
  to   space 8192K, 0% used [0x00000000d7580000,0x00000000d7580000,0x00000000d7d80000)
 ParOldGen       total 264192K, used 263948K [0x0000000080000000, 0x0000000090200000, 0x00000000d5580000)
  object space 264192K, 99% used [0x0000000080000000,0x00000000901c3228,0x0000000090200000)
 Metaspace       used 72444K, committed 74048K, reserved 1179648K
  class space    used 7721K, committed 8384K, reserved 1048576K
}
Event: 31.886 GC heap after
{Heap after GC invocations=281 (full 4):
 PSYoungGen      total 40960K, used 3886K [0x00000000d5580000, 0x00000000d8400000, 0x0000000100000000)
  eden space 32768K, 0% used [0x00000000d5580000,0x00000000d5580000,0x00000000d7580000)
  from space 8192K, 47% used [0x00000000d7580000,0x00000000d794b988,0x00000000d7d80000)
  to   space 5632K, 0% used [0x00000000d7e80000,0x00000000d7e80000,0x00000000d8400000)
 ParOldGen       total 268288K, used 267999K [0x0000000080000000, 0x0000000090600000, 0x00000000d5580000)
  object space 268288K, 99% used [0x0000000080000000,0x00000000905b7dd8,0x0000000090600000)
 Metaspace       used 72444K, committed 74048K, reserved 1179648K
  class space    used 7721K, committed 8384K, reserved 1048576K
}
Event: 31.936 GC heap before
{Heap before GC invocations=282 (full 4):
 PSYoungGen      total 40960K, used 36654K [0x00000000d5580000, 0x00000000d8400000, 0x0000000100000000)
  eden space 32768K, 100% used [0x00000000d5580000,0x00000000d7580000,0x00000000d7580000)
  from space 8192K, 47% used [0x00000000d7580000,0x00000000d794b988,0x00000000d7d80000)
  to   space 5632K, 0% used [0x00000000d7e80000,0x00000000d7e80000,0x00000000d8400000)
 ParOldGen       total 268288K, used 267999K [0x0000000080000000, 0x0000000090600000, 0x00000000d5580000)
  object space 268288K, 99% used [0x0000000080000000,0x00000000905b7dd8,0x0000000090600000)
 Metaspace       used 72444K, committed 74048K, reserved 1179648K
  class space    used 7721K, committed 8384K, reserved 1048576K
}
Event: 31.949 GC heap after
{Heap after GC invocations=282 (full 4):
 PSYoungGen      total 38912K, used 2360K [0x00000000d5580000, 0x00000000d8100000, 0x0000000100000000)
  eden space 36352K, 0% used [0x00000000d5580000,0x00000000d5580000,0x00000000d7900000)
  from space 2560K, 92% used [0x00000000d7e80000,0x00000000d80ce200,0x00000000d8100000)
  to   space 3584K, 0% used [0x00000000d7a00000,0x00000000d7a00000,0x00000000d7d80000)
 ParOldGen       total 271872K, used 271653K [0x0000000080000000, 0x0000000090980000, 0x00000000d5580000)
  object space 271872K, 99% used [0x0000000080000000,0x0000000090949618,0x0000000090980000)
 Metaspace       used 72444K, committed 74048K, reserved 1179648K
  class space    used 7721K, committed 8384K, reserved 1048576K
}
Event: 32.109 GC heap before
{Heap before GC invocations=283 (full 4):
 PSYoungGen      total 38912K, used 38712K [0x00000000d5580000, 0x00000000d8100000, 0x0000000100000000)
  eden space 36352K, 100% used [0x00000000d5580000,0x00000000d7900000,0x00000000d7900000)
  from space 2560K, 92% used [0x00000000d7e80000,0x00000000d80ce200,0x00000000d8100000)
  to   space 3584K, 0% used [0x00000000d7a00000,0x00000000d7a00000,0x00000000d7d80000)
 ParOldGen       total 271872K, used 271653K [0x0000000080000000, 0x0000000090980000, 0x00000000d5580000)
  object space 271872K, 99% used [0x0000000080000000,0x0000000090949618,0x0000000090980000)
 Metaspace       used 72478K, committed 74112K, reserved 1179648K
  class space    used 7721K, committed 8384K, reserved 1048576K
}
Event: 32.121 GC heap after
{Heap after GC invocations=283 (full 4):
 PSYoungGen      total 40960K, used 3207K [0x00000000d5580000, 0x00000000d8400000, 0x0000000100000000)
  eden space 37376K, 0% used [0x00000000d5580000,0x00000000d5580000,0x00000000d7a00000)
  from space 3584K, 89% used [0x00000000d7a00000,0x00000000d7d21f10,0x00000000d7d80000)
  to   space 3584K, 0% used [0x00000000d8080000,0x00000000d8080000,0x00000000d8400000)
 ParOldGen       total 273920K, used 273887K [0x0000000080000000, 0x0000000090b80000, 0x00000000d5580000)
  object space 273920K, 99% used [0x0000000080000000,0x0000000090b77ff8,0x0000000090b80000)
 Metaspace       used 72478K, committed 74112K, reserved 1179648K
  class space    used 7721K, committed 8384K, reserved 1048576K
}
Event: 32.366 GC heap before
{Heap before GC invocations=284 (full 4):
 PSYoungGen      total 40960K, used 40180K [0x00000000d5580000, 0x00000000d8400000, 0x0000000100000000)
  eden space 37376K, 98% used [0x00000000d5580000,0x00000000d799b310,0x00000000d7a00000)
  from space 3584K, 89% used [0x00000000d7a00000,0x00000000d7d21f10,0x00000000d7d80000)
  to   space 3584K, 0% used [0x00000000d8080000,0x00000000d8080000,0x00000000d8400000)
 ParOldGen       total 273920K, used 273887K [0x0000000080000000, 0x0000000090b80000, 0x00000000d5580000)
  object space 273920K, 99% used [0x0000000080000000,0x0000000090b77ff8,0x0000000090b80000)
 Metaspace       used 72525K, committed 74112K, reserved 1179648K
  class space    used 7723K, committed 8384K, reserved 1048576K
}
Event: 32.397 GC heap after
{Heap after GC invocations=284 (full 4):
 PSYoungGen      total 37888K, used 3570K [0x00000000d5580000, 0x00000000d9100000, 0x0000000100000000)
  eden space 34304K, 0% used [0x00000000d5580000,0x00000000d5580000,0x00000000d7700000)
  from space 3584K, 99% used [0x00000000d8080000,0x00000000d83fc9d8,0x00000000d8400000)
  to   space 9728K, 0% used [0x00000000d7700000,0x00000000d7700000,0x00000000d8080000)
 ParOldGen       total 279040K, used 278862K [0x0000000080000000, 0x0000000091080000, 0x00000000d5580000)
  object space 279040K, 99% used [0x0000000080000000,0x0000000091053ac8,0x0000000091080000)
 Metaspace       used 72525K, committed 74112K, reserved 1179648K
  class space    used 7723K, committed 8384K, reserved 1048576K
}
Event: 32.648 GC heap before
{Heap before GC invocations=285 (full 4):
 PSYoungGen      total 37888K, used 37874K [0x00000000d5580000, 0x00000000d9100000, 0x0000000100000000)
  eden space 34304K, 100% used [0x00000000d5580000,0x00000000d7700000,0x00000000d7700000)
  from space 3584K, 99% used [0x00000000d8080000,0x00000000d83fc9d8,0x00000000d8400000)
  to   space 9728K, 0% used [0x00000000d7700000,0x00000000d7700000,0x00000000d8080000)
 ParOldGen       total 279040K, used 278862K [0x0000000080000000, 0x0000000091080000, 0x00000000d5580000)
  object space 279040K, 99% used [0x0000000080000000,0x0000000091053ac8,0x0000000091080000)
 Metaspace       used 72525K, committed 74112K, reserved 1179648K
  class space    used 7723K, committed 8384K, reserved 1048576K
}
Event: 32.662 GC heap after
{Heap after GC invocations=285 (full 4):
 PSYoungGen      total 44032K, used 5017K [0x00000000d5580000, 0x00000000d8780000, 0x0000000100000000)
  eden space 34304K, 0% used [0x00000000d5580000,0x00000000d5580000,0x00000000d7700000)
  from space 9728K, 51% used [0x00000000d7700000,0x00000000d7be66e0,0x00000000d8080000)
  to   space 6656K, 0% used [0x00000000d8100000,0x00000000d8100000,0x00000000d8780000)
 ParOldGen       total 282624K, used 282174K [0x0000000080000000, 0x0000000091400000, 0x00000000d5580000)
  object space 282624K, 99% used [0x0000000080000000,0x000000009138f9f0,0x0000000091400000)
 Metaspace       used 72525K, committed 74112K, reserved 1179648K
  class space    used 7723K, committed 8384K, reserved 1048576K
}
Event: 32.933 GC heap before
{Heap before GC invocations=286 (full 4):
 PSYoungGen      total 44032K, used 39321K [0x00000000d5580000, 0x00000000d8780000, 0x0000000100000000)
  eden space 34304K, 100% used [0x00000000d5580000,0x00000000d7700000,0x00000000d7700000)
  from space 9728K, 51% used [0x00000000d7700000,0x00000000d7be66e0,0x00000000d8080000)
  to   space 6656K, 0% used [0x00000000d8100000,0x00000000d8100000,0x00000000d8780000)
 ParOldGen       total 282624K, used 282174K [0x0000000080000000, 0x0000000091400000, 0x00000000d5580000)
  object space 282624K, 99% used [0x0000000080000000,0x000000009138f9f0,0x0000000091400000)
 Metaspace       used 72526K, committed 74176K, reserved 1179648K
  class space    used 7723K, committed 8384K, reserved 1048576K
}

Dll operation events (14 events):
Event: 0.023 Loaded shared library c:\Users\IDEAPAD\.vscode\extensions\redhat.java-1.47.0-win32-x64\jre\21.0.8-win32-x86_64\bin\java.dll
Event: 0.182 Loaded shared library c:\Users\IDEAPAD\.vscode\extensions\redhat.java-1.47.0-win32-x64\jre\21.0.8-win32-x86_64\bin\zip.dll
Event: 0.214 Loaded shared library C:\Users\IDEAPAD\.vscode\extensions\redhat.java-1.47.0-win32-x64\jre\21.0.8-win32-x86_64\bin\instrument.dll
Event: 0.219 Loaded shared library C:\Users\IDEAPAD\.vscode\extensions\redhat.java-1.47.0-win32-x64\jre\21.0.8-win32-x86_64\bin\net.dll
Event: 0.223 Loaded shared library C:\Users\IDEAPAD\.vscode\extensions\redhat.java-1.47.0-win32-x64\jre\21.0.8-win32-x86_64\bin\nio.dll
Event: 0.227 Loaded shared library C:\Users\IDEAPAD\.vscode\extensions\redhat.java-1.47.0-win32-x64\jre\21.0.8-win32-x86_64\bin\zip.dll
Event: 0.261 Loaded shared library C:\Users\IDEAPAD\.vscode\extensions\redhat.java-1.47.0-win32-x64\jre\21.0.8-win32-x86_64\bin\jimage.dll
Event: 0.353 Loaded shared library c:\Users\IDEAPAD\.vscode\extensions\redhat.java-1.47.0-win32-x64\jre\21.0.8-win32-x86_64\bin\verify.dll
Event: 2.390 Loaded shared library C:\Users\IDEAPAD\AppData\Roaming\Code\User\globalStorage\redhat.java\1.47.0\config_win\org.eclipse.equinox.launcher\org.eclipse.equinox.launcher.win32.win32.x86_64_1.2.1400.v20250801-0854\eclipse_11916.dll
Event: 4.256 Loaded shared library C:\Users\IDEAPAD\.vscode\extensions\redhat.java-1.47.0-win32-x64\jre\21.0.8-win32-x86_64\bin\management.dll
Event: 4.264 Loaded shared library C:\Users\IDEAPAD\.vscode\extensions\redhat.java-1.47.0-win32-x64\jre\21.0.8-win32-x86_64\bin\management_ext.dll
Event: 6.499 Loaded shared library C:\Users\IDEAPAD\AppData\Local\Temp\jna--1919187428\jna10663903220466442912.dll
Event: 6.809 Loaded shared library C:\Users\IDEAPAD\.vscode\extensions\redhat.java-1.47.0-win32-x64\jre\21.0.8-win32-x86_64\bin\sunmscapi.dll
Event: 7.205 Loaded shared library C:\Users\IDEAPAD\.vscode\extensions\redhat.java-1.47.0-win32-x64\jre\21.0.8-win32-x86_64\bin\extnet.dll

Deoptimization events (20 events):
Event: 32.356 Thread 0x000001e3febd9010 DEOPT PACKING pc=0x000001e381d020a2 sp=0x0000009749dfe790
Event: 32.356 Thread 0x000001e3febd9010 DEOPT UNPACKING pc=0x000001e3875878e2 sp=0x0000009749dfdd08 mode 0
Event: 32.411 Thread 0x000001e3febd9010 DEOPT PACKING pc=0x000001e381d020a2 sp=0x0000009749dfe790
Event: 32.411 Thread 0x000001e3febd9010 DEOPT UNPACKING pc=0x000001e3875878e2 sp=0x0000009749dfdd08 mode 0
Event: 32.429 Thread 0x000001e3febd9010 DEOPT PACKING pc=0x000001e381d020a2 sp=0x0000009749dfe790
Event: 32.429 Thread 0x000001e3febd9010 DEOPT UNPACKING pc=0x000001e3875878e2 sp=0x0000009749dfdd08 mode 0
Event: 32.472 Thread 0x000001e3febd9010 DEOPT PACKING pc=0x000001e381d020a2 sp=0x0000009749dfe790
Event: 32.472 Thread 0x000001e3febd9010 DEOPT UNPACKING pc=0x000001e3875878e2 sp=0x0000009749dfdd08 mode 0
Event: 32.492 Thread 0x000001e3febd9010 Uncommon trap: trap_request=0xffffff45 fr.pc=0x000001e3881fbd1c relative=0x000000000000007c
Event: 32.493 Thread 0x000001e3febd9010 Uncommon trap: reason=unstable_if action=reinterpret pc=0x000001e3881fbd1c method=org.eclipse.jdt.internal.compiler.ast.TypeDeclaration.kind(I)I @ 5 c2
Event: 32.494 Thread 0x000001e3febd9010 DEOPT PACKING pc=0x000001e3881fbd1c sp=0x0000009749dfe920
Event: 32.494 Thread 0x000001e3febd9010 DEOPT UNPACKING pc=0x000001e387586da2 sp=0x0000009749dfe8a8 mode 2
Event: 32.497 Thread 0x000001e3febd9010 DEOPT PACKING pc=0x000001e381d020a2 sp=0x0000009749dfe790
Event: 32.497 Thread 0x000001e3febd9010 DEOPT UNPACKING pc=0x000001e3875878e2 sp=0x0000009749dfdd08 mode 0
Event: 32.516 Thread 0x000001e3febd9010 DEOPT PACKING pc=0x000001e381d020a2 sp=0x0000009749dfe790
Event: 32.516 Thread 0x000001e3febd9010 DEOPT UNPACKING pc=0x000001e3875878e2 sp=0x0000009749dfdd08 mode 0
Event: 32.534 Thread 0x000001e3febd9010 DEOPT PACKING pc=0x000001e381d020a2 sp=0x0000009749dfe790
Event: 32.534 Thread 0x000001e3febd9010 DEOPT UNPACKING pc=0x000001e3875878e2 sp=0x0000009749dfdd08 mode 0
Event: 32.586 Thread 0x000001e3febd9010 DEOPT PACKING pc=0x000001e381d020a2 sp=0x0000009749dfe790
Event: 32.586 Thread 0x000001e3febd9010 DEOPT UNPACKING pc=0x000001e3875878e2 sp=0x0000009749dfdd08 mode 0

Classes loaded (20 events):
Event: 25.738 Loading class java/io/ObjectStreamClass$DeserializationConstructorsCache$Key done
Event: 25.738 Loading class java/io/ObjectStreamClass$DeserializationConstructorsCache$Key$Lookup done
Event: 25.748 Loading class java/lang/invoke/BoundMethodHandle$Species_LIL
Event: 25.748 Loading class java/lang/invoke/BoundMethodHandle$Species_LIL done
Event: 25.753 Loading class java/io/ObjectStreamClass$DeserializationConstructorsCache$Key$Impl
Event: 25.753 Loading class java/io/ObjectStreamClass$DeserializationConstructorsCache$Key$Impl done
Event: 29.647 Loading class java/io/SequenceInputStream
Event: 29.649 Loading class java/io/SequenceInputStream done
Event: 29.705 Loading class org/xml/sax/SAXNotRecognizedException
Event: 29.706 Loading class org/xml/sax/SAXNotRecognizedException done
Event: 29.706 Loading class org/xml/sax/SAXNotSupportedException
Event: 29.706 Loading class org/xml/sax/SAXNotSupportedException done
Event: 29.741 Loading class com/sun/org/apache/xerces/internal/util/URI
Event: 29.744 Loading class com/sun/org/apache/xerces/internal/util/URI done
Event: 29.748 Loading class com/sun/org/apache/xerces/internal/xni/XNIException
Event: 29.749 Loading class com/sun/org/apache/xerces/internal/xni/XNIException done
Event: 29.823 Loading class com/sun/org/apache/xerces/internal/xni/parser/XMLParseException
Event: 29.824 Loading class com/sun/org/apache/xerces/internal/xni/parser/XMLParseException done
Event: 29.840 Loading class java/util/ArrayDeque$DeqSpliterator
Event: 29.841 Loading class java/util/ArrayDeque$DeqSpliterator done

Classes unloaded (20 events):
Event: 28.675 Thread 0x000001e3f04aec20 Unloading class 0x000001e390819018 'org/apache/maven/shared/filtering/MavenReaderFilterRequest'
Event: 28.675 Thread 0x000001e3f04aec20 Unloading class 0x000001e390818d00 'org/apache/maven/shared/filtering/MavenFileFilterRequest'
Event: 28.675 Thread 0x000001e3f04aec20 Unloading class 0x000001e390818b00 'org/codehaus/plexus/interpolation/Interpolator'
Event: 28.675 Thread 0x000001e3f04aec20 Unloading class 0x000001e390818900 'org/codehaus/plexus/interpolation/BasicInterpolator'
Event: 28.675 Thread 0x000001e3f04aec20 Unloading class 0x000001e390817dd0 'org/codehaus/plexus/interpolation/ValueSource'
Event: 28.675 Thread 0x000001e3f04aec20 Unloading class 0x000001e390818538 'org/apache/maven/shared/filtering/MavenResourcesExecution'
Event: 28.675 Thread 0x000001e3f04aec20 Unloading class 0x000001e390818260 'org/apache/maven/shared/filtering/AbstractMavenFilteringRequest'
Event: 28.675 Thread 0x000001e3f04aec20 Unloading class 0x000001e390818000 'org/apache/maven/shared/filtering/MavenFilteringException'
Event: 28.675 Thread 0x000001e3f04aec20 Unloading class 0x000001e390817b80 'org/apache/maven/shared/filtering/DefaultMavenResourcesFiltering'
Event: 28.675 Thread 0x000001e3f04aec20 Unloading class 0x000001e390817980 'org/apache/maven/shared/filtering/MavenResourcesFiltering'
Event: 28.675 Thread 0x000001e3f04aec20 Unloading class 0x000001e3908176f0 'org/apache/maven/shared/filtering/DefaultMavenReaderFilter'
Event: 28.675 Thread 0x000001e3f04aec20 Unloading class 0x000001e3908174f0 'org/apache/maven/shared/filtering/MavenReaderFilter'
Event: 28.675 Thread 0x000001e3f04aec20 Unloading class 0x000001e390817250 'org/apache/maven/shared/filtering/DefaultMavenFileFilter'
Event: 28.675 Thread 0x000001e3f04aec20 Unloading class 0x000001e390817000 'org/apache/maven/shared/filtering/BaseFilter'
Event: 28.675 Thread 0x000001e3f04aec20 Unloading class 0x000001e390816db8 'org/apache/maven/shared/filtering/MavenFileFilter'
Event: 28.675 Thread 0x000001e3f04aec20 Unloading class 0x000001e390816bb8 'org/apache/maven/shared/filtering/DefaultFilterInfo'
Event: 28.676 Thread 0x000001e3f04aec20 Unloading class 0x000001e3908168a8 'org/apache/maven/plugins/resources/TestResourcesMojo'
Event: 28.676 Thread 0x000001e3f04aec20 Unloading class 0x000001e390816620 'org/apache/maven/plugins/maven_resources_plugin/HelpMojo'
Event: 28.676 Thread 0x000001e3f04aec20 Unloading class 0x000001e390816310 'org/apache/maven/plugins/resources/CopyResourcesMojo'
Event: 28.676 Thread 0x000001e3f04aec20 Unloading class 0x000001e390816000 'org/apache/maven/plugins/resources/ResourcesMojo'

Classes redefined (0 events):
No events

Internal exceptions (20 events):
Event: 30.342 Thread 0x000001e3feadd440 Exception <a 'sun/nio/fs/WindowsException'{0x00000000d55ceaf8}> (0x00000000d55ceaf8) 
thrown [s\src\hotspot\share\prims\jni.cpp, line 520]
Event: 30.342 Thread 0x000001e3feadd440 Exception <a 'sun/nio/fs/WindowsException'{0x00000000d55cf770}> (0x00000000d55cf770) 
thrown [s\src\hotspot\share\prims\jni.cpp, line 520]
Event: 30.343 Thread 0x000001e3feadd440 Exception <a 'sun/nio/fs/WindowsException'{0x00000000d5674c90}> (0x00000000d5674c90) 
thrown [s\src\hotspot\share\prims\jni.cpp, line 520]
Event: 30.343 Thread 0x000001e3feadd440 Exception <a 'sun/nio/fs/WindowsException'{0x00000000d5695660}> (0x00000000d5695660) 
thrown [s\src\hotspot\share\prims\jni.cpp, line 520]
Event: 30.355 Thread 0x000001e3feadd440 Exception <a 'sun/nio/fs/WindowsException'{0x00000000d58b6fc8}> (0x00000000d58b6fc8) 
thrown [s\src\hotspot\share\prims\jni.cpp, line 520]
Event: 30.355 Thread 0x000001e3feadd440 Exception <a 'sun/nio/fs/WindowsException'{0x00000000d58b7c40}> (0x00000000d58b7c40) 
thrown [s\src\hotspot\share\prims\jni.cpp, line 520]
Event: 30.452 Thread 0x000001e3feadd440 Exception <a 'sun/nio/fs/WindowsException'{0x00000000d5b51b48}> (0x00000000d5b51b48) 
thrown [s\src\hotspot\share\prims\jni.cpp, line 520]
Event: 30.452 Thread 0x000001e3feadd440 Exception <a 'sun/nio/fs/WindowsException'{0x00000000d5b8d548}> (0x00000000d5b8d548) 
thrown [s\src\hotspot\share\prims\jni.cpp, line 520]
Event: 32.203 Thread 0x000001e3feadd440 Exception <a 'sun/nio/fs/WindowsException'{0x00000000d563f4a8}> (0x00000000d563f4a8) 
thrown [s\src\hotspot\share\prims\jni.cpp, line 520]
Event: 32.203 Thread 0x000001e3feadd440 Exception <a 'sun/nio/fs/WindowsException'{0x00000000d563fe70}> (0x00000000d563fe70) 
thrown [s\src\hotspot\share\prims\jni.cpp, line 520]
Event: 32.219 Thread 0x000001e3feadd440 Exception <a 'sun/nio/fs/WindowsException'{0x00000000d6342110}> (0x00000000d6342110) 
thrown [s\src\hotspot\share\prims\jni.cpp, line 520]
Event: 32.219 Thread 0x000001e3feadd440 Exception <a 'sun/nio/fs/WindowsException'{0x00000000d6342ad8}> (0x00000000d6342ad8) 
thrown [s\src\hotspot\share\prims\jni.cpp, line 520]
Event: 32.272 Thread 0x000001e3febdaa50 Exception <a 'sun/nio/fs/WindowsException'{0x00000000d6842898}> (0x00000000d6842898) 
thrown [s\src\hotspot\share\prims\jni.cpp, line 520]
Event: 32.273 Thread 0x000001e3febdaa50 Exception <a 'sun/nio/fs/WindowsException'{0x00000000d6843208}> (0x00000000d6843208) 
thrown [s\src\hotspot\share\prims\jni.cpp, line 520]
Event: 32.274 Thread 0x000001e3febdaa50 Exception <a 'sun/nio/fs/WindowsException'{0x00000000d68441a8}> (0x00000000d68441a8) 
thrown [s\src\hotspot\share\prims\jni.cpp, line 520]
Event: 32.274 Thread 0x000001e3febdaa50 Exception <a 'sun/nio/fs/WindowsException'{0x00000000d6844b00}> (0x00000000d6844b00) 
thrown [s\src\hotspot\share\prims\jni.cpp, line 520]
Event: 32.278 Thread 0x000001e3febdaa50 Exception <a 'sun/nio/fs/WindowsException'{0x00000000d68469e8}> (0x00000000d68469e8) 
thrown [s\src\hotspot\share\prims\jni.cpp, line 520]
Event: 32.278 Thread 0x000001e3febdaa50 Exception <a 'sun/nio/fs/WindowsException'{0x00000000d6847358}> (0x00000000d6847358) 
thrown [s\src\hotspot\share\prims\jni.cpp, line 520]
Event: 32.310 Thread 0x000001e3febdaa50 Exception <a 'sun/nio/fs/WindowsException'{0x00000000d6af6ad0}> (0x00000000d6af6ad0) 
thrown [s\src\hotspot\share\prims\jni.cpp, line 520]
Event: 32.312 Thread 0x000001e3febdaa50 Exception <a 'sun/nio/fs/WindowsException'{0x00000000d6af7458}> (0x00000000d6af7458) 
thrown [s\src\hotspot\share\prims\jni.cpp, line 520]

ZGC Phase Switch (0 events):
No events

VM Operations (20 events):
Event: 31.568 Executing VM operation: ParallelGCFailedAllocation (Allocation Failure) done
Event: 31.622 Executing VM operation: ParallelGCFailedAllocation (Allocation Failure)
Event: 31.628 Executing VM operation: ParallelGCFailedAllocation (Allocation Failure) done
Event: 31.682 Executing VM operation: ParallelGCFailedAllocation (Allocation Failure)
Event: 31.687 Executing VM operation: ParallelGCFailedAllocation (Allocation Failure) done
Event: 31.747 Executing VM operation: ParallelGCFailedAllocation (Allocation Failure)
Event: 31.757 Executing VM operation: ParallelGCFailedAllocation (Allocation Failure) done
Event: 31.798 Executing VM operation: ParallelGCFailedAllocation (Allocation Failure)
Event: 31.813 Executing VM operation: ParallelGCFailedAllocation (Allocation Failure) done
Event: 31.878 Executing VM operation: ParallelGCFailedAllocation (Allocation Failure)
Event: 31.886 Executing VM operation: ParallelGCFailedAllocation (Allocation Failure) done
Event: 31.936 Executing VM operation: ParallelGCFailedAllocation (Allocation Failure)
Event: 31.949 Executing VM operation: ParallelGCFailedAllocation (Allocation Failure) done
Event: 32.108 Executing VM operation: ParallelGCFailedAllocation (Allocation Failure)
Event: 32.121 Executing VM operation: ParallelGCFailedAllocation (Allocation Failure) done
Event: 32.365 Executing VM operation: ParallelGCFailedAllocation (Allocation Failure)
Event: 32.397 Executing VM operation: ParallelGCFailedAllocation (Allocation Failure) done
Event: 32.648 Executing VM operation: ParallelGCFailedAllocation (Allocation Failure)
Event: 32.662 Executing VM operation: ParallelGCFailedAllocation (Allocation Failure) done
Event: 32.932 Executing VM operation: ParallelGCFailedAllocation (Allocation Failure)

Memory protections (0 events):
No events

Nmethod flushes (20 events):
Event: 28.807 Thread 0x000001e3f04aec20 flushing  nmethod 0x000001e381316410
Event: 28.807 Thread 0x000001e3f04aec20 flushing  nmethod 0x000001e381316790
Event: 28.807 Thread 0x000001e3f04aec20 flushing  nmethod 0x000001e381316f10
Event: 28.807 Thread 0x000001e3f04aec20 flushing  nmethod 0x000001e381317c90
Event: 28.807 Thread 0x000001e3f04aec20 flushing  nmethod 0x000001e381318090
Event: 28.807 Thread 0x000001e3f04aec20 flushing  nmethod 0x000001e381318410
Event: 28.807 Thread 0x000001e3f04aec20 flushing  nmethod 0x000001e381319090
Event: 28.807 Thread 0x000001e3f04aec20 flushing  nmethod 0x000001e381319910
Event: 28.807 Thread 0x000001e3f04aec20 flushing  nmethod 0x000001e38131b490
Event: 28.807 Thread 0x000001e3f04aec20 flushing  nmethod 0x000001e38131ba10
Event: 28.807 Thread 0x000001e3f04aec20 flushing  nmethod 0x000001e38131c110
Event: 28.807 Thread 0x000001e3f04aec20 flushing  nmethod 0x000001e38131ca90
Event: 28.807 Thread 0x000001e3f04aec20 flushing  nmethod 0x000001e38131d590
Event: 28.807 Thread 0x000001e3f04aec20 flushing  nmethod 0x000001e38132cb10
Event: 28.807 Thread 0x000001e3f04aec20 flushing  nmethod 0x000001e38132d310
Event: 28.807 Thread 0x000001e3f04aec20 flushing  nmethod 0x000001e38132dd10
Event: 28.807 Thread 0x000001e3f04aec20 flushing  nmethod 0x000001e381a07510
Event: 28.807 Thread 0x000001e3f04aec20 flushing  nmethod 0x000001e381a0b210
Event: 28.807 Thread 0x000001e3f04aec20 flushing  nmethod 0x000001e381a14290
Event: 28.807 Thread 0x000001e3f04aec20 flushing  nmethod 0x000001e381a14e10

Events (20 events):
Event: 21.980 Thread 0x000001e3d2cf1150 Thread exited: 0x000001e3d2cf1150
Event: 21.980 Thread 0x000001e3d08283f0 Thread exited: 0x000001e3d08283f0
Event: 21.980 Thread 0x000001e3d2cf0ac0 Thread exited: 0x000001e3d2cf0ac0
Event: 21.985 Thread 0x000001e3d0828a80 Thread added: 0x000001e3d0825600
Event: 22.769 Thread 0x000001e3d02b4320 Thread exited: 0x000001e3d02b4320
Event: 24.401 Thread 0x000001e3feadd440 Thread added: 0x000001e3d0825c90
Event: 24.408 Thread 0x000001e3feadd440 Thread added: 0x000001e3d0824250
Event: 24.411 Thread 0x000001e3feadd440 Thread added: 0x000001e3d08269b0
Event: 24.414 Thread 0x000001e3feadd440 Thread added: 0x000001e3d0827040
Event: 24.420 Thread 0x000001e3feadd440 Thread added: 0x000001e3d0822810
Event: 25.486 Thread 0x000001e3d0822810 Thread exited: 0x000001e3d0822810
Event: 25.489 Thread 0x000001e3d0824250 Thread exited: 0x000001e3d0824250
Event: 25.489 Thread 0x000001e3d08269b0 Thread exited: 0x000001e3d08269b0
Event: 25.489 Thread 0x000001e3d0825c90 Thread exited: 0x000001e3d0825c90
Event: 25.490 Thread 0x000001e3d0827040 Thread exited: 0x000001e3d0827040
Event: 27.119 Thread 0x000001e3feadd440 Thread added: 0x000001e3d0825c90
Event: 27.132 Thread 0x000001e3d0825c90 Thread exited: 0x000001e3d0825c90
Event: 27.501 Thread 0x000001e3d13e3010 Thread exited: 0x000001e3d13e3010
Event: 30.048 Thread 0x000001e3feadd440 Thread added: 0x000001e3d08283f0
Event: 30.058 Thread 0x000001e3d08283f0 Thread exited: 0x000001e3d08283f0


Dynamic libraries:
0x00007ff79c510000 - 0x00007ff79c51e000 	c:\Users\IDEAPAD\.vscode\extensions\redhat.java-1.47.0-win32-x64\jre\21.0.8-win32-x86_64\bin\java.exe
0x00007ffe11830000 - 0x00007ffe11a28000 	C:\WINDOWS\SYSTEM32\ntdll.dll
0x00007ffddbb10000 - 0x00007ffddbb30000 	C:\Program Files\Avast Software\Avast\aswhook.dll
0x00007ffe0fb10000 - 0x00007ffe0fbd2000 	C:\WINDOWS\System32\KERNEL32.DLL
0x00007ffe0f090000 - 0x00007ffe0f386000 	C:\WINDOWS\System32\KERNELBASE.dll
0x00007ffe0f630000 - 0x00007ffe0f730000 	C:\WINDOWS\System32\ucrtbase.dll
0x00007ffe03500000 - 0x00007ffe03518000 	c:\Users\IDEAPAD\.vscode\extensions\redhat.java-1.47.0-win32-x64\jre\21.0.8-win32-x86_64\bin\jli.dll
0x00007ffe086e0000 - 0x00007ffe086fe000 	c:\Users\IDEAPAD\.vscode\extensions\redhat.java-1.47.0-win32-x64\jre\21.0.8-win32-x86_64\bin\VCRUNTIME140.dll
0x00007ffe0f910000 - 0x00007ffe0faad000 	C:\WINDOWS\System32\USER32.dll
0x00007ffe0f830000 - 0x00007ffe0f852000 	C:\WINDOWS\System32\win32u.dll
0x00007ffdf2b00000 - 0x00007ffdf2d9a000 	C:\WINDOWS\WinSxS\amd64_microsoft.windows.common-controls_6595b64144ccf1df_6.0.19041.5794_none_60bcd33171f2783c\COMCTL32.dll
0x00007ffe10d70000 - 0x00007ffe10d9b000 	C:\WINDOWS\System32\GDI32.dll
0x00007ffe11270000 - 0x00007ffe1130e000 	C:\WINDOWS\System32\msvcrt.dll
0x00007ffe0eed0000 - 0x00007ffe0efea000 	C:\WINDOWS\System32\gdi32full.dll
0x00007ffe0eff0000 - 0x00007ffe0f08d000 	C:\WINDOWS\System32\msvcp_win.dll
0x00007ffe0fbe0000 - 0x00007ffe0fc0f000 	C:\WINDOWS\System32\IMM32.DLL
0x00007ffe097d0000 - 0x00007ffe097dc000 	c:\Users\IDEAPAD\.vscode\extensions\redhat.java-1.47.0-win32-x64\jre\21.0.8-win32-x86_64\bin\vcruntime140_1.dll
0x00007ffdd34e0000 - 0x00007ffdd356d000 	c:\Users\IDEAPAD\.vscode\extensions\redhat.java-1.47.0-win32-x64\jre\21.0.8-win32-x86_64\bin\msvcp140.dll
0x00007ffdb69d0000 - 0x00007ffdb7767000 	c:\Users\IDEAPAD\.vscode\extensions\redhat.java-1.47.0-win32-x64\jre\21.0.8-win32-x86_64\bin\server\jvm.dll
0x00007ffe107b0000 - 0x00007ffe1085f000 	C:\WINDOWS\System32\ADVAPI32.dll
0x00007ffe10700000 - 0x00007ffe1079f000 	C:\WINDOWS\System32\sechost.dll
0x00007ffe11620000 - 0x00007ffe11743000 	C:\WINDOWS\System32\RPCRT4.dll
0x00007ffe0f730000 - 0x00007ffe0f757000 	C:\WINDOWS\System32\bcrypt.dll
0x00007ffe10630000 - 0x00007ffe1069b000 	C:\WINDOWS\System32\WS2_32.dll
0x00007ffe0e8e0000 - 0x00007ffe0e92b000 	C:\WINDOWS\SYSTEM32\POWRPROF.dll
0x00007ffdf43c0000 - 0x00007ffdf43e7000 	C:\WINDOWS\SYSTEM32\WINMM.dll
0x00007ffe04f00000 - 0x00007ffe04f0a000 	C:\WINDOWS\SYSTEM32\VERSION.dll
0x00007ffe0e8c0000 - 0x00007ffe0e8d2000 	C:\WINDOWS\SYSTEM32\UMPDC.dll
0x00007ffe0d6b0000 - 0x00007ffe0d6c2000 	C:\WINDOWS\SYSTEM32\kernel.appcore.dll
0x00007ffe09560000 - 0x00007ffe0956a000 	c:\Users\IDEAPAD\.vscode\extensions\redhat.java-1.47.0-win32-x64\jre\21.0.8-win32-x86_64\bin\jimage.dll
0x00007ffe0cbe0000 - 0x00007ffe0cde1000 	C:\WINDOWS\SYSTEM32\DBGHELP.DLL
0x00007ffe033b0000 - 0x00007ffe033e4000 	C:\WINDOWS\SYSTEM32\dbgcore.DLL
0x00007ffe0f440000 - 0x00007ffe0f4c2000 	C:\WINDOWS\System32\bcryptPrimitives.dll
0x00007ffe09190000 - 0x00007ffe0919f000 	c:\Users\IDEAPAD\.vscode\extensions\redhat.java-1.47.0-win32-x64\jre\21.0.8-win32-x86_64\bin\instrument.dll
0x00007ffe01fe0000 - 0x00007ffe01fff000 	c:\Users\IDEAPAD\.vscode\extensions\redhat.java-1.47.0-win32-x64\jre\21.0.8-win32-x86_64\bin\java.dll
0x00007ffe0fd30000 - 0x00007ffe1049e000 	C:\WINDOWS\System32\SHELL32.dll
0x00007ffe0cdf0000 - 0x00007ffe0d593000 	C:\WINDOWS\SYSTEM32\windows.storage.dll
0x00007ffe109b0000 - 0x00007ffe10d03000 	C:\WINDOWS\System32\combase.dll
0x00007ffe0e750000 - 0x00007ffe0e77b000 	C:\WINDOWS\SYSTEM32\Wldp.dll
0x00007ffe11310000 - 0x00007ffe113dd000 	C:\WINDOWS\System32\OLEAUT32.dll
0x00007ffe0f860000 - 0x00007ffe0f90d000 	C:\WINDOWS\System32\SHCORE.dll
0x00007ffe106a0000 - 0x00007ffe106f5000 	C:\WINDOWS\System32\shlwapi.dll
0x00007ffe0ee00000 - 0x00007ffe0ee25000 	C:\WINDOWS\SYSTEM32\profapi.dll
0x00007ffe01fb0000 - 0x00007ffe01fc8000 	c:\Users\IDEAPAD\.vscode\extensions\redhat.java-1.47.0-win32-x64\jre\21.0.8-win32-x86_64\bin\zip.dll
0x00007ffe08340000 - 0x00007ffe08350000 	C:\Users\IDEAPAD\.vscode\extensions\redhat.java-1.47.0-win32-x64\jre\21.0.8-win32-x86_64\bin\net.dll
0x00007ffe0be30000 - 0x00007ffe0bf3a000 	C:\WINDOWS\SYSTEM32\WINHTTP.dll
0x00007ffe0e530000 - 0x00007ffe0e59c000 	C:\WINDOWS\system32\mswsock.dll
0x00007ffdf0d20000 - 0x00007ffdf0d36000 	C:\Users\IDEAPAD\.vscode\extensions\redhat.java-1.47.0-win32-x64\jre\21.0.8-win32-x86_64\bin\nio.dll
0x00007ffe09540000 - 0x00007ffe09550000 	c:\Users\IDEAPAD\.vscode\extensions\redhat.java-1.47.0-win32-x64\jre\21.0.8-win32-x86_64\bin\verify.dll
0x00007ffdd0850000 - 0x00007ffdd0894000 	C:\Users\IDEAPAD\AppData\Roaming\Code\User\globalStorage\redhat.java\1.47.0\config_win\org.eclipse.equinox.launcher\org.eclipse.equinox.launcher.win32.win32.x86_64_1.2.1400.v20250801-0854\eclipse_11916.dll
0x00007ffe10880000 - 0x00007ffe109ab000 	C:\WINDOWS\System32\ole32.dll
0x00007ffe09530000 - 0x00007ffe0953a000 	C:\Users\IDEAPAD\.vscode\extensions\redhat.java-1.47.0-win32-x64\jre\21.0.8-win32-x86_64\bin\management.dll
0x00007ffe080a0000 - 0x00007ffe080ab000 	C:\Users\IDEAPAD\.vscode\extensions\redhat.java-1.47.0-win32-x64\jre\21.0.8-win32-x86_64\bin\management_ext.dll
0x00007ffe107a0000 - 0x00007ffe107a8000 	C:\WINDOWS\System32\PSAPI.DLL
0x00007ffe0e790000 - 0x00007ffe0e7a8000 	C:\WINDOWS\SYSTEM32\CRYPTSP.dll
0x00007ffe0de70000 - 0x00007ffe0dea8000 	C:\WINDOWS\system32\rsaenh.dll
0x00007ffe0ed80000 - 0x00007ffe0edae000 	C:\WINDOWS\SYSTEM32\USERENV.dll
0x00007ffe0e6c0000 - 0x00007ffe0e6cc000 	C:\WINDOWS\SYSTEM32\CRYPTBASE.dll
0x00007ffe0e230000 - 0x00007ffe0e26b000 	C:\WINDOWS\SYSTEM32\IPHLPAPI.DLL
0x00007ffe117e0000 - 0x00007ffe117e8000 	C:\WINDOWS\System32\NSI.dll
0x00007ffdd2610000 - 0x00007ffdd2659000 	C:\Users\IDEAPAD\AppData\Local\Temp\jna--1919187428\jna10663903220466442912.dll
0x00007ffe09350000 - 0x00007ffe09367000 	C:\WINDOWS\SYSTEM32\dhcpcsvc6.DLL
0x00007ffe092a0000 - 0x00007ffe092bd000 	C:\WINDOWS\SYSTEM32\dhcpcsvc.DLL
0x00007ffe035b0000 - 0x00007ffe035be000 	C:\Users\IDEAPAD\.vscode\extensions\redhat.java-1.47.0-win32-x64\jre\21.0.8-win32-x86_64\bin\sunmscapi.dll
0x00007ffe0f4d0000 - 0x00007ffe0f62d000 	C:\WINDOWS\System32\CRYPT32.dll
0x00007ffe0e970000 - 0x00007ffe0e997000 	C:\WINDOWS\SYSTEM32\ncrypt.dll
0x00007ffe0e930000 - 0x00007ffe0e96b000 	C:\WINDOWS\SYSTEM32\NTASN1.dll
0x00007ffe0e270000 - 0x00007ffe0e33a000 	C:\WINDOWS\SYSTEM32\DNSAPI.dll
0x0000000077260000 - 0x0000000077286000 	C:\Program Files\Bonjour\mdnsNSP.dll
0x00007ffe08990000 - 0x00007ffe0899a000 	C:\Windows\System32\rasadhlp.dll
0x00007ffe07280000 - 0x00007ffe07300000 	C:\WINDOWS\System32\fwpuclnt.dll
0x00007ffe07af0000 - 0x00007ffe07af9000 	C:\Users\IDEAPAD\.vscode\extensions\redhat.java-1.47.0-win32-x64\jre\21.0.8-win32-x86_64\bin\extnet.dll

JVMTI agents:
c:\Users\IDEAPAD\.vscode\extensions\redhat.java-1.47.0-win32-x64\lombok\lombok-1.18.39-4050.jar path:c:\Users\IDEAPAD\.vscode\extensions\redhat.java-1.47.0-win32-x64\jre\21.0.8-win32-x86_64\bin\instrument.dll, loaded, initialized, instrumentlib options:none

dbghelp: loaded successfully - version: 4.0.5 - missing functions: none
symbol engine: initialized successfully - sym options: 0x614 - pdb path: .;c:\Users\IDEAPAD\.vscode\extensions\redhat.java-1.47.0-win32-x64\jre\21.0.8-win32-x86_64\bin;C:\WINDOWS\SYSTEM32;C:\Program Files\Avast Software\Avast;C:\WINDOWS\WinSxS\amd64_microsoft.windows.common-controls_6595b64144ccf1df_6.0.19041.5794_none_60bcd33171f2783c;c:\Users\IDEAPAD\.vscode\extensions\redhat.java-1.47.0-win32-x64\jre\21.0.8-win32-x86_64\bin\server;C:\Users\IDEAPAD\AppData\Roaming\Code\User\globalStorage\redhat.java\1.47.0\config_win\org.eclipse.equinox.launcher\org.eclipse.equinox.launcher.win32.win32.x86_64_1.2.1400.v20250801-0854;C:\Users\IDEAPAD\AppData\Local\Temp\jna--1919187428;C:\Program Files\Bonjour

VM Arguments:
jvm_args: --add-modules=ALL-SYSTEM --add-opens=java.base/java.util=ALL-UNNAMED --add-opens=java.base/java.lang=ALL-UNNAMED --add-opens=java.base/sun.nio.fs=ALL-UNNAMED -Declipse.application=org.eclipse.jdt.ls.core.id1 -Dosgi.bundles.defaultStartLevel=4 -Declipse.product=org.eclipse.jdt.ls.core.product -Djava.import.generatesMetadataFilesAtProjectRoot=false -DDetectVMInstallationsJob.disabled=true -Dfile.encoding=utf8 -XX:+UseParallelGC -XX:GCTimeRatio=4 -XX:AdaptiveSizePolicyWeight=90 -Dsun.zip.disableMemoryMapping=true -Xmx2G -Xms100m -Xlog:disable -javaagent:c:\Users\IDEAPAD\.vscode\extensions\redhat.java-1.47.0-win32-x64\lombok\lombok-1.18.39-4050.jar -XX:+HeapDumpOnOutOfMemoryError -XX:HeapDumpPath=c:\Users\IDEAPAD\AppData\Roaming\Code\User\workspaceStorage\ef8eac353ddc2548c941ff37fcb9f241\redhat.java -Daether.dependencyCollector.impl=bf 
java_command: c:\Users\IDEAPAD\.vscode\extensions\redhat.java-1.47.0-win32-x64\server\plugins\org.eclipse.equinox.launcher_1.7.100.v20251014-1222.jar -configuration c:\Users\IDEAPAD\AppData\Roaming\Code\User\globalStorage\redhat.java\1.47.0\config_win -data c:\Users\IDEAPAD\AppData\Roaming\Code\User\workspaceStorage\ef8eac353ddc2548c941ff37fcb9f241\redhat.java\jdt_ws --pipe=\\.\pipe\lsp-983ec09ca7da9e6cf18baf3c584df932-sock
java_class_path (initial): c:\Users\IDEAPAD\.vscode\extensions\redhat.java-1.47.0-win32-x64\server\plugins\org.eclipse.equinox.launcher_1.7.100.v20251014-1222.jar
Launcher Type: SUN_STANDARD

[Global flags]
    uintx AdaptiveSizePolicyWeight                 = 90                                        {product} {command line}
     intx CICompilerCount                          = 4                                         {product} {ergonomic}
    uintx GCTimeRatio                              = 4                                         {product} {command line}
     bool HeapDumpOnOutOfMemoryError               = true                                   {manageable} {command line}
    ccstr HeapDumpPath                             = c:\Users\IDEAPAD\AppData\Roaming\Code\User\workspaceStorage\ef8eac353ddc2548c941ff37fcb9f241\redhat.java         {manageable} {command line}
   size_t InitialHeapSize                          = 104857600                                 {product} {command line}
   size_t MaxHeapSize                              = 2147483648                                {product} {command line}
   size_t MaxNewSize                               = 715653120                                 {product} {ergonomic}
   size_t MinHeapDeltaBytes                        = 524288                                    {product} {ergonomic}
   size_t MinHeapSize                              = 104857600                                 {product} {command line}
   size_t NewSize                                  = 34603008                                  {product} {ergonomic}
    uintx NonNMethodCodeHeapSize                   = 5839372                                {pd product} {ergonomic}
    uintx NonProfiledCodeHeapSize                  = 122909434                              {pd product} {ergonomic}
   size_t OldSize                                  = 70254592                                  {product} {ergonomic}
    uintx ProfiledCodeHeapSize                     = 122909434                              {pd product} {ergonomic}
    uintx ReservedCodeCacheSize                    = 251658240                              {pd product} {ergonomic}
     bool SegmentedCodeCache                       = true                                      {product} {ergonomic}
   size_t SoftMaxHeapSize                          = 2147483648                             {manageable} {ergonomic}
     bool UseCompressedOops                        = true                           {product lp64_product} {ergonomic}
     bool UseLargePagesIndividualAllocation        = false                                  {pd product} {ergonomic}
     bool UseParallelGC                            = true                                      {product} {command line}

Logging:
Log output configuration:
 #0: stdout all=off uptime,level,tags foldmultilines=false
 #1: stderr all=off uptime,level,tags foldmultilines=false

Environment Variables:
JAVA_HOME=C:\Program Files\Eclipse Adoptium\jdk-17.0.16.8-hotspot
PATH=C:\Program Files\Eclipse Adoptium\jdk-17.0.16.8-hotspot\bin;C:\Python313\Scripts\;C:\Python313\;C:\Program Files (x86)\VMware\VMware Player\bin\;C:\Program Files\Common Files\Oracle\Java\javapath;C:\WINDOWS\system32;C:\WINDOWS;C:\WINDOWS\System32\Wbem;C:\WINDOWS\System32\WindowsPowerShell\v1.0\;C:\WINDOWS\System32\OpenSSH\;C:\Program Files\Microsoft SQL Server\150\Tools\Binn\;C:\Program Files\Microsoft SQL Server\Client SDK\ODBC\170\Tools\Binn\;C:\Program Files (x86)\Microsoft SQL Server\160\Tools\Binn\;C:\Program Files\Microsoft SQL Server\160\Tools\Binn\;C:\Program Files\Microsoft SQL Server\160\DTS\Binn\;C:\Program Files (x86)\Microsoft SQL Server\160\DTS\Binn\;C:\Program Files\dotnet\;C:\ProgramData\chocolatey\bin;C:\Program Files\nodejs\;C:\Program Files\Git\cmd;C:\Program Files\Docker\Docker\resources\bin;C:\Program Files\Eclipse Adoptium\jdk-17.0.16.8-hotspot\bin;C:\Python313\Scripts\;C:\Python313\;C:\Program Files (x86)\VMware\VMware Player\bin\;C:\Program Files\Common Files\Oracle\Java\javapath;C:\WINDOWS\system32;C:\WINDOWS;C:\WINDOWS\System32\Wbem;C:\WINDOWS\System32\WindowsPowerShell\v1.0\;C:\WINDOWS\System32\OpenSSH\;C:\Program Files\Microsoft SQL Server\150\Tools\Binn\;C:\Program Files\Microsoft SQL Server\Client SDK\ODBC\170\Tools\Binn\;C:\Program Files (x86)\Microsoft SQL Server\160\Tools\Binn\;C:\Program Files\Microsoft SQL Server\160\Tools\Binn\;C:\Program Files\Microsoft SQL Server\160\DTS\Binn\;C:\Program Files (x86)\Microsoft SQL Server\160\DTS\Binn\;C:\Program Files\dotnet\;C:\ProgramData\chocolatey\bin;C:\Program Files\nodejs\;C:\Program Files\Docker\Docker\resources\bin;C:\Program Files\Git\cmd;C:\Program Files\Eclipse Adoptium\jdk-17.0.16.8-hotspot\bin;C:\Python313\Scripts\;C:\Python313\;C:\Program Files (x86)\VMware\VMware Player\bin\;C:\Program Files\Common Files\Oracle\Java\javapath;C:\WI;C:\Program Files\OpenSSL-Win64\bin;C:\Users\IDEAPAD\AppData\Local\Programs\Microsoft VS Code\bin
USERNAME=IDEAPAD
OS=Windows_NT
PROCESSOR_IDENTIFIER=Intel64 Family 6 Model 140 Stepping 1, GenuineIntel
TMP=C:\Users\IDEAPAD\AppData\Local\Temp
TEMP=C:\Users\IDEAPAD\AppData\Local\Temp




Periodic native trim disabled

---------------  S Y S T E M  ---------------

OS:
 Windows 10 , 64 bit Build 19041 (10.0.19041.5794)
OS uptime: 4 days 3:48 hours
Hyper-V role detected

CPU: total 8 (initial active 8) (4 cores per cpu, 2 threads per core) family 6 model 140 stepping 1 microcode 0xa6, cx8, cmov, fxsr, ht, mmx, 3dnowpref, sse, sse2, sse3, ssse3, sse4.1, sse4.2, popcnt, lzcnt, tsc, tscinvbit, avx, avx2, aes, erms, clmul, bmi1, bmi2, adx, avx512f, avx512dq, avx512cd, avx512bw, avx512vl, sha, fma, vzeroupper, avx512_vpopcntdq, avx512_vpclmulqdq, avx512_vaes, avx512_vnni, clflush, clflushopt, clwb, avx512_vbmi2, avx512_vbmi, hv, rdtscp, rdpid, fsrm, gfni, avx512_bitalg, f16c, cet_ibt, cet_ss, avx512_ifma
Processor Information for the first 8 processors :
  Max Mhz: 2419, Current Mhz: 2419, Mhz Limit: 2419

Memory: 4k page, system-wide physical 3895M (382M free)
TotalPageFile size 15671M (AvailPageFile size 378M)
current process WorkingSet (physical memory assigned to process): 193M, peak: 383M
current process commit charge ("private bytes"): 620M, peak: 1671M

vm_info: OpenJDK 64-Bit Server VM (21.0.8+9-LTS) for windows-amd64 JRE (21.0.8+9-LTS), built on 2025-07-15T00:00:00Z by "admin" with MS VC++ 17.7 (VS2022)

END.
